[0.047s] Invoking command in '/home/orangepi/ros2_ws/build/drone_description': CMAKE_PREFIX_PATH=${CMAKE_PREFIX_PATH}:/home/orangepi/ros2_ws/install/drone_utilities:/opt/ros/humble /usr/bin/cmake --build /home/orangepi/ros2_ws/build/drone_description -- -j8 -l8
[0.451s] Invoked command in '/home/orangepi/ros2_ws/build/drone_description' returned '0': CMAKE_PREFIX_PATH=${CMAKE_PREFIX_PATH}:/home/orangepi/ros2_ws/install/drone_utilities:/opt/ros/humble /usr/bin/cmake --build /home/orangepi/ros2_ws/build/drone_description -- -j8 -l8
[0.486s] Invoking command in '/home/orangepi/ros2_ws/build/drone_description': CMAKE_PREFIX_PATH=${CMAKE_PREFIX_PATH}:/home/orangepi/ros2_ws/install/drone_utilities:/opt/ros/humble /usr/bin/cmake --install /home/orangepi/ros2_ws/build/drone_description
[0.517s] -- Install configuration: ""
[0.520s] -- Execute custom install script
[0.524s] -- Up-to-date symlink: /home/orangepi/ros2_ws/install/drone_description/share/drone_description/urdf/drone.urdf.xacro
[0.524s] -- Up-to-date symlink: /home/orangepi/ros2_ws/install/drone_description/share/drone_description/urdf/my_d rone.gv
[0.525s] -- Up-to-date symlink: /home/orangepi/ros2_ws/install/drone_description/share/drone_description/urdf/my_drone.gv
[0.525s] -- Up-to-date symlink: /home/orangepi/ros2_ws/install/drone_description/share/drone_description/urdf/my_drone.pdf
[0.525s] -- Up-to-date symlink: /home/orangepi/ros2_ws/install/drone_description/share/drone_description/launch/display.launch.py
[0.525s] -- Up-to-date symlink: /home/orangepi/ros2_ws/install/drone_description/share/drone_description/urdf/drone.urdf.xacro
[0.525s] -- Up-to-date symlink: /home/orangepi/ros2_ws/install/drone_description/share/drone_description/urdf/my_d rone.gv
[0.525s] -- Up-to-date symlink: /home/orangepi/ros2_ws/install/drone_description/share/drone_description/urdf/my_drone.gv
[0.525s] -- Up-to-date symlink: /home/orangepi/ros2_ws/install/drone_description/share/drone_description/urdf/my_drone.pdf
[0.526s] -- Up-to-date symlink: /home/orangepi/ros2_ws/install/drone_description/share/drone_description/rviz/display.rviz
[0.526s] -- Up-to-date symlink: /home/orangepi/ros2_ws/install/drone_description/share/ament_index/resource_index/package_run_dependencies/drone_description
[0.526s] -- Up-to-date symlink: /home/orangepi/ros2_ws/install/drone_description/share/ament_index/resource_index/parent_prefix_path/drone_description
[0.527s] -- Up-to-date symlink: /home/orangepi/ros2_ws/install/drone_description/share/drone_description/environment/ament_prefix_path.sh
[0.527s] -- Up-to-date symlink: /home/orangepi/ros2_ws/install/drone_description/share/drone_description/environment/ament_prefix_path.dsv
[0.528s] -- Up-to-date symlink: /home/orangepi/ros2_ws/install/drone_description/share/drone_description/environment/path.sh
[0.529s] -- Up-to-date symlink: /home/orangepi/ros2_ws/install/drone_description/share/drone_description/environment/path.dsv
[0.529s] -- Up-to-date symlink: /home/orangepi/ros2_ws/install/drone_description/share/drone_description/local_setup.bash
[0.530s] -- Up-to-date symlink: /home/orangepi/ros2_ws/install/drone_description/share/drone_description/local_setup.sh
[0.530s] -- Up-to-date symlink: /home/orangepi/ros2_ws/install/drone_description/share/drone_description/local_setup.zsh
[0.530s] -- Up-to-date symlink: /home/orangepi/ros2_ws/install/drone_description/share/drone_description/local_setup.dsv
[0.531s] -- Symlinking: /home/orangepi/ros2_ws/install/drone_description/share/drone_description/package.dsv
[0.564s] -- Up-to-date symlink: /home/orangepi/ros2_ws/install/drone_description/share/ament_index/resource_index/packages/drone_description
[0.565s] -- Up-to-date symlink: /home/orangepi/ros2_ws/install/drone_description/share/drone_description/cmake/drone_descriptionConfig.cmake
[0.565s] -- Up-to-date symlink: /home/orangepi/ros2_ws/install/drone_description/share/drone_description/cmake/drone_descriptionConfig-version.cmake
[0.566s] -- Up-to-date symlink: /home/orangepi/ros2_ws/install/drone_description/share/drone_description/package.xml
[0.572s] Invoked command in '/home/orangepi/ros2_ws/build/drone_description' returned '0': CMAKE_PREFIX_PATH=${CMAKE_PREFIX_PATH}:/home/orangepi/ros2_ws/install/drone_utilities:/opt/ros/humble /usr/bin/cmake --install /home/orangepi/ros2_ws/build/drone_description
