[0.660s] DEBUG:colcon:Command line arguments: ['/usr/bin/colcon', 'build', '--symlink-install']
[0.660s] DEBUG:colcon:Parsed command line arguments: Namespace(log_base=None, log_level=None, verb_name='build', build_base='build', install_base='install', merge_install=False, symlink_install=True, test_result_base=None, continue_on_error=False, executor='parallel', parallel_workers=8, event_handlers=None, ignore_user_meta=False, metas=['./colcon.meta'], base_paths=['.'], packages_ignore=None, packages_ignore_regex=None, paths=None, packages_up_to=None, packages_up_to_regex=None, packages_above=None, packages_above_and_dependencies=None, packages_above_depth=None, packages_select_by_dep=None, packages_skip_by_dep=None, packages_skip_up_to=None, packages_select_build_failed=False, packages_skip_build_finished=False, packages_select_test_failures=False, packages_skip_test_passed=False, packages_select=None, packages_skip=None, packages_select_regex=None, packages_skip_regex=None, packages_start=None, packages_end=None, cmake_args=None, cmake_target=None, cmake_target_skip_unavailable=False, cmake_clean_cache=False, cmake_clean_first=False, cmake_force_configure=False, ament_cmake_args=None, catkin_cmake_args=None, catkin_skip_building_tests=False, verb_parser=<colcon_defaults.argument_parser.defaults.DefaultArgumentsDecorator object at 0x7f8ab6f190>, verb_extension=<colcon_core.verb.build.BuildVerb object at 0x7f8ab6ec50>, main=<bound method BuildVerb.main of <colcon_core.verb.build.BuildVerb object at 0x7f8ab6ec50>>)
[1.242s] Level 1:colcon.colcon_core.package_discovery:discover_packages(colcon_meta) check parameters
[1.242s] Level 1:colcon.colcon_core.package_discovery:discover_packages(recursive) check parameters
[1.243s] Level 1:colcon.colcon_core.package_discovery:discover_packages(ignore) check parameters
[1.243s] Level 1:colcon.colcon_core.package_discovery:discover_packages(path) check parameters
[1.243s] Level 1:colcon.colcon_core.package_discovery:discover_packages(colcon_meta) discover
[1.243s] Level 1:colcon.colcon_core.package_discovery:discover_packages(recursive) discover
[1.243s] INFO:colcon.colcon_core.package_discovery:Crawling recursively for packages in '/home/orangepi/ros2_ws'
[1.243s] Level 1:colcon.colcon_core.package_identification:_identify(.) by extensions ['ignore', 'ignore_ament_install']
[1.244s] Level 1:colcon.colcon_core.package_identification:_identify(.) by extension 'ignore'
[1.244s] Level 1:colcon.colcon_core.package_identification:_identify(.) by extension 'ignore_ament_install'
[1.244s] Level 1:colcon.colcon_core.package_identification:_identify(.) by extensions ['colcon_pkg']
[1.244s] Level 1:colcon.colcon_core.package_identification:_identify(.) by extension 'colcon_pkg'
[1.244s] Level 1:colcon.colcon_core.package_identification:_identify(.) by extensions ['colcon_meta']
[1.244s] Level 1:colcon.colcon_core.package_identification:_identify(.) by extension 'colcon_meta'
[1.244s] Level 1:colcon.colcon_core.package_identification:_identify(.) by extensions ['ros']
[1.244s] Level 1:colcon.colcon_core.package_identification:_identify(.) by extension 'ros'
[1.270s] Level 1:colcon.colcon_core.package_identification:_identify(.) by extensions ['cmake', 'python']
[1.271s] Level 1:colcon.colcon_core.package_identification:_identify(.) by extension 'cmake'
[1.271s] Level 1:colcon.colcon_core.package_identification:_identify(.) by extension 'python'
[1.271s] Level 1:colcon.colcon_core.package_identification:_identify(.) by extensions ['python_setup_py']
[1.271s] Level 1:colcon.colcon_core.package_identification:_identify(.) by extension 'python_setup_py'
[1.271s] Level 1:colcon.colcon_core.package_identification:_identify(build) by extensions ['ignore', 'ignore_ament_install']
[1.271s] Level 1:colcon.colcon_core.package_identification:_identify(build) by extension 'ignore'
[1.271s] Level 1:colcon.colcon_core.package_identification:_identify(build) ignored
[1.272s] Level 1:colcon.colcon_core.package_identification:_identify(install) by extensions ['ignore', 'ignore_ament_install']
[1.272s] Level 1:colcon.colcon_core.package_identification:_identify(install) by extension 'ignore'
[1.272s] Level 1:colcon.colcon_core.package_identification:_identify(install) ignored
[1.272s] Level 1:colcon.colcon_core.package_identification:_identify(log) by extensions ['ignore', 'ignore_ament_install']
[1.272s] Level 1:colcon.colcon_core.package_identification:_identify(log) by extension 'ignore'
[1.272s] Level 1:colcon.colcon_core.package_identification:_identify(log) ignored
[1.272s] Level 1:colcon.colcon_core.package_identification:_identify(src) by extensions ['ignore', 'ignore_ament_install']
[1.272s] Level 1:colcon.colcon_core.package_identification:_identify(src) by extension 'ignore'
[1.273s] Level 1:colcon.colcon_core.package_identification:_identify(src) by extension 'ignore_ament_install'
[1.273s] Level 1:colcon.colcon_core.package_identification:_identify(src) by extensions ['colcon_pkg']
[1.273s] Level 1:colcon.colcon_core.package_identification:_identify(src) by extension 'colcon_pkg'
[1.273s] Level 1:colcon.colcon_core.package_identification:_identify(src) by extensions ['colcon_meta']
[1.273s] Level 1:colcon.colcon_core.package_identification:_identify(src) by extension 'colcon_meta'
[1.273s] Level 1:colcon.colcon_core.package_identification:_identify(src) by extensions ['ros']
[1.273s] Level 1:colcon.colcon_core.package_identification:_identify(src) by extension 'ros'
[1.273s] Level 1:colcon.colcon_core.package_identification:_identify(src) by extensions ['cmake', 'python']
[1.273s] Level 1:colcon.colcon_core.package_identification:_identify(src) by extension 'cmake'
[1.273s] Level 1:colcon.colcon_core.package_identification:_identify(src) by extension 'python'
[1.273s] Level 1:colcon.colcon_core.package_identification:_identify(src) by extensions ['python_setup_py']
[1.273s] Level 1:colcon.colcon_core.package_identification:_identify(src) by extension 'python_setup_py'
[1.273s] Level 1:colcon.colcon_core.package_identification:_identify(src/drone_bringup) by extensions ['ignore', 'ignore_ament_install']
[1.273s] Level 1:colcon.colcon_core.package_identification:_identify(src/drone_bringup) by extension 'ignore'
[1.273s] Level 1:colcon.colcon_core.package_identification:_identify(src/drone_bringup) by extension 'ignore_ament_install'
[1.273s] Level 1:colcon.colcon_core.package_identification:_identify(src/drone_bringup) by extensions ['colcon_pkg']
[1.273s] Level 1:colcon.colcon_core.package_identification:_identify(src/drone_bringup) by extension 'colcon_pkg'
[1.274s] Level 1:colcon.colcon_core.package_identification:_identify(src/drone_bringup) by extensions ['colcon_meta']
[1.274s] Level 1:colcon.colcon_core.package_identification:_identify(src/drone_bringup) by extension 'colcon_meta'
[1.274s] Level 1:colcon.colcon_core.package_identification:_identify(src/drone_bringup) by extensions ['ros']
[1.274s] Level 1:colcon.colcon_core.package_identification:_identify(src/drone_bringup) by extension 'ros'
[1.279s] DEBUG:colcon.colcon_core.package_identification:Package 'src/drone_bringup' with type 'ros.ament_cmake' and name 'drone_bringup'
[1.279s] Level 1:colcon.colcon_core.package_identification:_identify(src/drone_description) by extensions ['ignore', 'ignore_ament_install']
[1.280s] Level 1:colcon.colcon_core.package_identification:_identify(src/drone_description) by extension 'ignore'
[1.280s] Level 1:colcon.colcon_core.package_identification:_identify(src/drone_description) by extension 'ignore_ament_install'
[1.280s] Level 1:colcon.colcon_core.package_identification:_identify(src/drone_description) by extensions ['colcon_pkg']
[1.280s] Level 1:colcon.colcon_core.package_identification:_identify(src/drone_description) by extension 'colcon_pkg'
[1.280s] Level 1:colcon.colcon_core.package_identification:_identify(src/drone_description) by extensions ['colcon_meta']
[1.280s] Level 1:colcon.colcon_core.package_identification:_identify(src/drone_description) by extension 'colcon_meta'
[1.280s] Level 1:colcon.colcon_core.package_identification:_identify(src/drone_description) by extensions ['ros']
[1.280s] Level 1:colcon.colcon_core.package_identification:_identify(src/drone_description) by extension 'ros'
[1.281s] DEBUG:colcon.colcon_core.package_identification:Package 'src/drone_description' with type 'ros.ament_cmake' and name 'drone_description'
[1.282s] Level 1:colcon.colcon_core.package_identification:_identify(src/realsense-ros) by extensions ['ignore', 'ignore_ament_install']
[1.282s] Level 1:colcon.colcon_core.package_identification:_identify(src/realsense-ros) by extension 'ignore'
[1.282s] Level 1:colcon.colcon_core.package_identification:_identify(src/realsense-ros) by extension 'ignore_ament_install'
[1.282s] Level 1:colcon.colcon_core.package_identification:_identify(src/realsense-ros) by extensions ['colcon_pkg']
[1.282s] Level 1:colcon.colcon_core.package_identification:_identify(src/realsense-ros) by extension 'colcon_pkg'
[1.282s] Level 1:colcon.colcon_core.package_identification:_identify(src/realsense-ros) by extensions ['colcon_meta']
[1.282s] Level 1:colcon.colcon_core.package_identification:_identify(src/realsense-ros) by extension 'colcon_meta'
[1.282s] Level 1:colcon.colcon_core.package_identification:_identify(src/realsense-ros) by extensions ['ros']
[1.282s] Level 1:colcon.colcon_core.package_identification:_identify(src/realsense-ros) by extension 'ros'
[1.282s] Level 1:colcon.colcon_core.package_identification:_identify(src/realsense-ros) by extensions ['cmake', 'python']
[1.282s] Level 1:colcon.colcon_core.package_identification:_identify(src/realsense-ros) by extension 'cmake'
[1.282s] Level 1:colcon.colcon_core.package_identification:_identify(src/realsense-ros) by extension 'python'
[1.282s] Level 1:colcon.colcon_core.package_identification:_identify(src/realsense-ros) by extensions ['python_setup_py']
[1.283s] Level 1:colcon.colcon_core.package_identification:_identify(src/realsense-ros) by extension 'python_setup_py'
[1.283s] Level 1:colcon.colcon_core.package_identification:_identify(src/realsense-ros/realsense2_camera) by extensions ['ignore', 'ignore_ament_install']
[1.283s] Level 1:colcon.colcon_core.package_identification:_identify(src/realsense-ros/realsense2_camera) by extension 'ignore'
[1.283s] Level 1:colcon.colcon_core.package_identification:_identify(src/realsense-ros/realsense2_camera) by extension 'ignore_ament_install'
[1.283s] Level 1:colcon.colcon_core.package_identification:_identify(src/realsense-ros/realsense2_camera) by extensions ['colcon_pkg']
[1.283s] Level 1:colcon.colcon_core.package_identification:_identify(src/realsense-ros/realsense2_camera) by extension 'colcon_pkg'
[1.283s] Level 1:colcon.colcon_core.package_identification:_identify(src/realsense-ros/realsense2_camera) by extensions ['colcon_meta']
[1.283s] Level 1:colcon.colcon_core.package_identification:_identify(src/realsense-ros/realsense2_camera) by extension 'colcon_meta'
[1.283s] Level 1:colcon.colcon_core.package_identification:_identify(src/realsense-ros/realsense2_camera) by extensions ['ros']
[1.283s] Level 1:colcon.colcon_core.package_identification:_identify(src/realsense-ros/realsense2_camera) by extension 'ros'
[1.286s] DEBUG:colcon.colcon_core.package_identification:Package 'src/realsense-ros/realsense2_camera' with type 'ros.ament_cmake' and name 'realsense2_camera'
[1.286s] Level 1:colcon.colcon_core.package_identification:_identify(src/realsense-ros/realsense2_camera_msgs) by extensions ['ignore', 'ignore_ament_install']
[1.286s] Level 1:colcon.colcon_core.package_identification:_identify(src/realsense-ros/realsense2_camera_msgs) by extension 'ignore'
[1.286s] Level 1:colcon.colcon_core.package_identification:_identify(src/realsense-ros/realsense2_camera_msgs) by extension 'ignore_ament_install'
[1.286s] Level 1:colcon.colcon_core.package_identification:_identify(src/realsense-ros/realsense2_camera_msgs) by extensions ['colcon_pkg']
[1.286s] Level 1:colcon.colcon_core.package_identification:_identify(src/realsense-ros/realsense2_camera_msgs) by extension 'colcon_pkg'
[1.287s] Level 1:colcon.colcon_core.package_identification:_identify(src/realsense-ros/realsense2_camera_msgs) by extensions ['colcon_meta']
[1.287s] Level 1:colcon.colcon_core.package_identification:_identify(src/realsense-ros/realsense2_camera_msgs) by extension 'colcon_meta'
[1.287s] Level 1:colcon.colcon_core.package_identification:_identify(src/realsense-ros/realsense2_camera_msgs) by extensions ['ros']
[1.287s] Level 1:colcon.colcon_core.package_identification:_identify(src/realsense-ros/realsense2_camera_msgs) by extension 'ros'
[1.288s] DEBUG:colcon.colcon_core.package_identification:Package 'src/realsense-ros/realsense2_camera_msgs' with type 'ros.ament_cmake' and name 'realsense2_camera_msgs'
[1.289s] Level 1:colcon.colcon_core.package_identification:_identify(src/realsense-ros/realsense2_description) by extensions ['ignore', 'ignore_ament_install']
[1.289s] Level 1:colcon.colcon_core.package_identification:_identify(src/realsense-ros/realsense2_description) by extension 'ignore'
[1.289s] Level 1:colcon.colcon_core.package_identification:_identify(src/realsense-ros/realsense2_description) by extension 'ignore_ament_install'
[1.289s] Level 1:colcon.colcon_core.package_identification:_identify(src/realsense-ros/realsense2_description) by extensions ['colcon_pkg']
[1.289s] Level 1:colcon.colcon_core.package_identification:_identify(src/realsense-ros/realsense2_description) by extension 'colcon_pkg'
[1.289s] Level 1:colcon.colcon_core.package_identification:_identify(src/realsense-ros/realsense2_description) by extensions ['colcon_meta']
[1.289s] Level 1:colcon.colcon_core.package_identification:_identify(src/realsense-ros/realsense2_description) by extension 'colcon_meta'
[1.289s] Level 1:colcon.colcon_core.package_identification:_identify(src/realsense-ros/realsense2_description) by extensions ['ros']
[1.289s] Level 1:colcon.colcon_core.package_identification:_identify(src/realsense-ros/realsense2_description) by extension 'ros'
[1.291s] DEBUG:colcon.colcon_core.package_identification:Package 'src/realsense-ros/realsense2_description' with type 'ros.ament_cmake' and name 'realsense2_description'
[1.291s] Level 1:colcon.colcon_core.package_identification:_identify(src/realsense-ros/scripts) by extensions ['ignore', 'ignore_ament_install']
[1.291s] Level 1:colcon.colcon_core.package_identification:_identify(src/realsense-ros/scripts) by extension 'ignore'
[1.291s] Level 1:colcon.colcon_core.package_identification:_identify(src/realsense-ros/scripts) by extension 'ignore_ament_install'
[1.291s] Level 1:colcon.colcon_core.package_identification:_identify(src/realsense-ros/scripts) by extensions ['colcon_pkg']
[1.291s] Level 1:colcon.colcon_core.package_identification:_identify(src/realsense-ros/scripts) by extension 'colcon_pkg'
[1.291s] Level 1:colcon.colcon_core.package_identification:_identify(src/realsense-ros/scripts) by extensions ['colcon_meta']
[1.291s] Level 1:colcon.colcon_core.package_identification:_identify(src/realsense-ros/scripts) by extension 'colcon_meta'
[1.291s] Level 1:colcon.colcon_core.package_identification:_identify(src/realsense-ros/scripts) by extensions ['ros']
[1.291s] Level 1:colcon.colcon_core.package_identification:_identify(src/realsense-ros/scripts) by extension 'ros'
[1.291s] Level 1:colcon.colcon_core.package_identification:_identify(src/realsense-ros/scripts) by extensions ['cmake', 'python']
[1.292s] Level 1:colcon.colcon_core.package_identification:_identify(src/realsense-ros/scripts) by extension 'cmake'
[1.292s] Level 1:colcon.colcon_core.package_identification:_identify(src/realsense-ros/scripts) by extension 'python'
[1.292s] Level 1:colcon.colcon_core.package_identification:_identify(src/realsense-ros/scripts) by extensions ['python_setup_py']
[1.292s] Level 1:colcon.colcon_core.package_identification:_identify(src/realsense-ros/scripts) by extension 'python_setup_py'
[1.292s] Level 1:colcon.colcon_core.package_discovery:discover_packages(recursive) using defaults
[1.292s] Level 1:colcon.colcon_core.package_discovery:discover_packages(ignore) discover
[1.292s] Level 1:colcon.colcon_core.package_discovery:discover_packages(ignore) using defaults
[1.292s] Level 1:colcon.colcon_core.package_discovery:discover_packages(path) discover
[1.292s] Level 1:colcon.colcon_core.package_discovery:discover_packages(path) using defaults
[1.360s] Level 5:colcon.colcon_core.verb:set package 'drone_description' build argument 'cmake_args' from command line to 'None'
[1.360s] Level 5:colcon.colcon_core.verb:set package 'drone_description' build argument 'cmake_target' from command line to 'None'
[1.360s] Level 5:colcon.colcon_core.verb:set package 'drone_description' build argument 'cmake_target_skip_unavailable' from command line to 'False'
[1.360s] Level 5:colcon.colcon_core.verb:set package 'drone_description' build argument 'cmake_clean_cache' from command line to 'False'
[1.360s] Level 5:colcon.colcon_core.verb:set package 'drone_description' build argument 'cmake_clean_first' from command line to 'False'
[1.360s] Level 5:colcon.colcon_core.verb:set package 'drone_description' build argument 'cmake_force_configure' from command line to 'False'
[1.360s] Level 5:colcon.colcon_core.verb:set package 'drone_description' build argument 'ament_cmake_args' from command line to 'None'
[1.360s] Level 5:colcon.colcon_core.verb:set package 'drone_description' build argument 'catkin_cmake_args' from command line to 'None'
[1.360s] Level 5:colcon.colcon_core.verb:set package 'drone_description' build argument 'catkin_skip_building_tests' from command line to 'False'
[1.360s] DEBUG:colcon.colcon_core.verb:Building package 'drone_description' with the following arguments: {'ament_cmake_args': None, 'build_base': '/home/orangepi/ros2_ws/build/drone_description', 'catkin_cmake_args': None, 'catkin_skip_building_tests': False, 'cmake_args': None, 'cmake_clean_cache': False, 'cmake_clean_first': False, 'cmake_force_configure': False, 'cmake_target': None, 'cmake_target_skip_unavailable': False, 'install_base': '/home/orangepi/ros2_ws/install/drone_description', 'merge_install': False, 'path': '/home/orangepi/ros2_ws/src/drone_description', 'symlink_install': True, 'test_result_base': None}
[1.361s] Level 5:colcon.colcon_core.verb:set package 'realsense2_camera_msgs' build argument 'cmake_args' from command line to 'None'
[1.361s] Level 5:colcon.colcon_core.verb:set package 'realsense2_camera_msgs' build argument 'cmake_target' from command line to 'None'
[1.361s] Level 5:colcon.colcon_core.verb:set package 'realsense2_camera_msgs' build argument 'cmake_target_skip_unavailable' from command line to 'False'
[1.361s] Level 5:colcon.colcon_core.verb:set package 'realsense2_camera_msgs' build argument 'cmake_clean_cache' from command line to 'False'
[1.361s] Level 5:colcon.colcon_core.verb:set package 'realsense2_camera_msgs' build argument 'cmake_clean_first' from command line to 'False'
[1.361s] Level 5:colcon.colcon_core.verb:set package 'realsense2_camera_msgs' build argument 'cmake_force_configure' from command line to 'False'
[1.361s] Level 5:colcon.colcon_core.verb:set package 'realsense2_camera_msgs' build argument 'ament_cmake_args' from command line to 'None'
[1.361s] Level 5:colcon.colcon_core.verb:set package 'realsense2_camera_msgs' build argument 'catkin_cmake_args' from command line to 'None'
[1.361s] Level 5:colcon.colcon_core.verb:set package 'realsense2_camera_msgs' build argument 'catkin_skip_building_tests' from command line to 'False'
[1.361s] DEBUG:colcon.colcon_core.verb:Building package 'realsense2_camera_msgs' with the following arguments: {'ament_cmake_args': None, 'build_base': '/home/orangepi/ros2_ws/build/realsense2_camera_msgs', 'catkin_cmake_args': None, 'catkin_skip_building_tests': False, 'cmake_args': None, 'cmake_clean_cache': False, 'cmake_clean_first': False, 'cmake_force_configure': False, 'cmake_target': None, 'cmake_target_skip_unavailable': False, 'install_base': '/home/orangepi/ros2_ws/install/realsense2_camera_msgs', 'merge_install': False, 'path': '/home/orangepi/ros2_ws/src/realsense-ros/realsense2_camera_msgs', 'symlink_install': True, 'test_result_base': None}
[1.361s] Level 5:colcon.colcon_core.verb:set package 'realsense2_camera' build argument 'cmake_args' from command line to 'None'
[1.361s] Level 5:colcon.colcon_core.verb:set package 'realsense2_camera' build argument 'cmake_target' from command line to 'None'
[1.361s] Level 5:colcon.colcon_core.verb:set package 'realsense2_camera' build argument 'cmake_target_skip_unavailable' from command line to 'False'
[1.362s] Level 5:colcon.colcon_core.verb:set package 'realsense2_camera' build argument 'cmake_clean_cache' from command line to 'False'
[1.362s] Level 5:colcon.colcon_core.verb:set package 'realsense2_camera' build argument 'cmake_clean_first' from command line to 'False'
[1.362s] Level 5:colcon.colcon_core.verb:set package 'realsense2_camera' build argument 'cmake_force_configure' from command line to 'False'
[1.362s] Level 5:colcon.colcon_core.verb:set package 'realsense2_camera' build argument 'ament_cmake_args' from command line to 'None'
[1.362s] Level 5:colcon.colcon_core.verb:set package 'realsense2_camera' build argument 'catkin_cmake_args' from command line to 'None'
[1.362s] Level 5:colcon.colcon_core.verb:set package 'realsense2_camera' build argument 'catkin_skip_building_tests' from command line to 'False'
[1.362s] DEBUG:colcon.colcon_core.verb:Building package 'realsense2_camera' with the following arguments: {'ament_cmake_args': None, 'build_base': '/home/orangepi/ros2_ws/build/realsense2_camera', 'catkin_cmake_args': None, 'catkin_skip_building_tests': False, 'cmake_args': None, 'cmake_clean_cache': False, 'cmake_clean_first': False, 'cmake_force_configure': False, 'cmake_target': None, 'cmake_target_skip_unavailable': False, 'install_base': '/home/orangepi/ros2_ws/install/realsense2_camera', 'merge_install': False, 'path': '/home/orangepi/ros2_ws/src/realsense-ros/realsense2_camera', 'symlink_install': True, 'test_result_base': None}
[1.362s] Level 5:colcon.colcon_core.verb:set package 'realsense2_description' build argument 'cmake_args' from command line to 'None'
[1.362s] Level 5:colcon.colcon_core.verb:set package 'realsense2_description' build argument 'cmake_target' from command line to 'None'
[1.362s] Level 5:colcon.colcon_core.verb:set package 'realsense2_description' build argument 'cmake_target_skip_unavailable' from command line to 'False'
[1.362s] Level 5:colcon.colcon_core.verb:set package 'realsense2_description' build argument 'cmake_clean_cache' from command line to 'False'
[1.362s] Level 5:colcon.colcon_core.verb:set package 'realsense2_description' build argument 'cmake_clean_first' from command line to 'False'
[1.362s] Level 5:colcon.colcon_core.verb:set package 'realsense2_description' build argument 'cmake_force_configure' from command line to 'False'
[1.362s] Level 5:colcon.colcon_core.verb:set package 'realsense2_description' build argument 'ament_cmake_args' from command line to 'None'
[1.362s] Level 5:colcon.colcon_core.verb:set package 'realsense2_description' build argument 'catkin_cmake_args' from command line to 'None'
[1.362s] Level 5:colcon.colcon_core.verb:set package 'realsense2_description' build argument 'catkin_skip_building_tests' from command line to 'False'
[1.362s] DEBUG:colcon.colcon_core.verb:Building package 'realsense2_description' with the following arguments: {'ament_cmake_args': None, 'build_base': '/home/orangepi/ros2_ws/build/realsense2_description', 'catkin_cmake_args': None, 'catkin_skip_building_tests': False, 'cmake_args': None, 'cmake_clean_cache': False, 'cmake_clean_first': False, 'cmake_force_configure': False, 'cmake_target': None, 'cmake_target_skip_unavailable': False, 'install_base': '/home/orangepi/ros2_ws/install/realsense2_description', 'merge_install': False, 'path': '/home/orangepi/ros2_ws/src/realsense-ros/realsense2_description', 'symlink_install': True, 'test_result_base': None}
[1.363s] Level 5:colcon.colcon_core.verb:set package 'drone_bringup' build argument 'cmake_args' from command line to 'None'
[1.363s] Level 5:colcon.colcon_core.verb:set package 'drone_bringup' build argument 'cmake_target' from command line to 'None'
[1.363s] Level 5:colcon.colcon_core.verb:set package 'drone_bringup' build argument 'cmake_target_skip_unavailable' from command line to 'False'
[1.363s] Level 5:colcon.colcon_core.verb:set package 'drone_bringup' build argument 'cmake_clean_cache' from command line to 'False'
[1.363s] Level 5:colcon.colcon_core.verb:set package 'drone_bringup' build argument 'cmake_clean_first' from command line to 'False'
[1.363s] Level 5:colcon.colcon_core.verb:set package 'drone_bringup' build argument 'cmake_force_configure' from command line to 'False'
[1.363s] Level 5:colcon.colcon_core.verb:set package 'drone_bringup' build argument 'ament_cmake_args' from command line to 'None'
[1.363s] Level 5:colcon.colcon_core.verb:set package 'drone_bringup' build argument 'catkin_cmake_args' from command line to 'None'
[1.363s] Level 5:colcon.colcon_core.verb:set package 'drone_bringup' build argument 'catkin_skip_building_tests' from command line to 'False'
[1.363s] DEBUG:colcon.colcon_core.verb:Building package 'drone_bringup' with the following arguments: {'ament_cmake_args': None, 'build_base': '/home/orangepi/ros2_ws/build/drone_bringup', 'catkin_cmake_args': None, 'catkin_skip_building_tests': False, 'cmake_args': None, 'cmake_clean_cache': False, 'cmake_clean_first': False, 'cmake_force_configure': False, 'cmake_target': None, 'cmake_target_skip_unavailable': False, 'install_base': '/home/orangepi/ros2_ws/install/drone_bringup', 'merge_install': False, 'path': '/home/orangepi/ros2_ws/src/drone_bringup', 'symlink_install': True, 'test_result_base': None}
[1.363s] INFO:colcon.colcon_core.executor:Executing jobs using 'parallel' executor
[1.367s] DEBUG:colcon.colcon_parallel_executor.executor.parallel:run_until_complete
[1.369s] INFO:colcon.colcon_ros.task.ament_cmake.build:Building ROS package in '/home/orangepi/ros2_ws/src/realsense-ros/realsense2_camera_msgs' with build type 'ament_cmake'
[1.369s] INFO:colcon.colcon_cmake.task.cmake.build:Building CMake package in '/home/orangepi/ros2_ws/src/realsense-ros/realsense2_camera_msgs'
[1.383s] INFO:colcon.colcon_core.plugin_system:Skipping extension 'colcon_core.shell.bat': Not used on non-Windows systems
[1.384s] INFO:colcon.colcon_core.shell:Skip shell extension 'powershell' for command environment: Not usable outside of PowerShell
[1.384s] DEBUG:colcon.colcon_core.shell:Skip shell extension 'dsv' for command environment
[1.396s] INFO:colcon.colcon_ros.task.ament_cmake.build:Building ROS package in '/home/orangepi/ros2_ws/src/drone_description' with build type 'ament_cmake'
[1.397s] INFO:colcon.colcon_cmake.task.cmake.build:Building CMake package in '/home/orangepi/ros2_ws/src/drone_description'
[1.398s] INFO:colcon.colcon_core.shell:Skip shell extension 'powershell' for command environment: Not usable outside of PowerShell
[1.398s] DEBUG:colcon.colcon_core.shell:Skip shell extension 'dsv' for command environment
[1.419s] DEBUG:colcon.colcon_core.event_handler.log_command:Invoking command in '/home/orangepi/ros2_ws/build/realsense2_camera_msgs': CMAKE_PREFIX_PATH=${CMAKE_PREFIX_PATH}:/opt/ros/humble /usr/bin/cmake --build /home/orangepi/ros2_ws/build/realsense2_camera_msgs -- -j8 -l8
[1.429s] DEBUG:colcon.colcon_core.event_handler.log_command:Invoking command in '/home/orangepi/ros2_ws/build/drone_description': CMAKE_PREFIX_PATH=${CMAKE_PREFIX_PATH}:/opt/ros/humble /usr/bin/cmake --build /home/orangepi/ros2_ws/build/drone_description -- -j8 -l8
[1.676s] DEBUG:colcon.colcon_core.event_handler.log_command:Invoked command in '/home/orangepi/ros2_ws/build/drone_description' returned '0': CMAKE_PREFIX_PATH=${CMAKE_PREFIX_PATH}:/opt/ros/humble /usr/bin/cmake --build /home/orangepi/ros2_ws/build/drone_description -- -j8 -l8
[1.732s] DEBUG:colcon.colcon_core.event_handler.log_command:Invoking command in '/home/orangepi/ros2_ws/build/drone_description': CMAKE_PREFIX_PATH=${CMAKE_PREFIX_PATH}:/opt/ros/humble /usr/bin/cmake --install /home/orangepi/ros2_ws/build/drone_description
[1.762s] Level 1:colcon.colcon_core.environment:create_environment_scripts_only(drone_description)
[1.763s] DEBUG:colcon.colcon_core.event_handler.log_command:Invoked command in '/home/orangepi/ros2_ws/build/drone_description' returned '0': CMAKE_PREFIX_PATH=${CMAKE_PREFIX_PATH}:/opt/ros/humble /usr/bin/cmake --install /home/orangepi/ros2_ws/build/drone_description
[1.776s] Level 1:colcon.colcon_core.environment:checking '/home/orangepi/ros2_ws/install/drone_description' for CMake module files
[1.777s] Level 1:colcon.colcon_core.environment:checking '/home/orangepi/ros2_ws/install/drone_description' for CMake config files
[1.777s] Level 1:colcon.colcon_core.shell:create_environment_hook('drone_description', 'cmake_prefix_path')
[1.777s] INFO:colcon.colcon_core.shell:Creating environment hook '/home/orangepi/ros2_ws/install/drone_description/share/drone_description/hook/cmake_prefix_path.ps1'
[1.801s] INFO:colcon.colcon_core.shell:Creating environment descriptor '/home/orangepi/ros2_ws/install/drone_description/share/drone_description/hook/cmake_prefix_path.dsv'
[1.804s] INFO:colcon.colcon_core.shell:Creating environment hook '/home/orangepi/ros2_ws/install/drone_description/share/drone_description/hook/cmake_prefix_path.sh'
[1.806s] Level 1:colcon.colcon_core.environment:checking '/home/orangepi/ros2_ws/install/drone_description/bin'
[1.807s] Level 1:colcon.colcon_core.environment:checking '/home/orangepi/ros2_ws/install/drone_description/lib/pkgconfig/drone_description.pc'
[1.810s] Level 1:colcon.colcon_core.environment:checking '/home/orangepi/ros2_ws/install/drone_description/lib/python3.10/site-packages'
[1.810s] Level 1:colcon.colcon_core.environment:checking '/home/orangepi/ros2_ws/install/drone_description/bin'
[1.811s] INFO:colcon.colcon_core.shell:Creating package script '/home/orangepi/ros2_ws/install/drone_description/share/drone_description/package.ps1'
[1.813s] INFO:colcon.colcon_core.shell:Creating package descriptor '/home/orangepi/ros2_ws/install/drone_description/share/drone_description/package.dsv'
[1.815s] INFO:colcon.colcon_core.shell:Creating package script '/home/orangepi/ros2_ws/install/drone_description/share/drone_description/package.sh'
[1.817s] INFO:colcon.colcon_core.shell:Creating package script '/home/orangepi/ros2_ws/install/drone_description/share/drone_description/package.bash'
[1.819s] INFO:colcon.colcon_core.shell:Creating package script '/home/orangepi/ros2_ws/install/drone_description/share/drone_description/package.zsh'
[1.821s] Level 1:colcon.colcon_core.environment:create_file_with_runtime_dependencies(/home/orangepi/ros2_ws/install/drone_description/share/colcon-core/packages/drone_description)
[1.823s] Level 1:colcon.colcon_core.environment:create_environment_scripts_only(drone_description)
[1.823s] Level 1:colcon.colcon_core.environment:checking '/home/orangepi/ros2_ws/install/drone_description' for CMake module files
[1.824s] Level 1:colcon.colcon_core.environment:checking '/home/orangepi/ros2_ws/install/drone_description' for CMake config files
[1.824s] Level 1:colcon.colcon_core.shell:create_environment_hook('drone_description', 'cmake_prefix_path')
[1.825s] INFO:colcon.colcon_core.shell:Creating environment hook '/home/orangepi/ros2_ws/install/drone_description/share/drone_description/hook/cmake_prefix_path.ps1'
[1.826s] INFO:colcon.colcon_core.shell:Creating environment descriptor '/home/orangepi/ros2_ws/install/drone_description/share/drone_description/hook/cmake_prefix_path.dsv'
[1.828s] INFO:colcon.colcon_core.shell:Creating environment hook '/home/orangepi/ros2_ws/install/drone_description/share/drone_description/hook/cmake_prefix_path.sh'
[1.830s] Level 1:colcon.colcon_core.environment:checking '/home/orangepi/ros2_ws/install/drone_description/bin'
[1.830s] Level 1:colcon.colcon_core.environment:checking '/home/orangepi/ros2_ws/install/drone_description/lib/pkgconfig/drone_description.pc'
[1.830s] Level 1:colcon.colcon_core.environment:checking '/home/orangepi/ros2_ws/install/drone_description/lib/python3.10/site-packages'
[1.831s] Level 1:colcon.colcon_core.environment:checking '/home/orangepi/ros2_ws/install/drone_description/bin'
[1.831s] INFO:colcon.colcon_core.shell:Creating package script '/home/orangepi/ros2_ws/install/drone_description/share/drone_description/package.ps1'
[1.832s] INFO:colcon.colcon_core.shell:Creating package descriptor '/home/orangepi/ros2_ws/install/drone_description/share/drone_description/package.dsv'
[1.833s] INFO:colcon.colcon_core.shell:Creating package script '/home/orangepi/ros2_ws/install/drone_description/share/drone_description/package.sh'
[1.834s] INFO:colcon.colcon_core.shell:Creating package script '/home/orangepi/ros2_ws/install/drone_description/share/drone_description/package.bash'
[1.835s] INFO:colcon.colcon_core.shell:Creating package script '/home/orangepi/ros2_ws/install/drone_description/share/drone_description/package.zsh'
[1.836s] Level 1:colcon.colcon_core.environment:create_file_with_runtime_dependencies(/home/orangepi/ros2_ws/install/drone_description/share/colcon-core/packages/drone_description)
[2.281s] DEBUG:colcon.colcon_core.event_handler.log_command:Invoked command in '/home/orangepi/ros2_ws/build/realsense2_camera_msgs' returned '0': CMAKE_PREFIX_PATH=${CMAKE_PREFIX_PATH}:/opt/ros/humble /usr/bin/cmake --build /home/orangepi/ros2_ws/build/realsense2_camera_msgs -- -j8 -l8
[2.285s] DEBUG:colcon.colcon_core.event_handler.log_command:Invoking command in '/home/orangepi/ros2_ws/build/realsense2_camera_msgs': CMAKE_PREFIX_PATH=${CMAKE_PREFIX_PATH}:/opt/ros/humble /usr/bin/cmake --install /home/orangepi/ros2_ws/build/realsense2_camera_msgs
[2.528s] Level 1:colcon.colcon_core.environment:create_environment_scripts_only(realsense2_camera_msgs)
[2.530s] Level 1:colcon.colcon_core.environment:checking '/home/orangepi/ros2_ws/install/realsense2_camera_msgs' for CMake module files
[2.534s] DEBUG:colcon.colcon_core.event_handler.log_command:Invoked command in '/home/orangepi/ros2_ws/build/realsense2_camera_msgs' returned '0': CMAKE_PREFIX_PATH=${CMAKE_PREFIX_PATH}:/opt/ros/humble /usr/bin/cmake --install /home/orangepi/ros2_ws/build/realsense2_camera_msgs
[2.537s] Level 1:colcon.colcon_core.environment:checking '/home/orangepi/ros2_ws/install/realsense2_camera_msgs' for CMake config files
[2.544s] Level 1:colcon.colcon_core.shell:create_environment_hook('realsense2_camera_msgs', 'cmake_prefix_path')
[2.546s] INFO:colcon.colcon_core.shell:Creating environment hook '/home/orangepi/ros2_ws/install/realsense2_camera_msgs/share/realsense2_camera_msgs/hook/cmake_prefix_path.ps1'
[2.549s] INFO:colcon.colcon_core.shell:Creating environment descriptor '/home/orangepi/ros2_ws/install/realsense2_camera_msgs/share/realsense2_camera_msgs/hook/cmake_prefix_path.dsv'
[2.552s] INFO:colcon.colcon_core.shell:Creating environment hook '/home/orangepi/ros2_ws/install/realsense2_camera_msgs/share/realsense2_camera_msgs/hook/cmake_prefix_path.sh'
[2.556s] Level 1:colcon.colcon_core.environment:checking '/home/orangepi/ros2_ws/install/realsense2_camera_msgs/lib'
[2.558s] Level 1:colcon.colcon_core.shell:create_environment_hook('realsense2_camera_msgs', 'ld_library_path_lib')
[2.560s] INFO:colcon.colcon_core.shell:Creating environment hook '/home/orangepi/ros2_ws/install/realsense2_camera_msgs/share/realsense2_camera_msgs/hook/ld_library_path_lib.ps1'
[2.564s] INFO:colcon.colcon_core.shell:Creating environment descriptor '/home/orangepi/ros2_ws/install/realsense2_camera_msgs/share/realsense2_camera_msgs/hook/ld_library_path_lib.dsv'
[2.568s] INFO:colcon.colcon_core.shell:Creating environment hook '/home/orangepi/ros2_ws/install/realsense2_camera_msgs/share/realsense2_camera_msgs/hook/ld_library_path_lib.sh'
[2.572s] Level 1:colcon.colcon_core.environment:checking '/home/orangepi/ros2_ws/install/realsense2_camera_msgs/bin'
[2.573s] Level 1:colcon.colcon_core.environment:checking '/home/orangepi/ros2_ws/install/realsense2_camera_msgs/lib/pkgconfig/realsense2_camera_msgs.pc'
[2.575s] Level 1:colcon.colcon_core.environment:checking '/home/orangepi/ros2_ws/install/realsense2_camera_msgs/lib/python3.10/site-packages'
[2.577s] Level 1:colcon.colcon_core.environment:checking '/home/orangepi/ros2_ws/install/realsense2_camera_msgs/bin'
[2.580s] INFO:colcon.colcon_core.shell:Creating package script '/home/orangepi/ros2_ws/install/realsense2_camera_msgs/share/realsense2_camera_msgs/package.ps1'
[2.586s] INFO:colcon.colcon_core.shell:Creating package descriptor '/home/orangepi/ros2_ws/install/realsense2_camera_msgs/share/realsense2_camera_msgs/package.dsv'
[2.590s] INFO:colcon.colcon_core.shell:Creating package script '/home/orangepi/ros2_ws/install/realsense2_camera_msgs/share/realsense2_camera_msgs/package.sh'
[2.593s] INFO:colcon.colcon_core.shell:Creating package script '/home/orangepi/ros2_ws/install/realsense2_camera_msgs/share/realsense2_camera_msgs/package.bash'
[2.596s] INFO:colcon.colcon_core.shell:Creating package script '/home/orangepi/ros2_ws/install/realsense2_camera_msgs/share/realsense2_camera_msgs/package.zsh'
[2.599s] Level 1:colcon.colcon_core.environment:create_file_with_runtime_dependencies(/home/orangepi/ros2_ws/install/realsense2_camera_msgs/share/colcon-core/packages/realsense2_camera_msgs)
[2.603s] Level 1:colcon.colcon_core.environment:create_environment_scripts_only(realsense2_camera_msgs)
[2.606s] Level 1:colcon.colcon_core.environment:checking '/home/orangepi/ros2_ws/install/realsense2_camera_msgs' for CMake module files
[2.607s] Level 1:colcon.colcon_core.environment:checking '/home/orangepi/ros2_ws/install/realsense2_camera_msgs' for CMake config files
[2.609s] Level 1:colcon.colcon_core.shell:create_environment_hook('realsense2_camera_msgs', 'cmake_prefix_path')
[2.609s] INFO:colcon.colcon_core.shell:Creating environment hook '/home/orangepi/ros2_ws/install/realsense2_camera_msgs/share/realsense2_camera_msgs/hook/cmake_prefix_path.ps1'
[2.611s] INFO:colcon.colcon_core.shell:Creating environment descriptor '/home/orangepi/ros2_ws/install/realsense2_camera_msgs/share/realsense2_camera_msgs/hook/cmake_prefix_path.dsv'
[2.614s] INFO:colcon.colcon_core.shell:Creating environment hook '/home/orangepi/ros2_ws/install/realsense2_camera_msgs/share/realsense2_camera_msgs/hook/cmake_prefix_path.sh'
[2.616s] Level 1:colcon.colcon_core.environment:checking '/home/orangepi/ros2_ws/install/realsense2_camera_msgs/lib'
[2.616s] Level 1:colcon.colcon_core.shell:create_environment_hook('realsense2_camera_msgs', 'ld_library_path_lib')
[2.617s] INFO:colcon.colcon_core.shell:Creating environment hook '/home/orangepi/ros2_ws/install/realsense2_camera_msgs/share/realsense2_camera_msgs/hook/ld_library_path_lib.ps1'
[2.618s] INFO:colcon.colcon_core.shell:Creating environment descriptor '/home/orangepi/ros2_ws/install/realsense2_camera_msgs/share/realsense2_camera_msgs/hook/ld_library_path_lib.dsv'
[2.618s] INFO:colcon.colcon_core.shell:Creating environment hook '/home/orangepi/ros2_ws/install/realsense2_camera_msgs/share/realsense2_camera_msgs/hook/ld_library_path_lib.sh'
[2.619s] Level 1:colcon.colcon_core.environment:checking '/home/orangepi/ros2_ws/install/realsense2_camera_msgs/bin'
[2.619s] Level 1:colcon.colcon_core.environment:checking '/home/orangepi/ros2_ws/install/realsense2_camera_msgs/lib/pkgconfig/realsense2_camera_msgs.pc'
[2.620s] Level 1:colcon.colcon_core.environment:checking '/home/orangepi/ros2_ws/install/realsense2_camera_msgs/lib/python3.10/site-packages'
[2.620s] Level 1:colcon.colcon_core.environment:checking '/home/orangepi/ros2_ws/install/realsense2_camera_msgs/bin'
[2.621s] INFO:colcon.colcon_core.shell:Creating package script '/home/orangepi/ros2_ws/install/realsense2_camera_msgs/share/realsense2_camera_msgs/package.ps1'
[2.622s] INFO:colcon.colcon_core.shell:Creating package descriptor '/home/orangepi/ros2_ws/install/realsense2_camera_msgs/share/realsense2_camera_msgs/package.dsv'
[2.623s] INFO:colcon.colcon_core.shell:Creating package script '/home/orangepi/ros2_ws/install/realsense2_camera_msgs/share/realsense2_camera_msgs/package.sh'
[2.623s] INFO:colcon.colcon_core.shell:Creating package script '/home/orangepi/ros2_ws/install/realsense2_camera_msgs/share/realsense2_camera_msgs/package.bash'
[2.624s] INFO:colcon.colcon_core.shell:Creating package script '/home/orangepi/ros2_ws/install/realsense2_camera_msgs/share/realsense2_camera_msgs/package.zsh'
[2.625s] Level 1:colcon.colcon_core.environment:create_file_with_runtime_dependencies(/home/orangepi/ros2_ws/install/realsense2_camera_msgs/share/colcon-core/packages/realsense2_camera_msgs)
[2.625s] INFO:colcon.colcon_ros.task.ament_cmake.build:Building ROS package in '/home/orangepi/ros2_ws/src/realsense-ros/realsense2_camera' with build type 'ament_cmake'
[2.626s] INFO:colcon.colcon_cmake.task.cmake.build:Building CMake package in '/home/orangepi/ros2_ws/src/realsense-ros/realsense2_camera'
[2.626s] INFO:colcon.colcon_core.shell:Skip shell extension 'powershell' for command environment: Not usable outside of PowerShell
[2.626s] DEBUG:colcon.colcon_core.shell:Skip shell extension 'dsv' for command environment
[2.634s] INFO:colcon.colcon_ros.task.ament_cmake.build:Building ROS package in '/home/orangepi/ros2_ws/src/realsense-ros/realsense2_description' with build type 'ament_cmake'
[2.634s] INFO:colcon.colcon_cmake.task.cmake.build:Building CMake package in '/home/orangepi/ros2_ws/src/realsense-ros/realsense2_description'
[2.635s] INFO:colcon.colcon_core.shell:Skip shell extension 'powershell' for command environment: Not usable outside of PowerShell
[2.635s] DEBUG:colcon.colcon_core.shell:Skip shell extension 'dsv' for command environment
[2.678s] DEBUG:colcon.colcon_core.event_handler.log_command:Invoking command in '/home/orangepi/ros2_ws/build/realsense2_camera': CMAKE_PREFIX_PATH=/home/orangepi/ros2_ws/install/realsense2_camera_msgs:/home/orangepi/ros2_ws/install/realsense2_description:/home/orangepi/ros2_ws/install/drone_bringup:/home/orangepi/ros2_ws/install/realsense2_camera:/home/orangepi/ros2_ws/install/drone_description:/opt/ros/humble LD_LIBRARY_PATH=/home/orangepi/ros2_ws/install/realsense2_camera_msgs/lib:/home/orangepi/ros2_ws/install/realsense2_camera/lib:/opt/ros/humble/opt/rviz_ogre_vendor/lib:/opt/ros/humble/lib/aarch64-linux-gnu:/opt/ros/humble/lib /usr/bin/cmake --build /home/orangepi/ros2_ws/build/realsense2_camera -- -j8 -l8
[2.736s] DEBUG:colcon.colcon_core.event_handler.log_command:Invoking command in '/home/orangepi/ros2_ws/build/realsense2_description': CMAKE_PREFIX_PATH=/home/orangepi/ros2_ws/install/realsense2_camera_msgs:/home/orangepi/ros2_ws/install/realsense2_description:/home/orangepi/ros2_ws/install/drone_bringup:/home/orangepi/ros2_ws/install/realsense2_camera:/home/orangepi/ros2_ws/install/drone_description:/opt/ros/humble LD_LIBRARY_PATH=/home/orangepi/ros2_ws/install/realsense2_camera_msgs/lib:/home/orangepi/ros2_ws/install/realsense2_camera/lib:/opt/ros/humble/opt/rviz_ogre_vendor/lib:/opt/ros/humble/lib/aarch64-linux-gnu:/opt/ros/humble/lib /usr/bin/cmake --build /home/orangepi/ros2_ws/build/realsense2_description -- -j8 -l8
[2.801s] DEBUG:colcon.colcon_core.event_handler.log_command:Invoked command in '/home/orangepi/ros2_ws/build/realsense2_description' returned '0': CMAKE_PREFIX_PATH=/home/orangepi/ros2_ws/install/realsense2_camera_msgs:/home/orangepi/ros2_ws/install/realsense2_description:/home/orangepi/ros2_ws/install/drone_bringup:/home/orangepi/ros2_ws/install/realsense2_camera:/home/orangepi/ros2_ws/install/drone_description:/opt/ros/humble LD_LIBRARY_PATH=/home/orangepi/ros2_ws/install/realsense2_camera_msgs/lib:/home/orangepi/ros2_ws/install/realsense2_camera/lib:/opt/ros/humble/opt/rviz_ogre_vendor/lib:/opt/ros/humble/lib/aarch64-linux-gnu:/opt/ros/humble/lib /usr/bin/cmake --build /home/orangepi/ros2_ws/build/realsense2_description -- -j8 -l8
[2.814s] DEBUG:colcon.colcon_core.event_handler.log_command:Invoking command in '/home/orangepi/ros2_ws/build/realsense2_description': CMAKE_PREFIX_PATH=/home/orangepi/ros2_ws/install/realsense2_camera_msgs:/home/orangepi/ros2_ws/install/realsense2_description:/home/orangepi/ros2_ws/install/drone_bringup:/home/orangepi/ros2_ws/install/realsense2_camera:/home/orangepi/ros2_ws/install/drone_description:/opt/ros/humble LD_LIBRARY_PATH=/home/orangepi/ros2_ws/install/realsense2_camera_msgs/lib:/home/orangepi/ros2_ws/install/realsense2_camera/lib:/opt/ros/humble/opt/rviz_ogre_vendor/lib:/opt/ros/humble/lib/aarch64-linux-gnu:/opt/ros/humble/lib /usr/bin/cmake --install /home/orangepi/ros2_ws/build/realsense2_description
[2.907s] Level 1:colcon.colcon_core.environment:create_environment_scripts_only(realsense2_description)
[2.909s] DEBUG:colcon.colcon_core.event_handler.log_command:Invoked command in '/home/orangepi/ros2_ws/build/realsense2_description' returned '0': CMAKE_PREFIX_PATH=/home/orangepi/ros2_ws/install/realsense2_camera_msgs:/home/orangepi/ros2_ws/install/realsense2_description:/home/orangepi/ros2_ws/install/drone_bringup:/home/orangepi/ros2_ws/install/realsense2_camera:/home/orangepi/ros2_ws/install/drone_description:/opt/ros/humble LD_LIBRARY_PATH=/home/orangepi/ros2_ws/install/realsense2_camera_msgs/lib:/home/orangepi/ros2_ws/install/realsense2_camera/lib:/opt/ros/humble/opt/rviz_ogre_vendor/lib:/opt/ros/humble/lib/aarch64-linux-gnu:/opt/ros/humble/lib /usr/bin/cmake --install /home/orangepi/ros2_ws/build/realsense2_description
[2.911s] Level 1:colcon.colcon_core.environment:checking '/home/orangepi/ros2_ws/install/realsense2_description' for CMake module files
[2.914s] Level 1:colcon.colcon_core.environment:checking '/home/orangepi/ros2_ws/install/realsense2_description' for CMake config files
[2.916s] Level 1:colcon.colcon_core.shell:create_environment_hook('realsense2_description', 'cmake_prefix_path')
[2.918s] INFO:colcon.colcon_core.shell:Creating environment hook '/home/orangepi/ros2_ws/install/realsense2_description/share/realsense2_description/hook/cmake_prefix_path.ps1'
[2.923s] INFO:colcon.colcon_core.shell:Creating environment descriptor '/home/orangepi/ros2_ws/install/realsense2_description/share/realsense2_description/hook/cmake_prefix_path.dsv'
[2.927s] INFO:colcon.colcon_core.shell:Creating environment hook '/home/orangepi/ros2_ws/install/realsense2_description/share/realsense2_description/hook/cmake_prefix_path.sh'
[2.931s] Level 1:colcon.colcon_core.environment:checking '/home/orangepi/ros2_ws/install/realsense2_description/bin'
[2.931s] Level 1:colcon.colcon_core.environment:checking '/home/orangepi/ros2_ws/install/realsense2_description/lib/pkgconfig/realsense2_description.pc'
[2.933s] Level 1:colcon.colcon_core.environment:checking '/home/orangepi/ros2_ws/install/realsense2_description/lib/python3.10/site-packages'
[2.947s] Level 1:colcon.colcon_core.environment:checking '/home/orangepi/ros2_ws/install/realsense2_description/bin'
[2.949s] INFO:colcon.colcon_core.shell:Creating package script '/home/orangepi/ros2_ws/install/realsense2_description/share/realsense2_description/package.ps1'
[2.952s] INFO:colcon.colcon_core.shell:Creating package descriptor '/home/orangepi/ros2_ws/install/realsense2_description/share/realsense2_description/package.dsv'
[2.968s] INFO:colcon.colcon_core.shell:Creating package script '/home/orangepi/ros2_ws/install/realsense2_description/share/realsense2_description/package.sh'
[2.970s] INFO:colcon.colcon_core.shell:Creating package script '/home/orangepi/ros2_ws/install/realsense2_description/share/realsense2_description/package.bash'
[2.973s] INFO:colcon.colcon_core.shell:Creating package script '/home/orangepi/ros2_ws/install/realsense2_description/share/realsense2_description/package.zsh'
[2.976s] Level 1:colcon.colcon_core.environment:create_file_with_runtime_dependencies(/home/orangepi/ros2_ws/install/realsense2_description/share/colcon-core/packages/realsense2_description)
[2.991s] Level 1:colcon.colcon_core.environment:create_environment_scripts_only(realsense2_description)
[2.993s] Level 1:colcon.colcon_core.environment:checking '/home/orangepi/ros2_ws/install/realsense2_description' for CMake module files
[2.997s] Level 1:colcon.colcon_core.environment:checking '/home/orangepi/ros2_ws/install/realsense2_description' for CMake config files
[3.000s] Level 1:colcon.colcon_core.shell:create_environment_hook('realsense2_description', 'cmake_prefix_path')
[3.001s] INFO:colcon.colcon_core.shell:Creating environment hook '/home/orangepi/ros2_ws/install/realsense2_description/share/realsense2_description/hook/cmake_prefix_path.ps1'
[3.005s] INFO:colcon.colcon_core.shell:Creating environment descriptor '/home/orangepi/ros2_ws/install/realsense2_description/share/realsense2_description/hook/cmake_prefix_path.dsv'
[3.007s] INFO:colcon.colcon_core.shell:Creating environment hook '/home/orangepi/ros2_ws/install/realsense2_description/share/realsense2_description/hook/cmake_prefix_path.sh'
[3.011s] Level 1:colcon.colcon_core.environment:checking '/home/orangepi/ros2_ws/install/realsense2_description/bin'
[3.011s] Level 1:colcon.colcon_core.environment:checking '/home/orangepi/ros2_ws/install/realsense2_description/lib/pkgconfig/realsense2_description.pc'
[3.012s] Level 1:colcon.colcon_core.environment:checking '/home/orangepi/ros2_ws/install/realsense2_description/lib/python3.10/site-packages'
[3.014s] Level 1:colcon.colcon_core.environment:checking '/home/orangepi/ros2_ws/install/realsense2_description/bin'
[3.015s] INFO:colcon.colcon_core.shell:Creating package script '/home/orangepi/ros2_ws/install/realsense2_description/share/realsense2_description/package.ps1'
[3.018s] INFO:colcon.colcon_core.shell:Creating package descriptor '/home/orangepi/ros2_ws/install/realsense2_description/share/realsense2_description/package.dsv'
[3.024s] INFO:colcon.colcon_core.shell:Creating package script '/home/orangepi/ros2_ws/install/realsense2_description/share/realsense2_description/package.sh'
[3.028s] INFO:colcon.colcon_core.shell:Creating package script '/home/orangepi/ros2_ws/install/realsense2_description/share/realsense2_description/package.bash'
[3.033s] INFO:colcon.colcon_core.shell:Creating package script '/home/orangepi/ros2_ws/install/realsense2_description/share/realsense2_description/package.zsh'
[3.065s] Level 1:colcon.colcon_core.environment:create_file_with_runtime_dependencies(/home/orangepi/ros2_ws/install/realsense2_description/share/colcon-core/packages/realsense2_description)
[3.230s] DEBUG:colcon.colcon_core.event_handler.log_command:Invoked command in '/home/orangepi/ros2_ws/build/realsense2_camera' returned '0': CMAKE_PREFIX_PATH=/home/orangepi/ros2_ws/install/realsense2_camera_msgs:/home/orangepi/ros2_ws/install/realsense2_description:/home/orangepi/ros2_ws/install/drone_bringup:/home/orangepi/ros2_ws/install/realsense2_camera:/home/orangepi/ros2_ws/install/drone_description:/opt/ros/humble LD_LIBRARY_PATH=/home/orangepi/ros2_ws/install/realsense2_camera_msgs/lib:/home/orangepi/ros2_ws/install/realsense2_camera/lib:/opt/ros/humble/opt/rviz_ogre_vendor/lib:/opt/ros/humble/lib/aarch64-linux-gnu:/opt/ros/humble/lib /usr/bin/cmake --build /home/orangepi/ros2_ws/build/realsense2_camera -- -j8 -l8
[3.232s] DEBUG:colcon.colcon_core.event_handler.log_command:Invoking command in '/home/orangepi/ros2_ws/build/realsense2_camera': CMAKE_PREFIX_PATH=/home/orangepi/ros2_ws/install/realsense2_camera_msgs:/home/orangepi/ros2_ws/install/realsense2_description:/home/orangepi/ros2_ws/install/drone_bringup:/home/orangepi/ros2_ws/install/realsense2_camera:/home/orangepi/ros2_ws/install/drone_description:/opt/ros/humble LD_LIBRARY_PATH=/home/orangepi/ros2_ws/install/realsense2_camera_msgs/lib:/home/orangepi/ros2_ws/install/realsense2_camera/lib:/opt/ros/humble/opt/rviz_ogre_vendor/lib:/opt/ros/humble/lib/aarch64-linux-gnu:/opt/ros/humble/lib /usr/bin/cmake --install /home/orangepi/ros2_ws/build/realsense2_camera
[3.310s] Level 1:colcon.colcon_core.environment:create_environment_scripts_only(realsense2_camera)
[3.311s] Level 1:colcon.colcon_core.environment:checking '/home/orangepi/ros2_ws/install/realsense2_camera' for CMake module files
[3.317s] Level 1:colcon.colcon_core.environment:checking '/home/orangepi/ros2_ws/install/realsense2_camera' for CMake config files
[3.319s] DEBUG:colcon.colcon_core.event_handler.log_command:Invoked command in '/home/orangepi/ros2_ws/build/realsense2_camera' returned '0': CMAKE_PREFIX_PATH=/home/orangepi/ros2_ws/install/realsense2_camera_msgs:/home/orangepi/ros2_ws/install/realsense2_description:/home/orangepi/ros2_ws/install/drone_bringup:/home/orangepi/ros2_ws/install/realsense2_camera:/home/orangepi/ros2_ws/install/drone_description:/opt/ros/humble LD_LIBRARY_PATH=/home/orangepi/ros2_ws/install/realsense2_camera_msgs/lib:/home/orangepi/ros2_ws/install/realsense2_camera/lib:/opt/ros/humble/opt/rviz_ogre_vendor/lib:/opt/ros/humble/lib/aarch64-linux-gnu:/opt/ros/humble/lib /usr/bin/cmake --install /home/orangepi/ros2_ws/build/realsense2_camera
[3.322s] Level 1:colcon.colcon_core.shell:create_environment_hook('realsense2_camera', 'cmake_prefix_path')
[3.324s] INFO:colcon.colcon_core.shell:Creating environment hook '/home/orangepi/ros2_ws/install/realsense2_camera/share/realsense2_camera/hook/cmake_prefix_path.ps1'
[3.327s] INFO:colcon.colcon_core.shell:Creating environment descriptor '/home/orangepi/ros2_ws/install/realsense2_camera/share/realsense2_camera/hook/cmake_prefix_path.dsv'
[3.329s] INFO:colcon.colcon_core.shell:Creating environment hook '/home/orangepi/ros2_ws/install/realsense2_camera/share/realsense2_camera/hook/cmake_prefix_path.sh'
[3.333s] Level 1:colcon.colcon_core.environment:checking '/home/orangepi/ros2_ws/install/realsense2_camera/lib'
[3.333s] Level 1:colcon.colcon_core.shell:create_environment_hook('realsense2_camera', 'ld_library_path_lib')
[3.335s] INFO:colcon.colcon_core.shell:Creating environment hook '/home/orangepi/ros2_ws/install/realsense2_camera/share/realsense2_camera/hook/ld_library_path_lib.ps1'
[3.337s] INFO:colcon.colcon_core.shell:Creating environment descriptor '/home/orangepi/ros2_ws/install/realsense2_camera/share/realsense2_camera/hook/ld_library_path_lib.dsv'
[3.339s] INFO:colcon.colcon_core.shell:Creating environment hook '/home/orangepi/ros2_ws/install/realsense2_camera/share/realsense2_camera/hook/ld_library_path_lib.sh'
[3.342s] Level 1:colcon.colcon_core.environment:checking '/home/orangepi/ros2_ws/install/realsense2_camera/bin'
[3.342s] Level 1:colcon.colcon_core.environment:checking '/home/orangepi/ros2_ws/install/realsense2_camera/lib/pkgconfig/realsense2_camera.pc'
[3.344s] Level 1:colcon.colcon_core.environment:checking '/home/orangepi/ros2_ws/install/realsense2_camera/lib/python3.10/site-packages'
[3.345s] Level 1:colcon.colcon_core.environment:checking '/home/orangepi/ros2_ws/install/realsense2_camera/bin'
[3.347s] INFO:colcon.colcon_core.shell:Creating package script '/home/orangepi/ros2_ws/install/realsense2_camera/share/realsense2_camera/package.ps1'
[3.350s] INFO:colcon.colcon_core.shell:Creating package descriptor '/home/orangepi/ros2_ws/install/realsense2_camera/share/realsense2_camera/package.dsv'
[3.352s] INFO:colcon.colcon_core.shell:Creating package script '/home/orangepi/ros2_ws/install/realsense2_camera/share/realsense2_camera/package.sh'
[3.355s] INFO:colcon.colcon_core.shell:Creating package script '/home/orangepi/ros2_ws/install/realsense2_camera/share/realsense2_camera/package.bash'
[3.357s] INFO:colcon.colcon_core.shell:Creating package script '/home/orangepi/ros2_ws/install/realsense2_camera/share/realsense2_camera/package.zsh'
[3.359s] Level 1:colcon.colcon_core.environment:create_file_with_runtime_dependencies(/home/orangepi/ros2_ws/install/realsense2_camera/share/colcon-core/packages/realsense2_camera)
[3.362s] Level 1:colcon.colcon_core.environment:create_environment_scripts_only(realsense2_camera)
[3.364s] Level 1:colcon.colcon_core.environment:checking '/home/orangepi/ros2_ws/install/realsense2_camera' for CMake module files
[3.368s] Level 1:colcon.colcon_core.environment:checking '/home/orangepi/ros2_ws/install/realsense2_camera' for CMake config files
[3.371s] Level 1:colcon.colcon_core.shell:create_environment_hook('realsense2_camera', 'cmake_prefix_path')
[3.372s] INFO:colcon.colcon_core.shell:Creating environment hook '/home/orangepi/ros2_ws/install/realsense2_camera/share/realsense2_camera/hook/cmake_prefix_path.ps1'
[3.375s] INFO:colcon.colcon_core.shell:Creating environment descriptor '/home/orangepi/ros2_ws/install/realsense2_camera/share/realsense2_camera/hook/cmake_prefix_path.dsv'
[3.376s] INFO:colcon.colcon_core.shell:Creating environment hook '/home/orangepi/ros2_ws/install/realsense2_camera/share/realsense2_camera/hook/cmake_prefix_path.sh'
[3.379s] Level 1:colcon.colcon_core.environment:checking '/home/orangepi/ros2_ws/install/realsense2_camera/lib'
[3.380s] Level 1:colcon.colcon_core.shell:create_environment_hook('realsense2_camera', 'ld_library_path_lib')
[3.381s] INFO:colcon.colcon_core.shell:Creating environment hook '/home/orangepi/ros2_ws/install/realsense2_camera/share/realsense2_camera/hook/ld_library_path_lib.ps1'
[3.384s] INFO:colcon.colcon_core.shell:Creating environment descriptor '/home/orangepi/ros2_ws/install/realsense2_camera/share/realsense2_camera/hook/ld_library_path_lib.dsv'
[3.386s] INFO:colcon.colcon_core.shell:Creating environment hook '/home/orangepi/ros2_ws/install/realsense2_camera/share/realsense2_camera/hook/ld_library_path_lib.sh'
[3.389s] Level 1:colcon.colcon_core.environment:checking '/home/orangepi/ros2_ws/install/realsense2_camera/bin'
[3.390s] Level 1:colcon.colcon_core.environment:checking '/home/orangepi/ros2_ws/install/realsense2_camera/lib/pkgconfig/realsense2_camera.pc'
[3.391s] Level 1:colcon.colcon_core.environment:checking '/home/orangepi/ros2_ws/install/realsense2_camera/lib/python3.10/site-packages'
[3.393s] Level 1:colcon.colcon_core.environment:checking '/home/orangepi/ros2_ws/install/realsense2_camera/bin'
[3.395s] INFO:colcon.colcon_core.shell:Creating package script '/home/orangepi/ros2_ws/install/realsense2_camera/share/realsense2_camera/package.ps1'
[3.398s] INFO:colcon.colcon_core.shell:Creating package descriptor '/home/orangepi/ros2_ws/install/realsense2_camera/share/realsense2_camera/package.dsv'
[3.401s] INFO:colcon.colcon_core.shell:Creating package script '/home/orangepi/ros2_ws/install/realsense2_camera/share/realsense2_camera/package.sh'
[3.404s] INFO:colcon.colcon_core.shell:Creating package script '/home/orangepi/ros2_ws/install/realsense2_camera/share/realsense2_camera/package.bash'
[3.408s] INFO:colcon.colcon_core.shell:Creating package script '/home/orangepi/ros2_ws/install/realsense2_camera/share/realsense2_camera/package.zsh'
[3.410s] Level 1:colcon.colcon_core.environment:create_file_with_runtime_dependencies(/home/orangepi/ros2_ws/install/realsense2_camera/share/colcon-core/packages/realsense2_camera)
[3.411s] INFO:colcon.colcon_ros.task.ament_cmake.build:Building ROS package in '/home/orangepi/ros2_ws/src/drone_bringup' with build type 'ament_cmake'
[3.412s] INFO:colcon.colcon_cmake.task.cmake.build:Building CMake package in '/home/orangepi/ros2_ws/src/drone_bringup'
[3.412s] INFO:colcon.colcon_core.shell:Skip shell extension 'powershell' for command environment: Not usable outside of PowerShell
[3.412s] DEBUG:colcon.colcon_core.shell:Skip shell extension 'dsv' for command environment
[3.443s] DEBUG:colcon.colcon_core.event_handler.log_command:Invoking command in '/home/orangepi/ros2_ws/build/drone_bringup': CMAKE_PREFIX_PATH=/home/orangepi/ros2_ws/install/realsense2_camera:/home/orangepi/ros2_ws/install/realsense2_camera_msgs:/home/orangepi/ros2_ws/install/realsense2_description:/home/orangepi/ros2_ws/install/drone_bringup:/home/orangepi/ros2_ws/install/drone_description:/opt/ros/humble /usr/bin/cmake --build /home/orangepi/ros2_ws/build/drone_bringup -- -j8 -l8
[3.583s] DEBUG:colcon.colcon_core.event_handler.log_command:Invoked command in '/home/orangepi/ros2_ws/build/drone_bringup' returned '0': CMAKE_PREFIX_PATH=/home/orangepi/ros2_ws/install/realsense2_camera:/home/orangepi/ros2_ws/install/realsense2_camera_msgs:/home/orangepi/ros2_ws/install/realsense2_description:/home/orangepi/ros2_ws/install/drone_bringup:/home/orangepi/ros2_ws/install/drone_description:/opt/ros/humble /usr/bin/cmake --build /home/orangepi/ros2_ws/build/drone_bringup -- -j8 -l8
[3.586s] DEBUG:colcon.colcon_core.event_handler.log_command:Invoking command in '/home/orangepi/ros2_ws/build/drone_bringup': CMAKE_PREFIX_PATH=/home/orangepi/ros2_ws/install/realsense2_camera:/home/orangepi/ros2_ws/install/realsense2_camera_msgs:/home/orangepi/ros2_ws/install/realsense2_description:/home/orangepi/ros2_ws/install/drone_bringup:/home/orangepi/ros2_ws/install/drone_description:/opt/ros/humble /usr/bin/cmake --install /home/orangepi/ros2_ws/build/drone_bringup
[3.651s] Level 1:colcon.colcon_core.environment:create_environment_scripts_only(drone_bringup)
[3.653s] Level 1:colcon.colcon_core.environment:checking '/home/orangepi/ros2_ws/install/drone_bringup' for CMake module files
[3.656s] DEBUG:colcon.colcon_core.event_handler.log_command:Invoked command in '/home/orangepi/ros2_ws/build/drone_bringup' returned '0': CMAKE_PREFIX_PATH=/home/orangepi/ros2_ws/install/realsense2_camera:/home/orangepi/ros2_ws/install/realsense2_camera_msgs:/home/orangepi/ros2_ws/install/realsense2_description:/home/orangepi/ros2_ws/install/drone_bringup:/home/orangepi/ros2_ws/install/drone_description:/opt/ros/humble /usr/bin/cmake --install /home/orangepi/ros2_ws/build/drone_bringup
[3.658s] Level 1:colcon.colcon_core.environment:checking '/home/orangepi/ros2_ws/install/drone_bringup' for CMake config files
[3.661s] Level 1:colcon.colcon_core.shell:create_environment_hook('drone_bringup', 'cmake_prefix_path')
[3.662s] INFO:colcon.colcon_core.shell:Creating environment hook '/home/orangepi/ros2_ws/install/drone_bringup/share/drone_bringup/hook/cmake_prefix_path.ps1'
[3.665s] INFO:colcon.colcon_core.shell:Creating environment descriptor '/home/orangepi/ros2_ws/install/drone_bringup/share/drone_bringup/hook/cmake_prefix_path.dsv'
[3.668s] INFO:colcon.colcon_core.shell:Creating environment hook '/home/orangepi/ros2_ws/install/drone_bringup/share/drone_bringup/hook/cmake_prefix_path.sh'
[3.673s] Level 1:colcon.colcon_core.environment:checking '/home/orangepi/ros2_ws/install/drone_bringup/bin'
[3.673s] Level 1:colcon.colcon_core.environment:checking '/home/orangepi/ros2_ws/install/drone_bringup/lib/pkgconfig/drone_bringup.pc'
[3.675s] Level 1:colcon.colcon_core.environment:checking '/home/orangepi/ros2_ws/install/drone_bringup/lib/python3.10/site-packages'
[3.677s] Level 1:colcon.colcon_core.environment:checking '/home/orangepi/ros2_ws/install/drone_bringup/bin'
[3.678s] INFO:colcon.colcon_core.shell:Creating package script '/home/orangepi/ros2_ws/install/drone_bringup/share/drone_bringup/package.ps1'
[3.682s] INFO:colcon.colcon_core.shell:Creating package descriptor '/home/orangepi/ros2_ws/install/drone_bringup/share/drone_bringup/package.dsv'
[3.685s] INFO:colcon.colcon_core.shell:Creating package script '/home/orangepi/ros2_ws/install/drone_bringup/share/drone_bringup/package.sh'
[3.688s] INFO:colcon.colcon_core.shell:Creating package script '/home/orangepi/ros2_ws/install/drone_bringup/share/drone_bringup/package.bash'
[3.691s] INFO:colcon.colcon_core.shell:Creating package script '/home/orangepi/ros2_ws/install/drone_bringup/share/drone_bringup/package.zsh'
[3.692s] Level 1:colcon.colcon_core.environment:create_file_with_runtime_dependencies(/home/orangepi/ros2_ws/install/drone_bringup/share/colcon-core/packages/drone_bringup)
[3.694s] Level 1:colcon.colcon_core.environment:create_environment_scripts_only(drone_bringup)
[3.695s] Level 1:colcon.colcon_core.environment:checking '/home/orangepi/ros2_ws/install/drone_bringup' for CMake module files
[3.696s] Level 1:colcon.colcon_core.environment:checking '/home/orangepi/ros2_ws/install/drone_bringup' for CMake config files
[3.697s] Level 1:colcon.colcon_core.shell:create_environment_hook('drone_bringup', 'cmake_prefix_path')
[3.698s] INFO:colcon.colcon_core.shell:Creating environment hook '/home/orangepi/ros2_ws/install/drone_bringup/share/drone_bringup/hook/cmake_prefix_path.ps1'
[3.699s] INFO:colcon.colcon_core.shell:Creating environment descriptor '/home/orangepi/ros2_ws/install/drone_bringup/share/drone_bringup/hook/cmake_prefix_path.dsv'
[3.701s] INFO:colcon.colcon_core.shell:Creating environment hook '/home/orangepi/ros2_ws/install/drone_bringup/share/drone_bringup/hook/cmake_prefix_path.sh'
[3.703s] Level 1:colcon.colcon_core.environment:checking '/home/orangepi/ros2_ws/install/drone_bringup/bin'
[3.703s] Level 1:colcon.colcon_core.environment:checking '/home/orangepi/ros2_ws/install/drone_bringup/lib/pkgconfig/drone_bringup.pc'
[3.703s] Level 1:colcon.colcon_core.environment:checking '/home/orangepi/ros2_ws/install/drone_bringup/lib/python3.10/site-packages'
[3.704s] Level 1:colcon.colcon_core.environment:checking '/home/orangepi/ros2_ws/install/drone_bringup/bin'
[3.704s] INFO:colcon.colcon_core.shell:Creating package script '/home/orangepi/ros2_ws/install/drone_bringup/share/drone_bringup/package.ps1'
[3.705s] INFO:colcon.colcon_core.shell:Creating package descriptor '/home/orangepi/ros2_ws/install/drone_bringup/share/drone_bringup/package.dsv'
[3.706s] INFO:colcon.colcon_core.shell:Creating package script '/home/orangepi/ros2_ws/install/drone_bringup/share/drone_bringup/package.sh'
[3.707s] INFO:colcon.colcon_core.shell:Creating package script '/home/orangepi/ros2_ws/install/drone_bringup/share/drone_bringup/package.bash'
[3.708s] INFO:colcon.colcon_core.shell:Creating package script '/home/orangepi/ros2_ws/install/drone_bringup/share/drone_bringup/package.zsh'
[3.711s] Level 1:colcon.colcon_core.environment:create_file_with_runtime_dependencies(/home/orangepi/ros2_ws/install/drone_bringup/share/colcon-core/packages/drone_bringup)
[3.716s] DEBUG:colcon.colcon_parallel_executor.executor.parallel:closing loop
[3.717s] DEBUG:colcon.colcon_parallel_executor.executor.parallel:loop closed
[3.717s] DEBUG:colcon.colcon_parallel_executor.executor.parallel:run_until_complete finished with '0'
[3.717s] DEBUG:colcon.colcon_core.event_reactor:joining thread
[3.733s] INFO:colcon.colcon_core.plugin_system:Skipping extension 'colcon_notification.desktop_notification.terminal_notifier': Not used on non-Darwin systems
[3.733s] INFO:colcon.colcon_core.plugin_system:Skipping extension 'colcon_notification.desktop_notification.win32': Not used on non-Windows systems
[3.733s] INFO:colcon.colcon_notification.desktop_notification:Sending desktop notification using 'notify2'
[3.784s] DEBUG:colcon.colcon_core.event_reactor:joined thread
[3.786s] INFO:colcon.colcon_core.shell:Creating prefix script '/home/orangepi/ros2_ws/install/local_setup.ps1'
[3.793s] INFO:colcon.colcon_core.shell:Creating prefix util module '/home/orangepi/ros2_ws/install/_local_setup_util_ps1.py'
[3.802s] INFO:colcon.colcon_core.shell:Creating prefix chain script '/home/orangepi/ros2_ws/install/setup.ps1'
[3.809s] INFO:colcon.colcon_core.shell:Creating prefix script '/home/orangepi/ros2_ws/install/local_setup.sh'
[3.814s] INFO:colcon.colcon_core.shell:Creating prefix util module '/home/orangepi/ros2_ws/install/_local_setup_util_sh.py'
[3.818s] INFO:colcon.colcon_core.shell:Creating prefix chain script '/home/orangepi/ros2_ws/install/setup.sh'
[3.827s] INFO:colcon.colcon_core.shell:Creating prefix script '/home/orangepi/ros2_ws/install/local_setup.bash'
[3.831s] INFO:colcon.colcon_core.shell:Creating prefix chain script '/home/orangepi/ros2_ws/install/setup.bash'
[3.841s] INFO:colcon.colcon_core.shell:Creating prefix script '/home/orangepi/ros2_ws/install/local_setup.zsh'
[3.844s] INFO:colcon.colcon_core.shell:Creating prefix chain script '/home/orangepi/ros2_ws/install/setup.zsh'
