[0.025s] Invoking command in '/home/orangepi/ros2_ws/build/realsense2_description': CMAKE_PREFIX_PATH=/home/orangepi/ros2_ws/install/realsense2_camera_msgs:/home/orangepi/ros2_ws/install/realsense2_description:/home/orangepi/ros2_ws/install/drone_bringup:/home/orangepi/ros2_ws/install/realsense2_camera:/home/orangepi/ros2_ws/install/drone_description:/opt/ros/humble LD_LIBRARY_PATH=/home/orangepi/ros2_ws/install/realsense2_camera_msgs/lib:/home/orangepi/ros2_ws/install/realsense2_camera/lib:/opt/ros/humble/opt/rviz_ogre_vendor/lib:/opt/ros/humble/lib/aarch64-linux-gnu:/opt/ros/humble/lib /usr/bin/cmake /home/orangepi/ros2_ws/src/realsense-ros/realsense2_description -DAMENT_CMAKE_SYMLINK_INSTALL=1 -DCMAKE_INSTALL_PREFIX=/home/orangepi/ros2_ws/install/realsense2_description
[0.221s] -- The C compiler identification is GNU 11.4.0
[0.396s] -- The CXX compiler identification is GNU 11.4.0
[0.421s] -- Detecting C compiler ABI info
[0.689s] -- Detecting C compiler ABI info - done
[0.711s] -- Check for working C compiler: /usr/bin/cc - skipped
[0.711s] -- Detecting C compile features
[0.712s] -- Detecting C compile features - done
[0.715s] -- Detecting CXX compiler ABI info
[0.975s] -- Detecting CXX compiler ABI info - done
[0.989s] -- Check for working CXX compiler: /usr/bin/c++ - skipped
[0.994s] -- Detecting CXX compile features
[0.996s] -- Detecting CXX compile features - done
[1.012s] -- Found ament_cmake: 1.3.11 (/opt/ros/humble/share/ament_cmake/cmake)
[1.399s] -- Found Python3: /usr/bin/python3 (found version "3.10.12") found components: Interpreter 
[1.540s] -- Override CMake install command with custom implementation using symlinks instead of copying resources
[1.752s] -- Configuring done
[1.755s] -- Generating done
[1.757s] -- Build files have been written to: /home/orangepi/ros2_ws/build/realsense2_description
[1.771s] Invoked command in '/home/orangepi/ros2_ws/build/realsense2_description' returned '0': CMAKE_PREFIX_PATH=/home/orangepi/ros2_ws/install/realsense2_camera_msgs:/home/orangepi/ros2_ws/install/realsense2_description:/home/orangepi/ros2_ws/install/drone_bringup:/home/orangepi/ros2_ws/install/realsense2_camera:/home/orangepi/ros2_ws/install/drone_description:/opt/ros/humble LD_LIBRARY_PATH=/home/orangepi/ros2_ws/install/realsense2_camera_msgs/lib:/home/orangepi/ros2_ws/install/realsense2_camera/lib:/opt/ros/humble/opt/rviz_ogre_vendor/lib:/opt/ros/humble/lib/aarch64-linux-gnu:/opt/ros/humble/lib /usr/bin/cmake /home/orangepi/ros2_ws/src/realsense-ros/realsense2_description -DAMENT_CMAKE_SYMLINK_INSTALL=1 -DCMAKE_INSTALL_PREFIX=/home/orangepi/ros2_ws/install/realsense2_description
[1.772s] Invoking command in '/home/orangepi/ros2_ws/build/realsense2_description': CMAKE_PREFIX_PATH=/home/orangepi/ros2_ws/install/realsense2_camera_msgs:/home/orangepi/ros2_ws/install/realsense2_description:/home/orangepi/ros2_ws/install/drone_bringup:/home/orangepi/ros2_ws/install/realsense2_camera:/home/orangepi/ros2_ws/install/drone_description:/opt/ros/humble LD_LIBRARY_PATH=/home/orangepi/ros2_ws/install/realsense2_camera_msgs/lib:/home/orangepi/ros2_ws/install/realsense2_camera/lib:/opt/ros/humble/opt/rviz_ogre_vendor/lib:/opt/ros/humble/lib/aarch64-linux-gnu:/opt/ros/humble/lib /usr/bin/cmake --build /home/orangepi/ros2_ws/build/realsense2_description -- -j8 -l8
[1.903s] Invoked command in '/home/orangepi/ros2_ws/build/realsense2_description' returned '0': CMAKE_PREFIX_PATH=/home/orangepi/ros2_ws/install/realsense2_camera_msgs:/home/orangepi/ros2_ws/install/realsense2_description:/home/orangepi/ros2_ws/install/drone_bringup:/home/orangepi/ros2_ws/install/realsense2_camera:/home/orangepi/ros2_ws/install/drone_description:/opt/ros/humble LD_LIBRARY_PATH=/home/orangepi/ros2_ws/install/realsense2_camera_msgs/lib:/home/orangepi/ros2_ws/install/realsense2_camera/lib:/opt/ros/humble/opt/rviz_ogre_vendor/lib:/opt/ros/humble/lib/aarch64-linux-gnu:/opt/ros/humble/lib /usr/bin/cmake --build /home/orangepi/ros2_ws/build/realsense2_description -- -j8 -l8
[1.906s] Invoking command in '/home/orangepi/ros2_ws/build/realsense2_description': CMAKE_PREFIX_PATH=/home/orangepi/ros2_ws/install/realsense2_camera_msgs:/home/orangepi/ros2_ws/install/realsense2_description:/home/orangepi/ros2_ws/install/drone_bringup:/home/orangepi/ros2_ws/install/realsense2_camera:/home/orangepi/ros2_ws/install/drone_description:/opt/ros/humble LD_LIBRARY_PATH=/home/orangepi/ros2_ws/install/realsense2_camera_msgs/lib:/home/orangepi/ros2_ws/install/realsense2_camera/lib:/opt/ros/humble/opt/rviz_ogre_vendor/lib:/opt/ros/humble/lib/aarch64-linux-gnu:/opt/ros/humble/lib /usr/bin/cmake --install /home/orangepi/ros2_ws/build/realsense2_description
[1.935s] -- Install configuration: ""
[1.936s] -- Execute custom install script
[1.938s] -- Symlinking: /home/orangepi/ros2_ws/install/realsense2_description/share/realsense2_description/launch/launch_utils.py
[1.970s] -- Symlinking: /home/orangepi/ros2_ws/install/realsense2_description/share/realsense2_description/launch/view_model.launch.py
[2.000s] -- Symlinking: /home/orangepi/ros2_ws/install/realsense2_description/share/realsense2_description/meshes/d415.stl
[2.029s] -- Symlinking: /home/orangepi/ros2_ws/install/realsense2_description/share/realsense2_description/meshes/d435.dae
[2.056s] -- Symlinking: /home/orangepi/ros2_ws/install/realsense2_description/share/realsense2_description/meshes/d455.stl
[2.093s] -- Symlinking: /home/orangepi/ros2_ws/install/realsense2_description/share/realsense2_description/meshes/l515.dae
[2.116s] -- Symlinking: /home/orangepi/ros2_ws/install/realsense2_description/share/realsense2_description/meshes/plug.stl
[2.152s] -- Symlinking: /home/orangepi/ros2_ws/install/realsense2_description/share/realsense2_description/meshes/plug_collision.stl
[2.190s] -- Symlinking: /home/orangepi/ros2_ws/install/realsense2_description/share/realsense2_description/rviz/urdf.rviz
[2.226s] -- Symlinking: /home/orangepi/ros2_ws/install/realsense2_description/share/realsense2_description/urdf/_d415.urdf.xacro
[2.256s] -- Symlinking: /home/orangepi/ros2_ws/install/realsense2_description/share/realsense2_description/urdf/_d435.urdf.xacro
[2.290s] -- Symlinking: /home/orangepi/ros2_ws/install/realsense2_description/share/realsense2_description/urdf/_d435i.urdf.xacro
[2.321s] -- Symlinking: /home/orangepi/ros2_ws/install/realsense2_description/share/realsense2_description/urdf/_d435i_imu_modules.urdf.xacro
[2.350s] -- Symlinking: /home/orangepi/ros2_ws/install/realsense2_description/share/realsense2_description/urdf/_d455.urdf.xacro
[2.384s] -- Symlinking: /home/orangepi/ros2_ws/install/realsense2_description/share/realsense2_description/urdf/_l515.urdf.xacro
[2.414s] -- Symlinking: /home/orangepi/ros2_ws/install/realsense2_description/share/realsense2_description/urdf/_materials.urdf.xacro
[2.449s] -- Symlinking: /home/orangepi/ros2_ws/install/realsense2_description/share/realsense2_description/urdf/_r410.urdf.xacro
[2.479s] -- Symlinking: /home/orangepi/ros2_ws/install/realsense2_description/share/realsense2_description/urdf/_r430.urdf.xacro
[2.515s] -- Symlinking: /home/orangepi/ros2_ws/install/realsense2_description/share/realsense2_description/urdf/_usb_plug.urdf.xacro
[2.551s] -- Symlinking: /home/orangepi/ros2_ws/install/realsense2_description/share/realsense2_description/urdf/test_d415_camera.urdf.xacro
[2.587s] -- Symlinking: /home/orangepi/ros2_ws/install/realsense2_description/share/realsense2_description/urdf/test_d435_camera.urdf.xacro
[2.619s] -- Symlinking: /home/orangepi/ros2_ws/install/realsense2_description/share/realsense2_description/urdf/test_d435_multiple_cameras.urdf.xacro
[2.652s] -- Symlinking: /home/orangepi/ros2_ws/install/realsense2_description/share/realsense2_description/urdf/test_d435i_camera.urdf.xacro
[2.687s] -- Symlinking: /home/orangepi/ros2_ws/install/realsense2_description/share/realsense2_description/urdf/test_d455_camera.urdf.xacro
[2.727s] -- Symlinking: /home/orangepi/ros2_ws/install/realsense2_description/share/realsense2_description/urdf/test_l515_camera.urdf.xacro
[2.758s] -- Symlinking: /home/orangepi/ros2_ws/install/realsense2_description/share/realsense2_description/urdf/test_r410_camera.urdf.xacro
[2.783s] -- Symlinking: /home/orangepi/ros2_ws/install/realsense2_description/share/realsense2_description/urdf/test_r430_camera.urdf.xacro
[2.799s] -- Symlinking: /home/orangepi/ros2_ws/install/realsense2_description/share/ament_index/resource_index/package_run_dependencies/realsense2_description
[2.843s] -- Symlinking: /home/orangepi/ros2_ws/install/realsense2_description/share/ament_index/resource_index/parent_prefix_path/realsense2_description
[2.880s] -- Symlinking: /home/orangepi/ros2_ws/install/realsense2_description/share/realsense2_description/environment/ament_prefix_path.sh
[2.907s] -- Symlinking: /home/orangepi/ros2_ws/install/realsense2_description/share/realsense2_description/environment/ament_prefix_path.dsv
[2.936s] -- Symlinking: /home/orangepi/ros2_ws/install/realsense2_description/share/realsense2_description/environment/path.sh
[2.968s] -- Symlinking: /home/orangepi/ros2_ws/install/realsense2_description/share/realsense2_description/environment/path.dsv
[3.006s] -- Symlinking: /home/orangepi/ros2_ws/install/realsense2_description/share/realsense2_description/local_setup.bash
[3.042s] -- Symlinking: /home/orangepi/ros2_ws/install/realsense2_description/share/realsense2_description/local_setup.sh
[3.080s] -- Symlinking: /home/orangepi/ros2_ws/install/realsense2_description/share/realsense2_description/local_setup.zsh
[3.118s] -- Symlinking: /home/orangepi/ros2_ws/install/realsense2_description/share/realsense2_description/local_setup.dsv
[3.152s] -- Symlinking: /home/orangepi/ros2_ws/install/realsense2_description/share/realsense2_description/package.dsv
[3.187s] -- Symlinking: /home/orangepi/ros2_ws/install/realsense2_description/share/ament_index/resource_index/packages/realsense2_description
[3.232s] -- Symlinking: /home/orangepi/ros2_ws/install/realsense2_description/share/realsense2_description/cmake/realsense2_descriptionConfig.cmake
[3.260s] -- Symlinking: /home/orangepi/ros2_ws/install/realsense2_description/share/realsense2_description/cmake/realsense2_descriptionConfig-version.cmake
[3.291s] -- Symlinking: /home/orangepi/ros2_ws/install/realsense2_description/share/realsense2_description/package.xml
[3.335s] Invoked command in '/home/orangepi/ros2_ws/build/realsense2_description' returned '0': CMAKE_PREFIX_PATH=/home/orangepi/ros2_ws/install/realsense2_camera_msgs:/home/orangepi/ros2_ws/install/realsense2_description:/home/orangepi/ros2_ws/install/drone_bringup:/home/orangepi/ros2_ws/install/realsense2_camera:/home/orangepi/ros2_ws/install/drone_description:/opt/ros/humble LD_LIBRARY_PATH=/home/orangepi/ros2_ws/install/realsense2_camera_msgs/lib:/home/orangepi/ros2_ws/install/realsense2_camera/lib:/opt/ros/humble/opt/rviz_ogre_vendor/lib:/opt/ros/humble/lib/aarch64-linux-gnu:/opt/ros/humble/lib /usr/bin/cmake --install /home/orangepi/ros2_ws/build/realsense2_description
