[0.067s] Invoking command in '/home/orangepi/ros2_ws/build/drone_bringup': CMAKE_PREFIX_PATH=/home/orangepi/ros2_ws/install/realsense2_camera:/home/orangepi/ros2_ws/install/realsense2_camera_msgs:/home/orangepi/mavros_ws/install/mavros_extras:/home/orangepi/mavros_ws/install/mavros:/home/orangepi/mavros_ws/install/mavros_msgs:/home/orangepi/mavros_ws/install/libmavconn:/home/orangepi/ros2_ws/install/realsense2_description:/home/orangepi/ros2_ws/install/drone_bringup:/home/orangepi/ros2_ws/install/drone_description:/opt/ros/humble LD_LIBRARY_PATH=/home/orangepi/ros2_ws/install/realsense2_camera/lib:/home/orangepi/ros2_ws/install/realsense2_camera_msgs/lib:/home/orangepi/mavros_ws/install/mavros_extras/lib:/home/orangepi/mavros_ws/install/mavros/lib:/home/orangepi/mavros_ws/install/mavros_msgs/lib:/home/orangepi/mavros_ws/install/libmavconn/lib:/opt/ros/humble/opt/rviz_ogre_vendor/lib:/opt/ros/humble/lib/aarch64-linux-gnu:/opt/ros/humble/lib /usr/bin/cmake --build /home/orangepi/ros2_ws/build/drone_bringup -- -j8 -l8
[0.205s] Invoked command in '/home/orangepi/ros2_ws/build/drone_bringup' returned '0': CMAKE_PREFIX_PATH=/home/orangepi/ros2_ws/install/realsense2_camera:/home/orangepi/ros2_ws/install/realsense2_camera_msgs:/home/orangepi/mavros_ws/install/mavros_extras:/home/orangepi/mavros_ws/install/mavros:/home/orangepi/mavros_ws/install/mavros_msgs:/home/orangepi/mavros_ws/install/libmavconn:/home/orangepi/ros2_ws/install/realsense2_description:/home/orangepi/ros2_ws/install/drone_bringup:/home/orangepi/ros2_ws/install/drone_description:/opt/ros/humble LD_LIBRARY_PATH=/home/orangepi/ros2_ws/install/realsense2_camera/lib:/home/orangepi/ros2_ws/install/realsense2_camera_msgs/lib:/home/orangepi/mavros_ws/install/mavros_extras/lib:/home/orangepi/mavros_ws/install/mavros/lib:/home/orangepi/mavros_ws/install/mavros_msgs/lib:/home/orangepi/mavros_ws/install/libmavconn/lib:/opt/ros/humble/opt/rviz_ogre_vendor/lib:/opt/ros/humble/lib/aarch64-linux-gnu:/opt/ros/humble/lib /usr/bin/cmake --build /home/orangepi/ros2_ws/build/drone_bringup -- -j8 -l8
[0.214s] Invoking command in '/home/orangepi/ros2_ws/build/drone_bringup': CMAKE_PREFIX_PATH=/home/orangepi/ros2_ws/install/realsense2_camera:/home/orangepi/ros2_ws/install/realsense2_camera_msgs:/home/orangepi/mavros_ws/install/mavros_extras:/home/orangepi/mavros_ws/install/mavros:/home/orangepi/mavros_ws/install/mavros_msgs:/home/orangepi/mavros_ws/install/libmavconn:/home/orangepi/ros2_ws/install/realsense2_description:/home/orangepi/ros2_ws/install/drone_bringup:/home/orangepi/ros2_ws/install/drone_description:/opt/ros/humble LD_LIBRARY_PATH=/home/orangepi/ros2_ws/install/realsense2_camera/lib:/home/orangepi/ros2_ws/install/realsense2_camera_msgs/lib:/home/orangepi/mavros_ws/install/mavros_extras/lib:/home/orangepi/mavros_ws/install/mavros/lib:/home/orangepi/mavros_ws/install/mavros_msgs/lib:/home/orangepi/mavros_ws/install/libmavconn/lib:/opt/ros/humble/opt/rviz_ogre_vendor/lib:/opt/ros/humble/lib/aarch64-linux-gnu:/opt/ros/humble/lib /usr/bin/cmake --install /home/orangepi/ros2_ws/build/drone_bringup
[0.223s] -- Install configuration: ""
[0.223s] -- Execute custom install script
[0.224s] -- Up-to-date symlink: /home/orangepi/ros2_ws/install/drone_bringup/share/drone_bringup/launch/cameras.launch.py
[0.225s] -- Symlinking: /home/orangepi/ros2_ws/install/drone_bringup/share/drone_bringup/launch/mavros.launch.py
[0.236s] -- Up-to-date symlink: /home/orangepi/ros2_ws/install/drone_bringup/share/drone_bringup/launch/navigation.launch.py
[0.237s] -- Up-to-date symlink: /home/orangepi/ros2_ws/install/drone_bringup/share/drone_bringup/launch/rtabmap_localization.launch.py
[0.238s] -- Up-to-date symlink: /home/orangepi/ros2_ws/install/drone_bringup/share/drone_bringup/launch/rtabmap_slam.launch.py
[0.238s] -- Symlinking: /home/orangepi/ros2_ws/install/drone_bringup/share/drone_bringup/params/apm_config.yaml
[0.249s] -- Symlinking: /home/orangepi/ros2_ws/install/drone_bringup/share/drone_bringup/params/apm_pluginlists.yaml
[0.286s] -- Up-to-date symlink: /home/orangepi/ros2_ws/install/drone_bringup/share/drone_bringup/params/nav2_params.yaml
[0.287s] -- Up-to-date symlink: /home/orangepi/ros2_ws/install/drone_bringup/share/drone_bringup/params/rtabmap_localization_params.yaml
[0.287s] -- Up-to-date symlink: /home/orangepi/ros2_ws/install/drone_bringup/share/drone_bringup/map/my.map.pgm
[0.288s] -- Up-to-date symlink: /home/orangepi/ros2_ws/install/drone_bringup/share/drone_bringup/map/my.map.yaml
[0.288s] -- Up-to-date symlink: /home/orangepi/ros2_ws/install/drone_bringup/share/drone_bringup/map/rtabmap.db
[0.289s] -- Up-to-date symlink: /home/orangepi/ros2_ws/install/drone_bringup/share/ament_index/resource_index/package_run_dependencies/drone_bringup
[0.289s] -- Up-to-date symlink: /home/orangepi/ros2_ws/install/drone_bringup/share/ament_index/resource_index/parent_prefix_path/drone_bringup
[0.289s] -- Up-to-date symlink: /home/orangepi/ros2_ws/install/drone_bringup/share/drone_bringup/environment/ament_prefix_path.sh
[0.289s] -- Up-to-date symlink: /home/orangepi/ros2_ws/install/drone_bringup/share/drone_bringup/environment/ament_prefix_path.dsv
[0.289s] -- Up-to-date symlink: /home/orangepi/ros2_ws/install/drone_bringup/share/drone_bringup/environment/path.sh
[0.289s] -- Up-to-date symlink: /home/orangepi/ros2_ws/install/drone_bringup/share/drone_bringup/environment/path.dsv
[0.289s] -- Up-to-date symlink: /home/orangepi/ros2_ws/install/drone_bringup/share/drone_bringup/local_setup.bash
[0.289s] -- Up-to-date symlink: /home/orangepi/ros2_ws/install/drone_bringup/share/drone_bringup/local_setup.sh
[0.289s] -- Up-to-date symlink: /home/orangepi/ros2_ws/install/drone_bringup/share/drone_bringup/local_setup.zsh
[0.289s] -- Up-to-date symlink: /home/orangepi/ros2_ws/install/drone_bringup/share/drone_bringup/local_setup.dsv
[0.289s] -- Symlinking: /home/orangepi/ros2_ws/install/drone_bringup/share/drone_bringup/package.dsv
[0.324s] -- Up-to-date symlink: /home/orangepi/ros2_ws/install/drone_bringup/share/ament_index/resource_index/packages/drone_bringup
[0.325s] -- Up-to-date symlink: /home/orangepi/ros2_ws/install/drone_bringup/share/drone_bringup/cmake/drone_bringupConfig.cmake
[0.326s] -- Up-to-date symlink: /home/orangepi/ros2_ws/install/drone_bringup/share/drone_bringup/cmake/drone_bringupConfig-version.cmake
[0.327s] -- Up-to-date symlink: /home/orangepi/ros2_ws/install/drone_bringup/share/drone_bringup/package.xml
[0.338s] Invoked command in '/home/orangepi/ros2_ws/build/drone_bringup' returned '0': CMAKE_PREFIX_PATH=/home/orangepi/ros2_ws/install/realsense2_camera:/home/orangepi/ros2_ws/install/realsense2_camera_msgs:/home/orangepi/mavros_ws/install/mavros_extras:/home/orangepi/mavros_ws/install/mavros:/home/orangepi/mavros_ws/install/mavros_msgs:/home/orangepi/mavros_ws/install/libmavconn:/home/orangepi/ros2_ws/install/realsense2_description:/home/orangepi/ros2_ws/install/drone_bringup:/home/orangepi/ros2_ws/install/drone_description:/opt/ros/humble LD_LIBRARY_PATH=/home/orangepi/ros2_ws/install/realsense2_camera/lib:/home/orangepi/ros2_ws/install/realsense2_camera_msgs/lib:/home/orangepi/mavros_ws/install/mavros_extras/lib:/home/orangepi/mavros_ws/install/mavros/lib:/home/orangepi/mavros_ws/install/mavros_msgs/lib:/home/orangepi/mavros_ws/install/libmavconn/lib:/opt/ros/humble/opt/rviz_ogre_vendor/lib:/opt/ros/humble/lib/aarch64-linux-gnu:/opt/ros/humble/lib /usr/bin/cmake --install /home/orangepi/ros2_ws/build/drone_bringup
