[0.025s] Invoking command in '/home/orangepi/ros2_ws/build/realsense2_camera': CMAKE_PREFIX_PATH=/home/orangepi/ros2_ws/install/realsense2_camera_msgs:/home/orangepi/ros2_ws/install/realsense2_description:/home/orangepi/ros2_ws/install/drone_bringup:/home/orangepi/ros2_ws/install/realsense2_camera:/home/orangepi/ros2_ws/install/drone_description:/home/orangepi/mavros_ws/install/mavros_extras:/home/orangepi/mavros_ws/install/mavros:/home/orangepi/mavros_ws/install/mavros_msgs:/home/orangepi/mavros_ws/install/libmavconn:/home/orangepi/ros2_ws/install/drone_utilities:/opt/ros/humble LD_LIBRARY_PATH=/home/orangepi/ros2_ws/install/realsense2_camera_msgs/lib:/home/orangepi/ros2_ws/install/realsense2_camera/lib:/home/orangepi/mavros_ws/install/mavros_extras/lib:/home/orangepi/mavros_ws/install/mavros/lib:/home/orangepi/mavros_ws/install/mavros_msgs/lib:/home/orangepi/mavros_ws/install/libmavconn/lib:/opt/ros/humble/opt/rviz_ogre_vendor/lib:/opt/ros/humble/lib/aarch64-linux-gnu:/opt/ros/humble/lib /usr/bin/cmake --build /home/orangepi/ros2_ws/build/realsense2_camera -- -j8 -l8
[0.285s] [ 12%] Built target realsense2_camera_node
[0.331s] [100%] Built target realsense2_camera
[0.374s] Invoked command in '/home/orangepi/ros2_ws/build/realsense2_camera' returned '0': CMAKE_PREFIX_PATH=/home/orangepi/ros2_ws/install/realsense2_camera_msgs:/home/orangepi/ros2_ws/install/realsense2_description:/home/orangepi/ros2_ws/install/drone_bringup:/home/orangepi/ros2_ws/install/realsense2_camera:/home/orangepi/ros2_ws/install/drone_description:/home/orangepi/mavros_ws/install/mavros_extras:/home/orangepi/mavros_ws/install/mavros:/home/orangepi/mavros_ws/install/mavros_msgs:/home/orangepi/mavros_ws/install/libmavconn:/home/orangepi/ros2_ws/install/drone_utilities:/opt/ros/humble LD_LIBRARY_PATH=/home/orangepi/ros2_ws/install/realsense2_camera_msgs/lib:/home/orangepi/ros2_ws/install/realsense2_camera/lib:/home/orangepi/mavros_ws/install/mavros_extras/lib:/home/orangepi/mavros_ws/install/mavros/lib:/home/orangepi/mavros_ws/install/mavros_msgs/lib:/home/orangepi/mavros_ws/install/libmavconn/lib:/opt/ros/humble/opt/rviz_ogre_vendor/lib:/opt/ros/humble/lib/aarch64-linux-gnu:/opt/ros/humble/lib /usr/bin/cmake --build /home/orangepi/ros2_ws/build/realsense2_camera -- -j8 -l8
[0.380s] Invoking command in '/home/orangepi/ros2_ws/build/realsense2_camera': CMAKE_PREFIX_PATH=/home/orangepi/ros2_ws/install/realsense2_camera_msgs:/home/orangepi/ros2_ws/install/realsense2_description:/home/orangepi/ros2_ws/install/drone_bringup:/home/orangepi/ros2_ws/install/realsense2_camera:/home/orangepi/ros2_ws/install/drone_description:/home/orangepi/mavros_ws/install/mavros_extras:/home/orangepi/mavros_ws/install/mavros:/home/orangepi/mavros_ws/install/mavros_msgs:/home/orangepi/mavros_ws/install/libmavconn:/home/orangepi/ros2_ws/install/drone_utilities:/opt/ros/humble LD_LIBRARY_PATH=/home/orangepi/ros2_ws/install/realsense2_camera_msgs/lib:/home/orangepi/ros2_ws/install/realsense2_camera/lib:/home/orangepi/mavros_ws/install/mavros_extras/lib:/home/orangepi/mavros_ws/install/mavros/lib:/home/orangepi/mavros_ws/install/mavros_msgs/lib:/home/orangepi/mavros_ws/install/libmavconn/lib:/opt/ros/humble/opt/rviz_ogre_vendor/lib:/opt/ros/humble/lib/aarch64-linux-gnu:/opt/ros/humble/lib /usr/bin/cmake --install /home/orangepi/ros2_ws/build/realsense2_camera
[0.414s] -- Install configuration: "Release"
[0.417s] -- Execute custom install script
[0.419s] -- Up-to-date symlink: /home/orangepi/ros2_ws/install/realsense2_camera/lib/realsense2_camera/realsense2_camera_node
[0.421s] -- Up-to-date symlink: /home/orangepi/ros2_ws/install/realsense2_camera/lib/librealsense2_camera.so
[0.423s] -- Up-to-date symlink: /home/orangepi/ros2_ws/install/realsense2_camera/include/base_realsense_node.h
[0.424s] -- Up-to-date symlink: /home/orangepi/ros2_ws/install/realsense2_camera/include/constants.h
[0.424s] -- Up-to-date symlink: /home/orangepi/ros2_ws/install/realsense2_camera/include/dynamic_params.h
[0.425s] -- Up-to-date symlink: /home/orangepi/ros2_ws/install/realsense2_camera/include/image_publisher.h
[0.425s] -- Up-to-date symlink: /home/orangepi/ros2_ws/install/realsense2_camera/include/named_filter.h
[0.426s] -- Up-to-date symlink: /home/orangepi/ros2_ws/install/realsense2_camera/include/profile_manager.h
[0.426s] -- Up-to-date symlink: /home/orangepi/ros2_ws/install/realsense2_camera/include/realsense_node_factory.h
[0.427s] -- Up-to-date symlink: /home/orangepi/ros2_ws/install/realsense2_camera/include/ros_param_backend.h
[0.427s] -- Up-to-date symlink: /home/orangepi/ros2_ws/install/realsense2_camera/include/ros_sensor.h
[0.428s] -- Up-to-date symlink: /home/orangepi/ros2_ws/install/realsense2_camera/include/ros_utils.h
[0.428s] -- Up-to-date symlink: /home/orangepi/ros2_ws/install/realsense2_camera/include/sensor_params.h
[0.428s] -- Up-to-date symlink: /home/orangepi/ros2_ws/install/realsense2_camera/include/t265_realsense_node.h
[0.430s] -- Up-to-date symlink: /home/orangepi/ros2_ws/install/realsense2_camera/share/realsense2_camera/launch/default.rviz
[0.431s] -- Up-to-date symlink: /home/orangepi/ros2_ws/install/realsense2_camera/share/realsense2_camera/launch/rs_d400_and_t265_launch.py
[0.432s] -- Up-to-date symlink: /home/orangepi/ros2_ws/install/realsense2_camera/share/realsense2_camera/launch/rs_intra_process_demo_launch.py
[0.432s] -- Up-to-date symlink: /home/orangepi/ros2_ws/install/realsense2_camera/share/realsense2_camera/launch/rs_launch.py
[0.432s] -- Up-to-date symlink: /home/orangepi/ros2_ws/install/realsense2_camera/share/realsense2_camera/launch/rs_multi_camera_launch.py
[0.433s] -- Up-to-date symlink: /home/orangepi/ros2_ws/install/realsense2_camera/share/realsense2_camera/environment/library_path.sh
[0.433s] -- Up-to-date symlink: /home/orangepi/ros2_ws/install/realsense2_camera/share/realsense2_camera/environment/library_path.dsv
[0.434s] -- Up-to-date symlink: /home/orangepi/ros2_ws/install/realsense2_camera/share/ament_index/resource_index/package_run_dependencies/realsense2_camera
[0.434s] -- Up-to-date symlink: /home/orangepi/ros2_ws/install/realsense2_camera/share/ament_index/resource_index/parent_prefix_path/realsense2_camera
[0.435s] -- Up-to-date symlink: /home/orangepi/ros2_ws/install/realsense2_camera/share/realsense2_camera/environment/ament_prefix_path.sh
[0.435s] -- Up-to-date symlink: /home/orangepi/ros2_ws/install/realsense2_camera/share/realsense2_camera/environment/ament_prefix_path.dsv
[0.435s] -- Up-to-date symlink: /home/orangepi/ros2_ws/install/realsense2_camera/share/realsense2_camera/environment/path.sh
[0.436s] -- Up-to-date symlink: /home/orangepi/ros2_ws/install/realsense2_camera/share/realsense2_camera/environment/path.dsv
[0.437s] -- Up-to-date symlink: /home/orangepi/ros2_ws/install/realsense2_camera/share/realsense2_camera/local_setup.bash
[0.437s] -- Up-to-date symlink: /home/orangepi/ros2_ws/install/realsense2_camera/share/realsense2_camera/local_setup.sh
[0.438s] -- Up-to-date symlink: /home/orangepi/ros2_ws/install/realsense2_camera/share/realsense2_camera/local_setup.zsh
[0.438s] -- Up-to-date symlink: /home/orangepi/ros2_ws/install/realsense2_camera/share/realsense2_camera/local_setup.dsv
[0.439s] -- Symlinking: /home/orangepi/ros2_ws/install/realsense2_camera/share/realsense2_camera/package.dsv
[0.475s] -- Up-to-date symlink: /home/orangepi/ros2_ws/install/realsense2_camera/share/ament_index/resource_index/packages/realsense2_camera
[0.476s] -- Up-to-date symlink: /home/orangepi/ros2_ws/install/realsense2_camera/share/ament_index/resource_index/rclcpp_components/realsense2_camera
[0.476s] -- Up-to-date symlink: /home/orangepi/ros2_ws/install/realsense2_camera/share/realsense2_camera/cmake/ament_cmake_export_include_directories-extras.cmake
[0.476s] -- Up-to-date symlink: /home/orangepi/ros2_ws/install/realsense2_camera/share/realsense2_camera/cmake/ament_cmake_export_libraries-extras.cmake
[0.477s] -- Up-to-date symlink: /home/orangepi/ros2_ws/install/realsense2_camera/share/realsense2_camera/cmake/ament_cmake_export_dependencies-extras.cmake
[0.477s] -- Up-to-date symlink: /home/orangepi/ros2_ws/install/realsense2_camera/share/realsense2_camera/cmake/realsense2_cameraConfig.cmake
[0.477s] -- Up-to-date symlink: /home/orangepi/ros2_ws/install/realsense2_camera/share/realsense2_camera/cmake/realsense2_cameraConfig-version.cmake
[0.477s] -- Up-to-date symlink: /home/orangepi/ros2_ws/install/realsense2_camera/share/realsense2_camera/package.xml
[0.484s] Invoked command in '/home/orangepi/ros2_ws/build/realsense2_camera' returned '0': CMAKE_PREFIX_PATH=/home/orangepi/ros2_ws/install/realsense2_camera_msgs:/home/orangepi/ros2_ws/install/realsense2_description:/home/orangepi/ros2_ws/install/drone_bringup:/home/orangepi/ros2_ws/install/realsense2_camera:/home/orangepi/ros2_ws/install/drone_description:/home/orangepi/mavros_ws/install/mavros_extras:/home/orangepi/mavros_ws/install/mavros:/home/orangepi/mavros_ws/install/mavros_msgs:/home/orangepi/mavros_ws/install/libmavconn:/home/orangepi/ros2_ws/install/drone_utilities:/opt/ros/humble LD_LIBRARY_PATH=/home/orangepi/ros2_ws/install/realsense2_camera_msgs/lib:/home/orangepi/ros2_ws/install/realsense2_camera/lib:/home/orangepi/mavros_ws/install/mavros_extras/lib:/home/orangepi/mavros_ws/install/mavros/lib:/home/orangepi/mavros_ws/install/mavros_msgs/lib:/home/orangepi/mavros_ws/install/libmavconn/lib:/opt/ros/humble/opt/rviz_ogre_vendor/lib:/opt/ros/humble/lib/aarch64-linux-gnu:/opt/ros/humble/lib /usr/bin/cmake --install /home/orangepi/ros2_ws/build/realsense2_camera
