[0.022s] Invoking command in '/home/orangepi/ros2_ws/build/realsense2_camera': CMAKE_PREFIX_PATH=/home/orangepi/ros2_ws/install/realsense2_camera_msgs:/home/orangepi/ros2_ws/install/realsense2_description:/home/orangepi/ros2_ws/install/drone_bringup:/home/orangepi/ros2_ws/install/realsense2_camera:/home/orangepi/ros2_ws/install/drone_description:/opt/ros/humble LD_LIBRARY_PATH=/home/orangepi/ros2_ws/install/realsense2_camera_msgs/lib:/home/orangepi/ros2_ws/install/realsense2_camera/lib:/opt/ros/humble/opt/rviz_ogre_vendor/lib:/opt/ros/humble/lib/aarch64-linux-gnu:/opt/ros/humble/lib /usr/bin/cmake /home/orangepi/ros2_ws/src/realsense-ros/realsense2_camera -DAMENT_CMAKE_SYMLINK_INSTALL=1 -DCMAKE_INSTALL_PREFIX=/home/orangepi/ros2_ws/install/realsense2_camera
[0.180s] -- The C compiler identification is GNU 11.4.0
[0.356s] -- The CXX compiler identification is GNU 11.4.0
[0.368s] -- Detecting C compiler ABI info
[0.613s] -- Detecting C compiler ABI info - done
[0.651s] -- Check for working C compiler: /usr/bin/cc - skipped
[0.652s] -- Detecting C compile features
[0.654s] -- Detecting C compile features - done
[0.667s] -- Detecting CXX compiler ABI info
[0.935s] -- Detecting CXX compiler ABI info - done
[0.978s] -- Check for working CXX compiler: /usr/bin/c++ - skipped
[0.979s] -- Detecting CXX compile features
[0.980s] -- Detecting CXX compile features - done
[0.998s] -- Create Release Build.
[1.007s] -- Found ament_cmake: 1.3.11 (/opt/ros/humble/share/ament_cmake/cmake)
[1.428s] -- Found Python3: /usr/bin/python3 (found version "3.10.12") found components: Interpreter 
[1.575s] -- Override CMake install command with custom implementation using symlinks instead of copying resources
[1.648s] -- Found builtin_interfaces: 1.2.1 (/opt/ros/humble/share/builtin_interfaces/cmake)
[1.701s] -- Found rosidl_generator_c: 3.1.6 (/opt/ros/humble/share/rosidl_generator_c/cmake)
[1.709s] -- Found rosidl_adapter: 3.1.6 (/opt/ros/humble/share/rosidl_adapter/cmake)
[1.723s] -- Found rosidl_generator_cpp: 3.1.6 (/opt/ros/humble/share/rosidl_generator_cpp/cmake)
[1.745s] -- Using all available rosidl_typesupport_c: rosidl_typesupport_fastrtps_c;rosidl_typesupport_introspection_c
[1.772s] -- Using all available rosidl_typesupport_cpp: rosidl_typesupport_fastrtps_cpp;rosidl_typesupport_introspection_cpp
[1.799s] -- Found cv_bridge: 3.2.1 (/opt/ros/humble/share/cv_bridge/cmake)
[1.910s] -- Found image_transport: 3.1.12 (/opt/ros/humble/share/image_transport/cmake)
[1.985s] -- Found rmw_implementation_cmake: 6.1.2 (/opt/ros/humble/share/rmw_implementation_cmake/cmake)
[1.989s] -- Found rmw_fastrtps_cpp: 6.2.7 (/opt/ros/humble/share/rmw_fastrtps_cpp/cmake)
[2.229s] -- Found OpenSSL: /usr/lib/aarch64-linux-gnu/libcrypto.so (found version "3.0.2")  
[2.292s] -- Found FastRTPS: /opt/ros/humble/include  
[2.373s] -- Using RMW implementation 'rmw_fastrtps_cpp' as default
[2.388s] -- Looking for pthread.h
[2.621s] -- Looking for pthread.h - found
[2.622s] -- Performing Test CMAKE_HAVE_LIBC_PTHREAD
[2.863s] -- Performing Test CMAKE_HAVE_LIBC_PTHREAD - Success
[2.865s] -- Found Threads: TRUE  
[2.974s] -- Found rclcpp_components: 16.0.12 (/opt/ros/humble/share/rclcpp_components/cmake)
[3.004s] -- Found realsense2_camera_msgs: 4.51.1 (/home/orangepi/ros2_ws/install/realsense2_camera_msgs/share/realsense2_camera_msgs/cmake)
[3.030s] -- Found nav_msgs: 4.8.0 (/opt/ros/humble/share/nav_msgs/cmake)
[3.074s] -- Found tf2_ros: 0.25.13 (/opt/ros/humble/share/tf2_ros/cmake)
[3.191s] -- Found diagnostic_updater: 4.0.6 (/opt/ros/humble/share/diagnostic_updater/cmake)
[3.253s] -- Build for ROS2 Humble
[3.436s] -- Configuring done
[3.480s] -- Generating done
[3.490s] -- Build files have been written to: /home/orangepi/ros2_ws/build/realsense2_camera
[3.521s] Invoked command in '/home/orangepi/ros2_ws/build/realsense2_camera' returned '0': CMAKE_PREFIX_PATH=/home/orangepi/ros2_ws/install/realsense2_camera_msgs:/home/orangepi/ros2_ws/install/realsense2_description:/home/orangepi/ros2_ws/install/drone_bringup:/home/orangepi/ros2_ws/install/realsense2_camera:/home/orangepi/ros2_ws/install/drone_description:/opt/ros/humble LD_LIBRARY_PATH=/home/orangepi/ros2_ws/install/realsense2_camera_msgs/lib:/home/orangepi/ros2_ws/install/realsense2_camera/lib:/opt/ros/humble/opt/rviz_ogre_vendor/lib:/opt/ros/humble/lib/aarch64-linux-gnu:/opt/ros/humble/lib /usr/bin/cmake /home/orangepi/ros2_ws/src/realsense-ros/realsense2_camera -DAMENT_CMAKE_SYMLINK_INSTALL=1 -DCMAKE_INSTALL_PREFIX=/home/orangepi/ros2_ws/install/realsense2_camera
[3.529s] Invoking command in '/home/orangepi/ros2_ws/build/realsense2_camera': CMAKE_PREFIX_PATH=/home/orangepi/ros2_ws/install/realsense2_camera_msgs:/home/orangepi/ros2_ws/install/realsense2_description:/home/orangepi/ros2_ws/install/drone_bringup:/home/orangepi/ros2_ws/install/realsense2_camera:/home/orangepi/ros2_ws/install/drone_description:/opt/ros/humble LD_LIBRARY_PATH=/home/orangepi/ros2_ws/install/realsense2_camera_msgs/lib:/home/orangepi/ros2_ws/install/realsense2_camera/lib:/opt/ros/humble/opt/rviz_ogre_vendor/lib:/opt/ros/humble/lib/aarch64-linux-gnu:/opt/ros/humble/lib /usr/bin/cmake --build /home/orangepi/ros2_ws/build/realsense2_camera -- -j8 -l8
[3.709s] [  6%] [32mBuilding CXX object CMakeFiles/realsense2_camera.dir/src/realsense_node_factory.cpp.o[0m
[3.719s] [ 12%] [32mBuilding CXX object CMakeFiles/realsense2_camera.dir/src/parameters.cpp.o[0m
[3.720s] [ 18%] [32mBuilding CXX object CMakeFiles/realsense2_camera_node.dir/rclcpp_components/node_main_realsense2_camera_node.cpp.o[0m
[3.721s] [ 31%] [32mBuilding CXX object CMakeFiles/realsense2_camera.dir/src/base_realsense_node.cpp.o[0m
[3.722s] [ 31%] [32mBuilding CXX object CMakeFiles/realsense2_camera.dir/src/t265_realsense_node.cpp.o[0m
[3.725s] [ 37%] [32mBuilding CXX object CMakeFiles/realsense2_camera.dir/src/rs_node_setup.cpp.o[0m
[3.728s] [ 50%] [32mBuilding CXX object CMakeFiles/realsense2_camera.dir/src/ros_utils.cpp.o[0m
[3.729s] [ 50%] [32mBuilding CXX object CMakeFiles/realsense2_camera.dir/src/ros_sensor.cpp.o[0m
[10.568s] [ 56%] [32m[1mLinking CXX executable realsense2_camera_node[0m
[10.617s] [ 62%] [32mBuilding CXX object CMakeFiles/realsense2_camera.dir/src/dynamic_params.cpp.o[0m
[11.476s] [ 62%] Built target realsense2_camera_node
[11.519s] [ 68%] [32mBuilding CXX object CMakeFiles/realsense2_camera.dir/src/sensor_params.cpp.o[0m
[19.515s] [ 75%] [32mBuilding CXX object CMakeFiles/realsense2_camera.dir/src/named_filter.cpp.o[0m
[32.610s] [ 81%] [32mBuilding CXX object CMakeFiles/realsense2_camera.dir/src/profile_manager.cpp.o[0m
[34.787s] [ 87%] [32mBuilding CXX object CMakeFiles/realsense2_camera.dir/src/image_publisher.cpp.o[0m
[34.977s] [ 93%] [32mBuilding CXX object CMakeFiles/realsense2_camera.dir/src/ros_param_backend_foxy.cpp.o[0m
[56.098s] [100%] [32m[1mLinking CXX shared library librealsense2_camera.so[0m
[58.381s] [100%] Built target realsense2_camera
[58.457s] Invoked command in '/home/orangepi/ros2_ws/build/realsense2_camera' returned '0': CMAKE_PREFIX_PATH=/home/orangepi/ros2_ws/install/realsense2_camera_msgs:/home/orangepi/ros2_ws/install/realsense2_description:/home/orangepi/ros2_ws/install/drone_bringup:/home/orangepi/ros2_ws/install/realsense2_camera:/home/orangepi/ros2_ws/install/drone_description:/opt/ros/humble LD_LIBRARY_PATH=/home/orangepi/ros2_ws/install/realsense2_camera_msgs/lib:/home/orangepi/ros2_ws/install/realsense2_camera/lib:/opt/ros/humble/opt/rviz_ogre_vendor/lib:/opt/ros/humble/lib/aarch64-linux-gnu:/opt/ros/humble/lib /usr/bin/cmake --build /home/orangepi/ros2_ws/build/realsense2_camera -- -j8 -l8
[58.480s] Invoking command in '/home/orangepi/ros2_ws/build/realsense2_camera': CMAKE_PREFIX_PATH=/home/orangepi/ros2_ws/install/realsense2_camera_msgs:/home/orangepi/ros2_ws/install/realsense2_description:/home/orangepi/ros2_ws/install/drone_bringup:/home/orangepi/ros2_ws/install/realsense2_camera:/home/orangepi/ros2_ws/install/drone_description:/opt/ros/humble LD_LIBRARY_PATH=/home/orangepi/ros2_ws/install/realsense2_camera_msgs/lib:/home/orangepi/ros2_ws/install/realsense2_camera/lib:/opt/ros/humble/opt/rviz_ogre_vendor/lib:/opt/ros/humble/lib/aarch64-linux-gnu:/opt/ros/humble/lib /usr/bin/cmake --install /home/orangepi/ros2_ws/build/realsense2_camera
[58.519s] -- Install configuration: "Release"
[58.523s] -- Execute custom install script
[58.525s] -- Symlinking: /home/orangepi/ros2_ws/install/realsense2_camera/lib/realsense2_camera/realsense2_camera_node
[58.560s] -- Symlinking: /home/orangepi/ros2_ws/install/realsense2_camera/lib/librealsense2_camera.so
[58.598s] -- Symlinking: /home/orangepi/ros2_ws/install/realsense2_camera/include/base_realsense_node.h
[58.630s] -- Symlinking: /home/orangepi/ros2_ws/install/realsense2_camera/include/constants.h
[58.662s] -- Symlinking: /home/orangepi/ros2_ws/install/realsense2_camera/include/dynamic_params.h
[58.697s] -- Symlinking: /home/orangepi/ros2_ws/install/realsense2_camera/include/image_publisher.h
[58.732s] -- Symlinking: /home/orangepi/ros2_ws/install/realsense2_camera/include/named_filter.h
[58.761s] -- Symlinking: /home/orangepi/ros2_ws/install/realsense2_camera/include/profile_manager.h
[58.798s] -- Symlinking: /home/orangepi/ros2_ws/install/realsense2_camera/include/realsense_node_factory.h
[58.831s] -- Symlinking: /home/orangepi/ros2_ws/install/realsense2_camera/include/ros_param_backend.h
[58.864s] -- Symlinking: /home/orangepi/ros2_ws/install/realsense2_camera/include/ros_sensor.h
[58.899s] -- Symlinking: /home/orangepi/ros2_ws/install/realsense2_camera/include/ros_utils.h
[58.928s] -- Symlinking: /home/orangepi/ros2_ws/install/realsense2_camera/include/sensor_params.h
[58.962s] -- Symlinking: /home/orangepi/ros2_ws/install/realsense2_camera/include/t265_realsense_node.h
[58.998s] -- Symlinking: /home/orangepi/ros2_ws/install/realsense2_camera/share/realsense2_camera/launch/default.rviz
[59.030s] -- Symlinking: /home/orangepi/ros2_ws/install/realsense2_camera/share/realsense2_camera/launch/rs_d400_and_t265_launch.py
[59.061s] -- Symlinking: /home/orangepi/ros2_ws/install/realsense2_camera/share/realsense2_camera/launch/rs_intra_process_demo_launch.py
[59.091s] -- Symlinking: /home/orangepi/ros2_ws/install/realsense2_camera/share/realsense2_camera/launch/rs_launch.py
[59.122s] -- Symlinking: /home/orangepi/ros2_ws/install/realsense2_camera/share/realsense2_camera/launch/rs_multi_camera_launch.py
[59.162s] -- Symlinking: /home/orangepi/ros2_ws/install/realsense2_camera/share/realsense2_camera/environment/library_path.sh
[59.195s] -- Symlinking: /home/orangepi/ros2_ws/install/realsense2_camera/share/realsense2_camera/environment/library_path.dsv
[59.223s] -- Symlinking: /home/orangepi/ros2_ws/install/realsense2_camera/share/ament_index/resource_index/package_run_dependencies/realsense2_camera
[59.255s] -- Symlinking: /home/orangepi/ros2_ws/install/realsense2_camera/share/ament_index/resource_index/parent_prefix_path/realsense2_camera
[59.295s] -- Symlinking: /home/orangepi/ros2_ws/install/realsense2_camera/share/realsense2_camera/environment/ament_prefix_path.sh
[59.324s] -- Symlinking: /home/orangepi/ros2_ws/install/realsense2_camera/share/realsense2_camera/environment/ament_prefix_path.dsv
[59.362s] -- Symlinking: /home/orangepi/ros2_ws/install/realsense2_camera/share/realsense2_camera/environment/path.sh
[59.394s] -- Symlinking: /home/orangepi/ros2_ws/install/realsense2_camera/share/realsense2_camera/environment/path.dsv
[59.426s] -- Symlinking: /home/orangepi/ros2_ws/install/realsense2_camera/share/realsense2_camera/local_setup.bash
[59.454s] -- Symlinking: /home/orangepi/ros2_ws/install/realsense2_camera/share/realsense2_camera/local_setup.sh
[59.491s] -- Symlinking: /home/orangepi/ros2_ws/install/realsense2_camera/share/realsense2_camera/local_setup.zsh
[59.528s] -- Symlinking: /home/orangepi/ros2_ws/install/realsense2_camera/share/realsense2_camera/local_setup.dsv
[59.566s] -- Symlinking: /home/orangepi/ros2_ws/install/realsense2_camera/share/realsense2_camera/package.dsv
[59.606s] -- Symlinking: /home/orangepi/ros2_ws/install/realsense2_camera/share/ament_index/resource_index/packages/realsense2_camera
[59.636s] -- Symlinking: /home/orangepi/ros2_ws/install/realsense2_camera/share/ament_index/resource_index/rclcpp_components/realsense2_camera
[59.669s] -- Symlinking: /home/orangepi/ros2_ws/install/realsense2_camera/share/realsense2_camera/cmake/ament_cmake_export_include_directories-extras.cmake
[59.706s] -- Symlinking: /home/orangepi/ros2_ws/install/realsense2_camera/share/realsense2_camera/cmake/ament_cmake_export_libraries-extras.cmake
[59.741s] -- Symlinking: /home/orangepi/ros2_ws/install/realsense2_camera/share/realsense2_camera/cmake/ament_cmake_export_dependencies-extras.cmake
[59.770s] -- Symlinking: /home/orangepi/ros2_ws/install/realsense2_camera/share/realsense2_camera/cmake/realsense2_cameraConfig.cmake
[59.801s] -- Symlinking: /home/orangepi/ros2_ws/install/realsense2_camera/share/realsense2_camera/cmake/realsense2_cameraConfig-version.cmake
[59.833s] -- Symlinking: /home/orangepi/ros2_ws/install/realsense2_camera/share/realsense2_camera/package.xml
[59.875s] Invoked command in '/home/orangepi/ros2_ws/build/realsense2_camera' returned '0': CMAKE_PREFIX_PATH=/home/orangepi/ros2_ws/install/realsense2_camera_msgs:/home/orangepi/ros2_ws/install/realsense2_description:/home/orangepi/ros2_ws/install/drone_bringup:/home/orangepi/ros2_ws/install/realsense2_camera:/home/orangepi/ros2_ws/install/drone_description:/opt/ros/humble LD_LIBRARY_PATH=/home/orangepi/ros2_ws/install/realsense2_camera_msgs/lib:/home/orangepi/ros2_ws/install/realsense2_camera/lib:/opt/ros/humble/opt/rviz_ogre_vendor/lib:/opt/ros/humble/lib/aarch64-linux-gnu:/opt/ros/humble/lib /usr/bin/cmake --install /home/orangepi/ros2_ws/build/realsense2_camera
