[0.050s] Invoking command in '/home/orangepi/ros2_ws/build/realsense2_camera_msgs': CMAKE_PREFIX_PATH=${CMAKE_PREFIX_PATH}:/home/orangepi/ros2_ws/install/drone_utilities:/opt/ros/humble /usr/bin/cmake --build /home/orangepi/ros2_ws/build/realsense2_camera_msgs -- -j8 -l8
[0.285s] [  1%] Built target realsense2_camera_msgs__cpp
[0.319s] [ 12%] Built target realsense2_camera_msgs__rosidl_generator_c
[0.322s] [ 12%] Built target ament_cmake_python_symlink_realsense2_camera_msgs
[0.356s] [ 23%] Built target realsense2_camera_msgs__rosidl_typesupport_fastrtps_cpp
[0.378s] [ 34%] Built target realsense2_camera_msgs__rosidl_typesupport_cpp
[0.388s] [ 45%] Built target realsense2_camera_msgs__rosidl_typesupport_introspection_c
[0.390s] [ 56%] Built target realsense2_camera_msgs__rosidl_typesupport_introspection_cpp
[0.406s] [ 67%] Built target realsense2_camera_msgs__rosidl_typesupport_c
[0.421s] [ 78%] Built target realsense2_camera_msgs__rosidl_typesupport_fastrtps_c
[0.499s] [ 78%] Built target realsense2_camera_msgs
[0.582s] [ 80%] Built target realsense2_camera_msgs__py
[0.668s] [ 89%] Built target realsense2_camera_msgs__rosidl_generator_py
[0.752s] [ 92%] Built target realsense2_camera_msgs__rosidl_typesupport_fastrtps_c__pyext
[0.760s] [ 96%] Built target realsense2_camera_msgs__rosidl_typesupport_c__pyext
[0.765s] running egg_info
[0.766s] writing realsense2_camera_msgs.egg-info/PKG-INFO
[0.767s] [100%] Built target realsense2_camera_msgs__rosidl_typesupport_introspection_c__pyext
[0.769s] writing dependency_links to realsense2_camera_msgs.egg-info/dependency_links.txt
[0.770s] writing top-level names to realsense2_camera_msgs.egg-info/top_level.txt
[0.779s] reading manifest file 'realsense2_camera_msgs.egg-info/SOURCES.txt'
[0.780s] writing manifest file 'realsense2_camera_msgs.egg-info/SOURCES.txt'
[0.868s] [100%] Built target ament_cmake_python_build_realsense2_camera_msgs_egg
[0.909s] Invoked command in '/home/orangepi/ros2_ws/build/realsense2_camera_msgs' returned '0': CMAKE_PREFIX_PATH=${CMAKE_PREFIX_PATH}:/home/orangepi/ros2_ws/install/drone_utilities:/opt/ros/humble /usr/bin/cmake --build /home/orangepi/ros2_ws/build/realsense2_camera_msgs -- -j8 -l8
[0.914s] Invoking command in '/home/orangepi/ros2_ws/build/realsense2_camera_msgs': CMAKE_PREFIX_PATH=${CMAKE_PREFIX_PATH}:/home/orangepi/ros2_ws/install/drone_utilities:/opt/ros/humble /usr/bin/cmake --install /home/orangepi/ros2_ws/build/realsense2_camera_msgs
[0.941s] -- Install configuration: ""
[0.943s] -- Execute custom install script
[0.944s] -- Up-to-date symlink: /home/orangepi/ros2_ws/install/realsense2_camera_msgs/share/ament_index/resource_index/rosidl_interfaces/realsense2_camera_msgs
[0.944s] -- Up-to-date symlink: /home/orangepi/ros2_ws/install/realsense2_camera_msgs/include/realsense2_camera_msgs/realsense2_camera_msgs/msg/detail/extrinsics__functions.h
[0.945s] -- Up-to-date symlink: /home/orangepi/ros2_ws/install/realsense2_camera_msgs/include/realsense2_camera_msgs/realsense2_camera_msgs/msg/detail/extrinsics__struct.h
[0.945s] -- Up-to-date symlink: /home/orangepi/ros2_ws/install/realsense2_camera_msgs/include/realsense2_camera_msgs/realsense2_camera_msgs/msg/detail/extrinsics__type_support.h
[0.946s] -- Up-to-date symlink: /home/orangepi/ros2_ws/install/realsense2_camera_msgs/include/realsense2_camera_msgs/realsense2_camera_msgs/msg/detail/imu_info__functions.h
[0.946s] -- Up-to-date symlink: /home/orangepi/ros2_ws/install/realsense2_camera_msgs/include/realsense2_camera_msgs/realsense2_camera_msgs/msg/detail/imu_info__struct.h
[0.948s] -- Up-to-date symlink: /home/orangepi/ros2_ws/install/realsense2_camera_msgs/include/realsense2_camera_msgs/realsense2_camera_msgs/msg/detail/imu_info__type_support.h
[0.949s] -- Up-to-date symlink: /home/orangepi/ros2_ws/install/realsense2_camera_msgs/include/realsense2_camera_msgs/realsense2_camera_msgs/msg/detail/metadata__functions.h
[0.949s] -- Up-to-date symlink: /home/orangepi/ros2_ws/install/realsense2_camera_msgs/include/realsense2_camera_msgs/realsense2_camera_msgs/msg/detail/metadata__struct.h
[0.950s] -- Up-to-date symlink: /home/orangepi/ros2_ws/install/realsense2_camera_msgs/include/realsense2_camera_msgs/realsense2_camera_msgs/msg/detail/metadata__type_support.h
[0.950s] -- Up-to-date symlink: /home/orangepi/ros2_ws/install/realsense2_camera_msgs/include/realsense2_camera_msgs/realsense2_camera_msgs/msg/extrinsics.h
[0.951s] -- Up-to-date symlink: /home/orangepi/ros2_ws/install/realsense2_camera_msgs/include/realsense2_camera_msgs/realsense2_camera_msgs/msg/imu_info.h
[0.951s] -- Up-to-date symlink: /home/orangepi/ros2_ws/install/realsense2_camera_msgs/include/realsense2_camera_msgs/realsense2_camera_msgs/msg/metadata.h
[0.952s] -- Up-to-date symlink: /home/orangepi/ros2_ws/install/realsense2_camera_msgs/include/realsense2_camera_msgs/realsense2_camera_msgs/msg/rosidl_generator_c__visibility_control.h
[0.952s] -- Up-to-date symlink: /home/orangepi/ros2_ws/install/realsense2_camera_msgs/include/realsense2_camera_msgs/realsense2_camera_msgs/srv/detail/device_info__functions.h
[0.953s] -- Up-to-date symlink: /home/orangepi/ros2_ws/install/realsense2_camera_msgs/include/realsense2_camera_msgs/realsense2_camera_msgs/srv/detail/device_info__struct.h
[0.953s] -- Up-to-date symlink: /home/orangepi/ros2_ws/install/realsense2_camera_msgs/include/realsense2_camera_msgs/realsense2_camera_msgs/srv/detail/device_info__type_support.h
[0.954s] -- Up-to-date symlink: /home/orangepi/ros2_ws/install/realsense2_camera_msgs/include/realsense2_camera_msgs/realsense2_camera_msgs/srv/device_info.h
[0.954s] -- Up-to-date symlink: /home/orangepi/ros2_ws/install/realsense2_camera_msgs/share/realsense2_camera_msgs/environment/library_path.sh
[0.954s] -- Up-to-date symlink: /home/orangepi/ros2_ws/install/realsense2_camera_msgs/share/realsense2_camera_msgs/environment/library_path.dsv
[0.955s] -- Up-to-date symlink: /home/orangepi/ros2_ws/install/realsense2_camera_msgs/include/realsense2_camera_msgs/realsense2_camera_msgs/msg/detail/extrinsics__rosidl_typesupport_fastrtps_c.h
[0.957s] -- Up-to-date symlink: /home/orangepi/ros2_ws/install/realsense2_camera_msgs/include/realsense2_camera_msgs/realsense2_camera_msgs/msg/detail/imu_info__rosidl_typesupport_fastrtps_c.h
[0.957s] -- Up-to-date symlink: /home/orangepi/ros2_ws/install/realsense2_camera_msgs/include/realsense2_camera_msgs/realsense2_camera_msgs/msg/detail/metadata__rosidl_typesupport_fastrtps_c.h
[0.958s] -- Up-to-date symlink: /home/orangepi/ros2_ws/install/realsense2_camera_msgs/include/realsense2_camera_msgs/realsense2_camera_msgs/msg/rosidl_typesupport_fastrtps_c__visibility_control.h
[0.958s] -- Up-to-date symlink: /home/orangepi/ros2_ws/install/realsense2_camera_msgs/include/realsense2_camera_msgs/realsense2_camera_msgs/srv/detail/device_info__rosidl_typesupport_fastrtps_c.h
[0.959s] -- Up-to-date symlink: /home/orangepi/ros2_ws/install/realsense2_camera_msgs/include/realsense2_camera_msgs/realsense2_camera_msgs/msg/detail/extrinsics__rosidl_typesupport_introspection_c.h
[0.959s] -- Up-to-date symlink: /home/orangepi/ros2_ws/install/realsense2_camera_msgs/include/realsense2_camera_msgs/realsense2_camera_msgs/msg/detail/imu_info__rosidl_typesupport_introspection_c.h
[0.960s] -- Up-to-date symlink: /home/orangepi/ros2_ws/install/realsense2_camera_msgs/include/realsense2_camera_msgs/realsense2_camera_msgs/msg/detail/metadata__rosidl_typesupport_introspection_c.h
[0.961s] -- Up-to-date symlink: /home/orangepi/ros2_ws/install/realsense2_camera_msgs/include/realsense2_camera_msgs/realsense2_camera_msgs/msg/rosidl_typesupport_introspection_c__visibility_control.h
[0.961s] -- Up-to-date symlink: /home/orangepi/ros2_ws/install/realsense2_camera_msgs/include/realsense2_camera_msgs/realsense2_camera_msgs/srv/detail/device_info__rosidl_typesupport_introspection_c.h
[0.962s] -- Up-to-date symlink: /home/orangepi/ros2_ws/install/realsense2_camera_msgs/include/realsense2_camera_msgs/realsense2_camera_msgs/msg/detail/extrinsics__builder.hpp
[0.962s] -- Up-to-date symlink: /home/orangepi/ros2_ws/install/realsense2_camera_msgs/include/realsense2_camera_msgs/realsense2_camera_msgs/msg/detail/extrinsics__struct.hpp
[0.963s] -- Up-to-date symlink: /home/orangepi/ros2_ws/install/realsense2_camera_msgs/include/realsense2_camera_msgs/realsense2_camera_msgs/msg/detail/extrinsics__traits.hpp
[0.963s] -- Up-to-date symlink: /home/orangepi/ros2_ws/install/realsense2_camera_msgs/include/realsense2_camera_msgs/realsense2_camera_msgs/msg/detail/extrinsics__type_support.hpp
[0.964s] -- Up-to-date symlink: /home/orangepi/ros2_ws/install/realsense2_camera_msgs/include/realsense2_camera_msgs/realsense2_camera_msgs/msg/detail/imu_info__builder.hpp
[0.964s] -- Up-to-date symlink: /home/orangepi/ros2_ws/install/realsense2_camera_msgs/include/realsense2_camera_msgs/realsense2_camera_msgs/msg/detail/imu_info__struct.hpp
[0.965s] -- Up-to-date symlink: /home/orangepi/ros2_ws/install/realsense2_camera_msgs/include/realsense2_camera_msgs/realsense2_camera_msgs/msg/detail/imu_info__traits.hpp
[0.965s] -- Up-to-date symlink: /home/orangepi/ros2_ws/install/realsense2_camera_msgs/include/realsense2_camera_msgs/realsense2_camera_msgs/msg/detail/imu_info__type_support.hpp
[0.966s] -- Up-to-date symlink: /home/orangepi/ros2_ws/install/realsense2_camera_msgs/include/realsense2_camera_msgs/realsense2_camera_msgs/msg/detail/metadata__builder.hpp
[0.966s] -- Up-to-date symlink: /home/orangepi/ros2_ws/install/realsense2_camera_msgs/include/realsense2_camera_msgs/realsense2_camera_msgs/msg/detail/metadata__struct.hpp
[0.967s] -- Up-to-date symlink: /home/orangepi/ros2_ws/install/realsense2_camera_msgs/include/realsense2_camera_msgs/realsense2_camera_msgs/msg/detail/metadata__traits.hpp
[0.967s] -- Up-to-date symlink: /home/orangepi/ros2_ws/install/realsense2_camera_msgs/include/realsense2_camera_msgs/realsense2_camera_msgs/msg/detail/metadata__type_support.hpp
[0.968s] -- Up-to-date symlink: /home/orangepi/ros2_ws/install/realsense2_camera_msgs/include/realsense2_camera_msgs/realsense2_camera_msgs/msg/extrinsics.hpp
[0.968s] -- Up-to-date symlink: /home/orangepi/ros2_ws/install/realsense2_camera_msgs/include/realsense2_camera_msgs/realsense2_camera_msgs/msg/imu_info.hpp
[0.969s] -- Up-to-date symlink: /home/orangepi/ros2_ws/install/realsense2_camera_msgs/include/realsense2_camera_msgs/realsense2_camera_msgs/msg/metadata.hpp
[0.969s] -- Up-to-date symlink: /home/orangepi/ros2_ws/install/realsense2_camera_msgs/include/realsense2_camera_msgs/realsense2_camera_msgs/msg/rosidl_generator_cpp__visibility_control.hpp
[0.970s] -- Up-to-date symlink: /home/orangepi/ros2_ws/install/realsense2_camera_msgs/include/realsense2_camera_msgs/realsense2_camera_msgs/srv/detail/device_info__builder.hpp
[0.970s] -- Up-to-date symlink: /home/orangepi/ros2_ws/install/realsense2_camera_msgs/include/realsense2_camera_msgs/realsense2_camera_msgs/srv/detail/device_info__struct.hpp
[0.971s] -- Up-to-date symlink: /home/orangepi/ros2_ws/install/realsense2_camera_msgs/include/realsense2_camera_msgs/realsense2_camera_msgs/srv/detail/device_info__traits.hpp
[0.971s] -- Up-to-date symlink: /home/orangepi/ros2_ws/install/realsense2_camera_msgs/include/realsense2_camera_msgs/realsense2_camera_msgs/srv/detail/device_info__type_support.hpp
[0.972s] -- Up-to-date symlink: /home/orangepi/ros2_ws/install/realsense2_camera_msgs/include/realsense2_camera_msgs/realsense2_camera_msgs/srv/device_info.hpp
[0.973s] -- Up-to-date symlink: /home/orangepi/ros2_ws/install/realsense2_camera_msgs/include/realsense2_camera_msgs/realsense2_camera_msgs/msg/detail/extrinsics__rosidl_typesupport_fastrtps_cpp.hpp
[0.973s] -- Up-to-date symlink: /home/orangepi/ros2_ws/install/realsense2_camera_msgs/include/realsense2_camera_msgs/realsense2_camera_msgs/msg/detail/imu_info__rosidl_typesupport_fastrtps_cpp.hpp
[0.974s] -- Up-to-date symlink: /home/orangepi/ros2_ws/install/realsense2_camera_msgs/include/realsense2_camera_msgs/realsense2_camera_msgs/msg/detail/metadata__rosidl_typesupport_fastrtps_cpp.hpp
[0.974s] -- Up-to-date symlink: /home/orangepi/ros2_ws/install/realsense2_camera_msgs/include/realsense2_camera_msgs/realsense2_camera_msgs/msg/rosidl_typesupport_fastrtps_cpp__visibility_control.h
[0.975s] -- Up-to-date symlink: /home/orangepi/ros2_ws/install/realsense2_camera_msgs/include/realsense2_camera_msgs/realsense2_camera_msgs/srv/detail/device_info__rosidl_typesupport_fastrtps_cpp.hpp
[0.975s] -- Up-to-date symlink: /home/orangepi/ros2_ws/install/realsense2_camera_msgs/include/realsense2_camera_msgs/realsense2_camera_msgs/msg/detail/extrinsics__rosidl_typesupport_introspection_cpp.hpp
[0.975s] -- Up-to-date symlink: /home/orangepi/ros2_ws/install/realsense2_camera_msgs/include/realsense2_camera_msgs/realsense2_camera_msgs/msg/detail/imu_info__rosidl_typesupport_introspection_cpp.hpp
[0.976s] -- Up-to-date symlink: /home/orangepi/ros2_ws/install/realsense2_camera_msgs/include/realsense2_camera_msgs/realsense2_camera_msgs/msg/detail/metadata__rosidl_typesupport_introspection_cpp.hpp
[0.976s] -- Up-to-date symlink: /home/orangepi/ros2_ws/install/realsense2_camera_msgs/include/realsense2_camera_msgs/realsense2_camera_msgs/srv/detail/device_info__rosidl_typesupport_introspection_cpp.hpp
[0.977s] -- Up-to-date symlink: /home/orangepi/ros2_ws/install/realsense2_camera_msgs/share/realsense2_camera_msgs/environment/pythonpath.sh
[0.977s] -- Up-to-date symlink: /home/orangepi/ros2_ws/install/realsense2_camera_msgs/share/realsense2_camera_msgs/environment/pythonpath.dsv
[0.977s] -- Up-to-date symlink: /home/orangepi/ros2_ws/install/realsense2_camera_msgs/local/lib/python3.10/dist-packages/realsense2_camera_msgs-4.51.1-py3.10.egg-info/PKG-INFO
[0.978s] -- Up-to-date symlink: /home/orangepi/ros2_ws/install/realsense2_camera_msgs/local/lib/python3.10/dist-packages/realsense2_camera_msgs-4.51.1-py3.10.egg-info/SOURCES.txt
[0.978s] -- Up-to-date symlink: /home/orangepi/ros2_ws/install/realsense2_camera_msgs/local/lib/python3.10/dist-packages/realsense2_camera_msgs-4.51.1-py3.10.egg-info/dependency_links.txt
[0.979s] -- Up-to-date symlink: /home/orangepi/ros2_ws/install/realsense2_camera_msgs/local/lib/python3.10/dist-packages/realsense2_camera_msgs-4.51.1-py3.10.egg-info/top_level.txt
[0.979s] -- Up-to-date symlink: /home/orangepi/ros2_ws/install/realsense2_camera_msgs/local/lib/python3.10/dist-packages/realsense2_camera_msgs/__init__.py
[0.979s] -- Up-to-date symlink: /home/orangepi/ros2_ws/install/realsense2_camera_msgs/local/lib/python3.10/dist-packages/realsense2_camera_msgs/_realsense2_camera_msgs_s.ep.rosidl_typesupport_c.c
[0.980s] -- Up-to-date symlink: /home/orangepi/ros2_ws/install/realsense2_camera_msgs/local/lib/python3.10/dist-packages/realsense2_camera_msgs/_realsense2_camera_msgs_s.ep.rosidl_typesupport_fastrtps_c.c
[0.980s] -- Up-to-date symlink: /home/orangepi/ros2_ws/install/realsense2_camera_msgs/local/lib/python3.10/dist-packages/realsense2_camera_msgs/_realsense2_camera_msgs_s.ep.rosidl_typesupport_introspection_c.c
[0.981s] -- Up-to-date symlink: /home/orangepi/ros2_ws/install/realsense2_camera_msgs/local/lib/python3.10/dist-packages/realsense2_camera_msgs/librealsense2_camera_msgs__rosidl_generator_py.so
[0.981s] -- Up-to-date symlink: /home/orangepi/ros2_ws/install/realsense2_camera_msgs/local/lib/python3.10/dist-packages/realsense2_camera_msgs/msg/__init__.py
[0.981s] -- Up-to-date symlink: /home/orangepi/ros2_ws/install/realsense2_camera_msgs/local/lib/python3.10/dist-packages/realsense2_camera_msgs/msg/_extrinsics.py
[0.982s] -- Up-to-date symlink: /home/orangepi/ros2_ws/install/realsense2_camera_msgs/local/lib/python3.10/dist-packages/realsense2_camera_msgs/msg/_extrinsics_s.c
[0.982s] -- Up-to-date symlink: /home/orangepi/ros2_ws/install/realsense2_camera_msgs/local/lib/python3.10/dist-packages/realsense2_camera_msgs/msg/_imu_info.py
[0.983s] -- Up-to-date symlink: /home/orangepi/ros2_ws/install/realsense2_camera_msgs/local/lib/python3.10/dist-packages/realsense2_camera_msgs/msg/_imu_info_s.c
[0.983s] -- Up-to-date symlink: /home/orangepi/ros2_ws/install/realsense2_camera_msgs/local/lib/python3.10/dist-packages/realsense2_camera_msgs/msg/_metadata.py
[0.983s] -- Up-to-date symlink: /home/orangepi/ros2_ws/install/realsense2_camera_msgs/local/lib/python3.10/dist-packages/realsense2_camera_msgs/msg/_metadata_s.c
[0.984s] -- Up-to-date symlink: /home/orangepi/ros2_ws/install/realsense2_camera_msgs/local/lib/python3.10/dist-packages/realsense2_camera_msgs/realsense2_camera_msgs_s__rosidl_typesupport_c.cpython-310-aarch64-linux-gnu.so
[0.984s] -- Up-to-date symlink: /home/orangepi/ros2_ws/install/realsense2_camera_msgs/local/lib/python3.10/dist-packages/realsense2_camera_msgs/realsense2_camera_msgs_s__rosidl_typesupport_fastrtps_c.cpython-310-aarch64-linux-gnu.so
[0.984s] -- Up-to-date symlink: /home/orangepi/ros2_ws/install/realsense2_camera_msgs/local/lib/python3.10/dist-packages/realsense2_camera_msgs/realsense2_camera_msgs_s__rosidl_typesupport_introspection_c.cpython-310-aarch64-linux-gnu.so
[0.985s] -- Up-to-date symlink: /home/orangepi/ros2_ws/install/realsense2_camera_msgs/local/lib/python3.10/dist-packages/realsense2_camera_msgs/srv/__init__.py
[0.985s] -- Up-to-date symlink: /home/orangepi/ros2_ws/install/realsense2_camera_msgs/local/lib/python3.10/dist-packages/realsense2_camera_msgs/srv/_device_info.py
[0.986s] -- Up-to-date symlink: /home/orangepi/ros2_ws/install/realsense2_camera_msgs/local/lib/python3.10/dist-packages/realsense2_camera_msgs/srv/_device_info_s.c
[0.986s] -- Up-to-date symlink: /home/orangepi/ros2_ws/install/realsense2_camera_msgs/local/lib/python3.10/dist-packages/realsense2_camera_msgs/realsense2_camera_msgs_s__rosidl_typesupport_fastrtps_c.cpython-310-aarch64-linux-gnu.so
[0.986s] -- Up-to-date symlink: /home/orangepi/ros2_ws/install/realsense2_camera_msgs/local/lib/python3.10/dist-packages/realsense2_camera_msgs/realsense2_camera_msgs_s__rosidl_typesupport_introspection_c.cpython-310-aarch64-linux-gnu.so
[0.987s] -- Up-to-date symlink: /home/orangepi/ros2_ws/install/realsense2_camera_msgs/local/lib/python3.10/dist-packages/realsense2_camera_msgs/realsense2_camera_msgs_s__rosidl_typesupport_c.cpython-310-aarch64-linux-gnu.so
[0.987s] -- Up-to-date symlink: /home/orangepi/ros2_ws/install/realsense2_camera_msgs/share/realsense2_camera_msgs/msg/IMUInfo.idl
[0.988s] -- Up-to-date symlink: /home/orangepi/ros2_ws/install/realsense2_camera_msgs/share/realsense2_camera_msgs/msg/Extrinsics.idl
[0.988s] -- Up-to-date symlink: /home/orangepi/ros2_ws/install/realsense2_camera_msgs/share/realsense2_camera_msgs/msg/Metadata.idl
[0.988s] -- Up-to-date symlink: /home/orangepi/ros2_ws/install/realsense2_camera_msgs/share/realsense2_camera_msgs/srv/DeviceInfo.idl
[0.989s] -- Up-to-date symlink: /home/orangepi/ros2_ws/install/realsense2_camera_msgs/share/realsense2_camera_msgs/msg/IMUInfo.msg
[0.989s] -- Up-to-date symlink: /home/orangepi/ros2_ws/install/realsense2_camera_msgs/share/realsense2_camera_msgs/msg/Extrinsics.msg
[0.990s] -- Up-to-date symlink: /home/orangepi/ros2_ws/install/realsense2_camera_msgs/share/realsense2_camera_msgs/msg/Metadata.msg
[0.990s] -- Up-to-date symlink: /home/orangepi/ros2_ws/install/realsense2_camera_msgs/share/realsense2_camera_msgs/srv/DeviceInfo.srv
[0.990s] -- Up-to-date symlink: /home/orangepi/ros2_ws/install/realsense2_camera_msgs/share/realsense2_camera_msgs/srv/DeviceInfo_Request.msg
[0.991s] -- Up-to-date symlink: /home/orangepi/ros2_ws/install/realsense2_camera_msgs/share/realsense2_camera_msgs/srv/DeviceInfo_Response.msg
[0.991s] -- Up-to-date symlink: /home/orangepi/ros2_ws/install/realsense2_camera_msgs/share/ament_index/resource_index/package_run_dependencies/realsense2_camera_msgs
[0.991s] -- Up-to-date symlink: /home/orangepi/ros2_ws/install/realsense2_camera_msgs/share/ament_index/resource_index/parent_prefix_path/realsense2_camera_msgs
[0.992s] -- Up-to-date symlink: /home/orangepi/ros2_ws/install/realsense2_camera_msgs/share/realsense2_camera_msgs/environment/ament_prefix_path.sh
[0.992s] -- Up-to-date symlink: /home/orangepi/ros2_ws/install/realsense2_camera_msgs/share/realsense2_camera_msgs/environment/ament_prefix_path.dsv
[0.993s] -- Up-to-date symlink: /home/orangepi/ros2_ws/install/realsense2_camera_msgs/share/realsense2_camera_msgs/environment/path.sh
[0.993s] -- Up-to-date symlink: /home/orangepi/ros2_ws/install/realsense2_camera_msgs/share/realsense2_camera_msgs/environment/path.dsv
[0.994s] -- Up-to-date symlink: /home/orangepi/ros2_ws/install/realsense2_camera_msgs/share/realsense2_camera_msgs/local_setup.bash
[0.994s] -- Up-to-date symlink: /home/orangepi/ros2_ws/install/realsense2_camera_msgs/share/realsense2_camera_msgs/local_setup.sh
[0.994s] -- Up-to-date symlink: /home/orangepi/ros2_ws/install/realsense2_camera_msgs/share/realsense2_camera_msgs/local_setup.zsh
[0.995s] -- Up-to-date symlink: /home/orangepi/ros2_ws/install/realsense2_camera_msgs/share/realsense2_camera_msgs/local_setup.dsv
[0.995s] -- Symlinking: /home/orangepi/ros2_ws/install/realsense2_camera_msgs/share/realsense2_camera_msgs/package.dsv
[1.005s] -- Up-to-date symlink: /home/orangepi/ros2_ws/install/realsense2_camera_msgs/share/ament_index/resource_index/packages/realsense2_camera_msgs
[1.006s] -- Up-to-date symlink: /home/orangepi/ros2_ws/install/realsense2_camera_msgs/share/realsense2_camera_msgs/cmake/rosidl_cmake-extras.cmake
[1.007s] -- Up-to-date symlink: /home/orangepi/ros2_ws/install/realsense2_camera_msgs/share/realsense2_camera_msgs/cmake/ament_cmake_export_dependencies-extras.cmake
[1.007s] -- Up-to-date symlink: /home/orangepi/ros2_ws/install/realsense2_camera_msgs/share/realsense2_camera_msgs/cmake/ament_cmake_export_include_directories-extras.cmake
[1.008s] -- Up-to-date symlink: /home/orangepi/ros2_ws/install/realsense2_camera_msgs/share/realsense2_camera_msgs/cmake/ament_cmake_export_libraries-extras.cmake
[1.008s] -- Up-to-date symlink: /home/orangepi/ros2_ws/install/realsense2_camera_msgs/share/realsense2_camera_msgs/cmake/ament_cmake_export_targets-extras.cmake
[1.008s] -- Up-to-date symlink: /home/orangepi/ros2_ws/install/realsense2_camera_msgs/share/realsense2_camera_msgs/cmake/rosidl_cmake_export_typesupport_targets-extras.cmake
[1.009s] -- Up-to-date symlink: /home/orangepi/ros2_ws/install/realsense2_camera_msgs/share/realsense2_camera_msgs/cmake/rosidl_cmake_export_typesupport_libraries-extras.cmake
[1.009s] -- Up-to-date symlink: /home/orangepi/ros2_ws/install/realsense2_camera_msgs/share/realsense2_camera_msgs/cmake/realsense2_camera_msgsConfig.cmake
[1.010s] -- Up-to-date symlink: /home/orangepi/ros2_ws/install/realsense2_camera_msgs/share/realsense2_camera_msgs/cmake/realsense2_camera_msgsConfig-version.cmake
[1.011s] -- Up-to-date symlink: /home/orangepi/ros2_ws/install/realsense2_camera_msgs/share/realsense2_camera_msgs/package.xml
[1.012s] -- Up-to-date: /home/orangepi/ros2_ws/install/realsense2_camera_msgs/lib/librealsense2_camera_msgs__rosidl_generator_c.so
[1.013s] -- Up-to-date: /home/orangepi/ros2_ws/install/realsense2_camera_msgs/lib/librealsense2_camera_msgs__rosidl_typesupport_fastrtps_c.so
[1.013s] -- Up-to-date: /home/orangepi/ros2_ws/install/realsense2_camera_msgs/lib/librealsense2_camera_msgs__rosidl_typesupport_introspection_c.so
[1.014s] -- Up-to-date: /home/orangepi/ros2_ws/install/realsense2_camera_msgs/lib/librealsense2_camera_msgs__rosidl_typesupport_c.so
[1.014s] -- Up-to-date: /home/orangepi/ros2_ws/install/realsense2_camera_msgs/lib/librealsense2_camera_msgs__rosidl_typesupport_fastrtps_cpp.so
[1.014s] -- Up-to-date: /home/orangepi/ros2_ws/install/realsense2_camera_msgs/lib/librealsense2_camera_msgs__rosidl_typesupport_introspection_cpp.so
[1.015s] -- Up-to-date: /home/orangepi/ros2_ws/install/realsense2_camera_msgs/lib/librealsense2_camera_msgs__rosidl_typesupport_cpp.so
[1.060s] Listing '/home/orangepi/ros2_ws/install/realsense2_camera_msgs/local/lib/python3.10/dist-packages/realsense2_camera_msgs'...
[1.060s] Listing '/home/orangepi/ros2_ws/install/realsense2_camera_msgs/local/lib/python3.10/dist-packages/realsense2_camera_msgs/msg'...
[1.061s] Listing '/home/orangepi/ros2_ws/install/realsense2_camera_msgs/local/lib/python3.10/dist-packages/realsense2_camera_msgs/srv'...
[1.072s] -- Up-to-date: /home/orangepi/ros2_ws/install/realsense2_camera_msgs/lib/librealsense2_camera_msgs__rosidl_generator_py.so
[1.072s] -- Up-to-date: /home/orangepi/ros2_ws/install/realsense2_camera_msgs/share/realsense2_camera_msgs/cmake/export_realsense2_camera_msgs__rosidl_generator_cExport.cmake
[1.072s] -- Up-to-date: /home/orangepi/ros2_ws/install/realsense2_camera_msgs/share/realsense2_camera_msgs/cmake/export_realsense2_camera_msgs__rosidl_generator_cExport-noconfig.cmake
[1.073s] -- Up-to-date: /home/orangepi/ros2_ws/install/realsense2_camera_msgs/share/realsense2_camera_msgs/cmake/export_realsense2_camera_msgs__rosidl_typesupport_fastrtps_cExport.cmake
[1.073s] -- Up-to-date: /home/orangepi/ros2_ws/install/realsense2_camera_msgs/share/realsense2_camera_msgs/cmake/export_realsense2_camera_msgs__rosidl_typesupport_fastrtps_cExport-noconfig.cmake
[1.073s] -- Up-to-date: /home/orangepi/ros2_ws/install/realsense2_camera_msgs/share/realsense2_camera_msgs/cmake/realsense2_camera_msgs__rosidl_typesupport_introspection_cExport.cmake
[1.074s] -- Up-to-date: /home/orangepi/ros2_ws/install/realsense2_camera_msgs/share/realsense2_camera_msgs/cmake/realsense2_camera_msgs__rosidl_typesupport_introspection_cExport-noconfig.cmake
[1.074s] -- Up-to-date: /home/orangepi/ros2_ws/install/realsense2_camera_msgs/share/realsense2_camera_msgs/cmake/realsense2_camera_msgs__rosidl_typesupport_cExport.cmake
[1.075s] -- Up-to-date: /home/orangepi/ros2_ws/install/realsense2_camera_msgs/share/realsense2_camera_msgs/cmake/realsense2_camera_msgs__rosidl_typesupport_cExport-noconfig.cmake
[1.075s] -- Up-to-date: /home/orangepi/ros2_ws/install/realsense2_camera_msgs/share/realsense2_camera_msgs/cmake/export_realsense2_camera_msgs__rosidl_generator_cppExport.cmake
[1.076s] -- Up-to-date: /home/orangepi/ros2_ws/install/realsense2_camera_msgs/share/realsense2_camera_msgs/cmake/export_realsense2_camera_msgs__rosidl_typesupport_fastrtps_cppExport.cmake
[1.076s] -- Up-to-date: /home/orangepi/ros2_ws/install/realsense2_camera_msgs/share/realsense2_camera_msgs/cmake/export_realsense2_camera_msgs__rosidl_typesupport_fastrtps_cppExport-noconfig.cmake
[1.076s] -- Up-to-date: /home/orangepi/ros2_ws/install/realsense2_camera_msgs/share/realsense2_camera_msgs/cmake/realsense2_camera_msgs__rosidl_typesupport_introspection_cppExport.cmake
[1.077s] -- Up-to-date: /home/orangepi/ros2_ws/install/realsense2_camera_msgs/share/realsense2_camera_msgs/cmake/realsense2_camera_msgs__rosidl_typesupport_introspection_cppExport-noconfig.cmake
[1.077s] -- Up-to-date: /home/orangepi/ros2_ws/install/realsense2_camera_msgs/share/realsense2_camera_msgs/cmake/realsense2_camera_msgs__rosidl_typesupport_cppExport.cmake
[1.078s] -- Up-to-date: /home/orangepi/ros2_ws/install/realsense2_camera_msgs/share/realsense2_camera_msgs/cmake/realsense2_camera_msgs__rosidl_typesupport_cppExport-noconfig.cmake
[1.078s] -- Up-to-date: /home/orangepi/ros2_ws/install/realsense2_camera_msgs/share/realsense2_camera_msgs/cmake/export_realsense2_camera_msgs__rosidl_generator_pyExport.cmake
[1.078s] -- Up-to-date: /home/orangepi/ros2_ws/install/realsense2_camera_msgs/share/realsense2_camera_msgs/cmake/export_realsense2_camera_msgs__rosidl_generator_pyExport-noconfig.cmake
[1.081s] Invoked command in '/home/orangepi/ros2_ws/build/realsense2_camera_msgs' returned '0': CMAKE_PREFIX_PATH=${CMAKE_PREFIX_PATH}:/home/orangepi/ros2_ws/install/drone_utilities:/opt/ros/humble /usr/bin/cmake --install /home/orangepi/ros2_ws/build/realsense2_camera_msgs
