-- The C compiler identification is GNU 11.4.0
-- The CXX compiler identification is GNU 11.4.0
-- Detecting C compiler ABI info
-- Detecting C compiler ABI info - done
-- Check for working C compiler: /usr/bin/cc - skipped
-- Detecting C compile features
-- Detecting C compile features - done
-- Detecting CXX compiler ABI info
-- Detecting CXX compiler ABI info - done
-- Check for working CXX compiler: /usr/bin/c++ - skipped
-- Detecting CXX compile features
-- Detecting CXX compile features - done
-- Found ament_cmake: 1.3.11 (/opt/ros/humble/share/ament_cmake/cmake)
-- Found Python3: /usr/bin/python3 (found version "3.10.12") found components: Interpreter 
-- Override CMake install command with custom implementation using symlinks instead of copying resources
-- Found ament_lint_auto: 0.12.12 (/opt/ros/humble/share/ament_lint_auto/cmake)
-- Added test 'flake8' to check Python code syntax and style conventions
-- Added test 'lint_cmake' to check CMake code style
-- Added test 'pep257' to check Python code against some of the docstring style conventions in PEP 257
-- Added test 'xmllint' to check XML markup files
-- Configuring done
-- Generating done
-- Build files have been written to: /home/orangepi/ros2_ws/build/drone_bringup
-- Install configuration: ""
-- Execute custom install script
-- Symlinking: /home/orangepi/ros2_ws/install/drone_bringup/share/drone_bringup/launch/cameras.launch.py
-- Symlinking: /home/orangepi/ros2_ws/install/drone_bringup/share/drone_bringup/launch/navigation.launch.py
-- Symlinking: /home/orangepi/ros2_ws/install/drone_bringup/share/drone_bringup/launch/rtabmap_localization.launch.py
-- Symlinking: /home/orangepi/ros2_ws/install/drone_bringup/share/drone_bringup/launch/rtabmap_slam.launch.py
-- Symlinking: /home/orangepi/ros2_ws/install/drone_bringup/share/drone_bringup/params/nav2_params.yaml
-- Symlinking: /home/orangepi/ros2_ws/install/drone_bringup/share/drone_bringup/params/rtabmap_localization_params.yaml
-- Symlinking: /home/orangepi/ros2_ws/install/drone_bringup/share/drone_bringup/map/my.map.pgm
-- Symlinking: /home/orangepi/ros2_ws/install/drone_bringup/share/drone_bringup/map/my.map.yaml
-- Symlinking: /home/orangepi/ros2_ws/install/drone_bringup/share/drone_bringup/map/rtabmap.db
-- Symlinking: /home/orangepi/ros2_ws/install/drone_bringup/share/ament_index/resource_index/package_run_dependencies/drone_bringup
-- Symlinking: /home/orangepi/ros2_ws/install/drone_bringup/share/ament_index/resource_index/parent_prefix_path/drone_bringup
-- Symlinking: /home/orangepi/ros2_ws/install/drone_bringup/share/drone_bringup/environment/ament_prefix_path.sh
-- Symlinking: /home/orangepi/ros2_ws/install/drone_bringup/share/drone_bringup/environment/ament_prefix_path.dsv
-- Symlinking: /home/orangepi/ros2_ws/install/drone_bringup/share/drone_bringup/environment/path.sh
-- Symlinking: /home/orangepi/ros2_ws/install/drone_bringup/share/drone_bringup/environment/path.dsv
-- Symlinking: /home/orangepi/ros2_ws/install/drone_bringup/share/drone_bringup/local_setup.bash
-- Symlinking: /home/orangepi/ros2_ws/install/drone_bringup/share/drone_bringup/local_setup.sh
-- Symlinking: /home/orangepi/ros2_ws/install/drone_bringup/share/drone_bringup/local_setup.zsh
-- Symlinking: /home/orangepi/ros2_ws/install/drone_bringup/share/drone_bringup/local_setup.dsv
-- Symlinking: /home/orangepi/ros2_ws/install/drone_bringup/share/drone_bringup/package.dsv
-- Symlinking: /home/orangepi/ros2_ws/install/drone_bringup/share/ament_index/resource_index/packages/drone_bringup
-- Symlinking: /home/orangepi/ros2_ws/install/drone_bringup/share/drone_bringup/cmake/drone_bringupConfig.cmake
-- Symlinking: /home/orangepi/ros2_ws/install/drone_bringup/share/drone_bringup/cmake/drone_bringupConfig-version.cmake
-- Symlinking: /home/orangepi/ros2_ws/install/drone_bringup/share/drone_bringup/package.xml
