[0.045s] Invoking command in '/home/orangepi/ros2_ws/build/drone_bringup': CMAKE_PREFIX_PATH=/home/orangepi/ros2_ws/install/realsense2_camera:/home/orangepi/ros2_ws/install/realsense2_camera_msgs:/home/orangepi/ros2_ws/install/realsense2_description:/home/orangepi/ros2_ws/install/drone_bringup:/home/orangepi/ros2_ws/install/drone_description:/opt/ros/humble /usr/bin/cmake /home/orangepi/ros2_ws/src/drone_bringup -DAMENT_CMAKE_SYMLINK_INSTALL=1 -DCMAKE_INSTALL_PREFIX=/home/orangepi/ros2_ws/install/drone_bringup
[0.727s] -- The C compiler identification is GNU 11.4.0
[0.925s] -- The CXX compiler identification is GNU 11.4.0
[0.963s] -- Detecting C compiler ABI info
[1.235s] -- Detecting C compiler ABI info - done
[1.272s] -- Check for working C compiler: /usr/bin/cc - skipped
[1.274s] -- Detecting C compile features
[1.277s] -- Detecting C compile features - done
[1.292s] -- Detecting CXX compiler ABI info
[1.548s] -- Detecting CXX compiler ABI info - done
[1.562s] -- Check for working CXX compiler: /usr/bin/c++ - skipped
[1.562s] -- Detecting CXX compile features
[1.562s] -- Detecting CXX compile features - done
[1.590s] -- Found ament_cmake: 1.3.11 (/opt/ros/humble/share/ament_cmake/cmake)
[2.033s] -- Found Python3: /usr/bin/python3 (found version "3.10.12") found components: Interpreter 
[2.221s] -- Override CMake install command with custom implementation using symlinks instead of copying resources
[2.436s] -- Found ament_lint_auto: 0.12.12 (/opt/ros/humble/share/ament_lint_auto/cmake)
[2.717s] -- Added test 'flake8' to check Python code syntax and style conventions
[2.721s] -- Added test 'lint_cmake' to check CMake code style
[2.723s] -- Added test 'pep257' to check Python code against some of the docstring style conventions in PEP 257
[2.730s] -- Added test 'xmllint' to check XML markup files
[2.738s] -- Configuring done
[2.747s] -- Generating done
[2.749s] -- Build files have been written to: /home/orangepi/ros2_ws/build/drone_bringup
[2.762s] Invoked command in '/home/orangepi/ros2_ws/build/drone_bringup' returned '0': CMAKE_PREFIX_PATH=/home/orangepi/ros2_ws/install/realsense2_camera:/home/orangepi/ros2_ws/install/realsense2_camera_msgs:/home/orangepi/ros2_ws/install/realsense2_description:/home/orangepi/ros2_ws/install/drone_bringup:/home/orangepi/ros2_ws/install/drone_description:/opt/ros/humble /usr/bin/cmake /home/orangepi/ros2_ws/src/drone_bringup -DAMENT_CMAKE_SYMLINK_INSTALL=1 -DCMAKE_INSTALL_PREFIX=/home/orangepi/ros2_ws/install/drone_bringup
[2.771s] Invoking command in '/home/orangepi/ros2_ws/build/drone_bringup': CMAKE_PREFIX_PATH=/home/orangepi/ros2_ws/install/realsense2_camera:/home/orangepi/ros2_ws/install/realsense2_camera_msgs:/home/orangepi/ros2_ws/install/realsense2_description:/home/orangepi/ros2_ws/install/drone_bringup:/home/orangepi/ros2_ws/install/drone_description:/opt/ros/humble /usr/bin/cmake --build /home/orangepi/ros2_ws/build/drone_bringup -- -j8 -l8
[2.928s] Invoked command in '/home/orangepi/ros2_ws/build/drone_bringup' returned '0': CMAKE_PREFIX_PATH=/home/orangepi/ros2_ws/install/realsense2_camera:/home/orangepi/ros2_ws/install/realsense2_camera_msgs:/home/orangepi/ros2_ws/install/realsense2_description:/home/orangepi/ros2_ws/install/drone_bringup:/home/orangepi/ros2_ws/install/drone_description:/opt/ros/humble /usr/bin/cmake --build /home/orangepi/ros2_ws/build/drone_bringup -- -j8 -l8
[2.931s] Invoking command in '/home/orangepi/ros2_ws/build/drone_bringup': CMAKE_PREFIX_PATH=/home/orangepi/ros2_ws/install/realsense2_camera:/home/orangepi/ros2_ws/install/realsense2_camera_msgs:/home/orangepi/ros2_ws/install/realsense2_description:/home/orangepi/ros2_ws/install/drone_bringup:/home/orangepi/ros2_ws/install/drone_description:/opt/ros/humble /usr/bin/cmake --install /home/orangepi/ros2_ws/build/drone_bringup
[2.958s] -- Install configuration: ""
[2.959s] -- Execute custom install script
[2.960s] -- Symlinking: /home/orangepi/ros2_ws/install/drone_bringup/share/drone_bringup/launch/cameras.launch.py
[2.994s] -- Symlinking: /home/orangepi/ros2_ws/install/drone_bringup/share/drone_bringup/launch/navigation.launch.py
[3.026s] -- Symlinking: /home/orangepi/ros2_ws/install/drone_bringup/share/drone_bringup/launch/rtabmap_localization.launch.py
[3.057s] -- Symlinking: /home/orangepi/ros2_ws/install/drone_bringup/share/drone_bringup/launch/rtabmap_slam.launch.py
[3.097s] -- Symlinking: /home/orangepi/ros2_ws/install/drone_bringup/share/drone_bringup/params/nav2_params.yaml
[3.134s] -- Symlinking: /home/orangepi/ros2_ws/install/drone_bringup/share/drone_bringup/params/rtabmap_localization_params.yaml
[3.166s] -- Symlinking: /home/orangepi/ros2_ws/install/drone_bringup/share/drone_bringup/map/my.map.pgm
[3.196s] -- Symlinking: /home/orangepi/ros2_ws/install/drone_bringup/share/drone_bringup/map/my.map.yaml
[3.234s] -- Symlinking: /home/orangepi/ros2_ws/install/drone_bringup/share/drone_bringup/map/rtabmap.db
[3.271s] -- Symlinking: /home/orangepi/ros2_ws/install/drone_bringup/share/ament_index/resource_index/package_run_dependencies/drone_bringup
[3.308s] -- Symlinking: /home/orangepi/ros2_ws/install/drone_bringup/share/ament_index/resource_index/parent_prefix_path/drone_bringup
[3.340s] -- Symlinking: /home/orangepi/ros2_ws/install/drone_bringup/share/drone_bringup/environment/ament_prefix_path.sh
[3.376s] -- Symlinking: /home/orangepi/ros2_ws/install/drone_bringup/share/drone_bringup/environment/ament_prefix_path.dsv
[3.406s] -- Symlinking: /home/orangepi/ros2_ws/install/drone_bringup/share/drone_bringup/environment/path.sh
[3.444s] -- Symlinking: /home/orangepi/ros2_ws/install/drone_bringup/share/drone_bringup/environment/path.dsv
[3.479s] -- Symlinking: /home/orangepi/ros2_ws/install/drone_bringup/share/drone_bringup/local_setup.bash
[3.509s] -- Symlinking: /home/orangepi/ros2_ws/install/drone_bringup/share/drone_bringup/local_setup.sh
[3.538s] -- Symlinking: /home/orangepi/ros2_ws/install/drone_bringup/share/drone_bringup/local_setup.zsh
[3.579s] -- Symlinking: /home/orangepi/ros2_ws/install/drone_bringup/share/drone_bringup/local_setup.dsv
[3.621s] -- Symlinking: /home/orangepi/ros2_ws/install/drone_bringup/share/drone_bringup/package.dsv
[3.655s] -- Symlinking: /home/orangepi/ros2_ws/install/drone_bringup/share/ament_index/resource_index/packages/drone_bringup
[3.680s] -- Symlinking: /home/orangepi/ros2_ws/install/drone_bringup/share/drone_bringup/cmake/drone_bringupConfig.cmake
[3.715s] -- Symlinking: /home/orangepi/ros2_ws/install/drone_bringup/share/drone_bringup/cmake/drone_bringupConfig-version.cmake
[3.745s] -- Symlinking: /home/orangepi/ros2_ws/install/drone_bringup/share/drone_bringup/package.xml
[3.794s] Invoked command in '/home/orangepi/ros2_ws/build/drone_bringup' returned '0': CMAKE_PREFIX_PATH=/home/orangepi/ros2_ws/install/realsense2_camera:/home/orangepi/ros2_ws/install/realsense2_camera_msgs:/home/orangepi/ros2_ws/install/realsense2_description:/home/orangepi/ros2_ws/install/drone_bringup:/home/orangepi/ros2_ws/install/drone_description:/opt/ros/humble /usr/bin/cmake --install /home/orangepi/ros2_ws/build/drone_bringup
