[1.231s] Invoking command in '/home/orangepi/ros2_ws/build/drone_utilities': PYTHONPATH=/home/orangepi/ros2_ws/build/drone_utilities/prefix_override:/usr/lib/python3/dist-packages/colcon_core/task/python/colcon_distutils_commands:/home/orangepi/ros2_ws/install/drone_utilities/lib/python3.10/site-packages:${PYTHONPATH} /usr/bin/python3 -W ignore:setup.py install is deprecated -W ignore:easy_install command is deprecated setup.py develop --editable --build-directory /home/orangepi/ros2_ws/build/drone_utilities/build --no-deps symlink_data
[1.674s] running develop
[1.883s] running egg_info
[1.884s] writing drone_utilities.egg-info/PKG-INFO
[1.884s] writing dependency_links to drone_utilities.egg-info/dependency_links.txt
[1.887s] writing entry points to drone_utilities.egg-info/entry_points.txt
[1.888s] writing requirements to drone_utilities.egg-info/requires.txt
[1.889s] writing top-level names to drone_utilities.egg-info/top_level.txt
[1.893s] reading manifest file 'drone_utilities.egg-info/SOURCES.txt'
[1.896s] writing manifest file 'drone_utilities.egg-info/SOURCES.txt'
[1.897s] running build_ext
[1.898s] Creating /home/orangepi/ros2_ws/install/drone_utilities/lib/python3.10/site-packages/drone-utilities.egg-link (link to .)
[1.899s] Installing drone_dashboard_gui script to /home/orangepi/ros2_ws/install/drone_utilities/lib/drone_utilities
[1.899s] Installing odom_to_pose_converter script to /home/orangepi/ros2_ws/install/drone_utilities/lib/drone_utilities
[1.901s] Installing odom_to_twist script to /home/orangepi/ros2_ws/install/drone_utilities/lib/drone_utilities
[1.907s] Installing t265_to_mav script to /home/orangepi/ros2_ws/install/drone_utilities/lib/drone_utilities
[1.908s] Installing waypoint_land_navigator script to /home/orangepi/ros2_ws/install/drone_utilities/lib/drone_utilities
[1.910s] Installing waypoint_navigator script to /home/orangepi/ros2_ws/install/drone_utilities/lib/drone_utilities
[1.911s] 
[1.912s] Installed /home/orangepi/ros2_ws/build/drone_utilities
[1.912s] running symlink_data
[2.019s] Invoked command in '/home/orangepi/ros2_ws/build/drone_utilities' returned '0': PYTHONPATH=/home/orangepi/ros2_ws/build/drone_utilities/prefix_override:/usr/lib/python3/dist-packages/colcon_core/task/python/colcon_distutils_commands:/home/orangepi/ros2_ws/install/drone_utilities/lib/python3.10/site-packages:${PYTHONPATH} /usr/bin/python3 -W ignore:setup.py install is deprecated -W ignore:easy_install command is deprecated setup.py develop --editable --build-directory /home/orangepi/ros2_ws/build/drone_utilities/build --no-deps symlink_data
