running develop
running egg_info
creating drone_utilities.egg-info
writing drone_utilities.egg-info/PKG-INFO
writing dependency_links to drone_utilities.egg-info/dependency_links.txt
writing entry points to drone_utilities.egg-info/entry_points.txt
writing requirements to drone_utilities.egg-info/requires.txt
writing top-level names to drone_utilities.egg-info/top_level.txt
writing manifest file 'drone_utilities.egg-info/SOURCES.txt'
reading manifest file 'drone_utilities.egg-info/SOURCES.txt'
writing manifest file 'drone_utilities.egg-info/SOURCES.txt'
running build_ext
Creating /home/orangepi/ros2_ws/install/drone_utilities/lib/python3.10/site-packages/drone-utilities.egg-link (link to .)
Installing odom_to_pose_converter script to /home/orangepi/ros2_ws/install/drone_utilities/lib/drone_utilities

Installed /home/orangepi/ros2_ws/build/drone_utilities
running symlink_data
creating /home/orangepi/ros2_ws/install/drone_utilities/share/ament_index
creating /home/orangepi/ros2_ws/install/drone_utilities/share/ament_index/resource_index
creating /home/orangepi/ros2_ws/install/drone_utilities/share/ament_index/resource_index/packages
symbolically linking /home/orangepi/ros2_ws/build/drone_utilities/resource/drone_utilities -> /home/orangepi/ros2_ws/install/drone_utilities/share/ament_index/resource_index/packages
symbolically linking /home/orangepi/ros2_ws/build/drone_utilities/package.xml -> /home/orangepi/ros2_ws/install/drone_utilities/share/drone_utilities
