[1.217s] Invoking command in '/home/orangepi/ros2_ws/build/drone_utilities': PYTHONPATH=/home/orangepi/ros2_ws/build/drone_utilities/prefix_override:/usr/lib/python3/dist-packages/colcon_core/task/python/colcon_distutils_commands:/home/orangepi/ros2_ws/install/drone_utilities/lib/python3.10/site-packages:${PYTHONPATH} /usr/bin/python3 -W ignore:setup.py install is deprecated -W ignore:easy_install command is deprecated setup.py develop --editable --build-directory /home/orangepi/ros2_ws/build/drone_utilities/build --no-deps symlink_data
[1.583s] running develop
[1.774s] running egg_info
[1.774s] creating drone_utilities.egg-info
[1.775s] writing drone_utilities.egg-info/PKG-INFO
[1.775s] writing dependency_links to drone_utilities.egg-info/dependency_links.txt
[1.776s] writing entry points to drone_utilities.egg-info/entry_points.txt
[1.776s] writing requirements to drone_utilities.egg-info/requires.txt
[1.777s] writing top-level names to drone_utilities.egg-info/top_level.txt
[1.777s] writing manifest file 'drone_utilities.egg-info/SOURCES.txt'
[1.778s] reading manifest file 'drone_utilities.egg-info/SOURCES.txt'
[1.778s] writing manifest file 'drone_utilities.egg-info/SOURCES.txt'
[1.784s] running build_ext
[1.785s] Creating /home/orangepi/ros2_ws/install/drone_utilities/lib/python3.10/site-packages/drone-utilities.egg-link (link to .)
[1.785s] Installing odom_to_pose_converter script to /home/orangepi/ros2_ws/install/drone_utilities/lib/drone_utilities
[1.786s] 
[1.786s] Installed /home/orangepi/ros2_ws/build/drone_utilities
[1.787s] running symlink_data
[1.787s] creating /home/orangepi/ros2_ws/install/drone_utilities/share/ament_index
[1.788s] creating /home/orangepi/ros2_ws/install/drone_utilities/share/ament_index/resource_index
[1.788s] creating /home/orangepi/ros2_ws/install/drone_utilities/share/ament_index/resource_index/packages
[1.789s] symbolically linking /home/orangepi/ros2_ws/build/drone_utilities/resource/drone_utilities -> /home/orangepi/ros2_ws/install/drone_utilities/share/ament_index/resource_index/packages
[1.789s] symbolically linking /home/orangepi/ros2_ws/build/drone_utilities/package.xml -> /home/orangepi/ros2_ws/install/drone_utilities/share/drone_utilities
[1.887s] Invoked command in '/home/orangepi/ros2_ws/build/drone_utilities' returned '0': PYTHONPATH=/home/orangepi/ros2_ws/build/drone_utilities/prefix_override:/usr/lib/python3/dist-packages/colcon_core/task/python/colcon_distutils_commands:/home/orangepi/ros2_ws/install/drone_utilities/lib/python3.10/site-packages:${PYTHONPATH} /usr/bin/python3 -W ignore:setup.py install is deprecated -W ignore:easy_install command is deprecated setup.py develop --editable --build-directory /home/orangepi/ros2_ws/build/drone_utilities/build --no-deps symlink_data
