[0.034s] Invoking command in '/home/orangepi/ros2_ws/build/drone_description': CMAKE_PREFIX_PATH=${CMAKE_PREFIX_PATH}:/opt/ros/humble /usr/bin/cmake --build /home/orangepi/ros2_ws/build/drone_description -- -j8 -l8
[0.319s] Invoked command in '/home/orangepi/ros2_ws/build/drone_description' returned '0': CMAKE_PREFIX_PATH=${CMAKE_PREFIX_PATH}:/opt/ros/humble /usr/bin/cmake --build /home/orangepi/ros2_ws/build/drone_description -- -j8 -l8
[0.366s] Invoking command in '/home/orangepi/ros2_ws/build/drone_description': CMAKE_PREFIX_PATH=${CMAKE_PREFIX_PATH}:/opt/ros/humble /usr/bin/cmake --install /home/orangepi/ros2_ws/build/drone_description
[0.388s] -- Install configuration: ""
[0.390s] -- Execute custom install script
[0.391s] -- Up-to-date symlink: /home/orangepi/ros2_ws/install/drone_description/share/drone_description/urdf/drone.urdf.xacro
[0.391s] -- Up-to-date symlink: /home/orangepi/ros2_ws/install/drone_description/share/drone_description/urdf/my_d rone.gv
[0.392s] -- Up-to-date symlink: /home/orangepi/ros2_ws/install/drone_description/share/drone_description/urdf/my_drone.gv
[0.392s] -- Up-to-date symlink: /home/orangepi/ros2_ws/install/drone_description/share/drone_description/urdf/my_drone.pdf
[0.393s] -- Up-to-date symlink: /home/orangepi/ros2_ws/install/drone_description/share/drone_description/launch/display.launch.py
[0.394s] -- Up-to-date symlink: /home/orangepi/ros2_ws/install/drone_description/share/drone_description/urdf/drone.urdf.xacro
[0.394s] -- Up-to-date symlink: /home/orangepi/ros2_ws/install/drone_description/share/drone_description/urdf/my_d rone.gv
[0.395s] -- Up-to-date symlink: /home/orangepi/ros2_ws/install/drone_description/share/drone_description/urdf/my_drone.gv
[0.397s] -- Up-to-date symlink: /home/orangepi/ros2_ws/install/drone_description/share/drone_description/urdf/my_drone.pdf
[0.397s] -- Up-to-date symlink: /home/orangepi/ros2_ws/install/drone_description/share/drone_description/rviz/display.rviz
[0.397s] -- Up-to-date symlink: /home/orangepi/ros2_ws/install/drone_description/share/ament_index/resource_index/package_run_dependencies/drone_description
[0.398s] -- Up-to-date symlink: /home/orangepi/ros2_ws/install/drone_description/share/ament_index/resource_index/parent_prefix_path/drone_description
[0.398s] -- Up-to-date symlink: /home/orangepi/ros2_ws/install/drone_description/share/drone_description/environment/ament_prefix_path.sh
[0.399s] -- Up-to-date symlink: /home/orangepi/ros2_ws/install/drone_description/share/drone_description/environment/ament_prefix_path.dsv
[0.400s] -- Up-to-date symlink: /home/orangepi/ros2_ws/install/drone_description/share/drone_description/environment/path.sh
[0.400s] -- Up-to-date symlink: /home/orangepi/ros2_ws/install/drone_description/share/drone_description/environment/path.dsv
[0.401s] -- Up-to-date symlink: /home/orangepi/ros2_ws/install/drone_description/share/drone_description/local_setup.bash
[0.401s] -- Up-to-date symlink: /home/orangepi/ros2_ws/install/drone_description/share/drone_description/local_setup.sh
[0.402s] -- Up-to-date symlink: /home/orangepi/ros2_ws/install/drone_description/share/drone_description/local_setup.zsh
[0.403s] -- Up-to-date symlink: /home/orangepi/ros2_ws/install/drone_description/share/drone_description/local_setup.dsv
[0.403s] -- Symlinking: /home/orangepi/ros2_ws/install/drone_description/share/drone_description/package.dsv
[0.431s] -- Up-to-date symlink: /home/orangepi/ros2_ws/install/drone_description/share/ament_index/resource_index/packages/drone_description
[0.431s] -- Up-to-date symlink: /home/orangepi/ros2_ws/install/drone_description/share/drone_description/cmake/drone_descriptionConfig.cmake
[0.432s] -- Up-to-date symlink: /home/orangepi/ros2_ws/install/drone_description/share/drone_description/cmake/drone_descriptionConfig-version.cmake
[0.432s] -- Up-to-date symlink: /home/orangepi/ros2_ws/install/drone_description/share/drone_description/package.xml
[0.435s] Invoked command in '/home/orangepi/ros2_ws/build/drone_description' returned '0': CMAKE_PREFIX_PATH=${CMAKE_PREFIX_PATH}:/opt/ros/humble /usr/bin/cmake --install /home/orangepi/ros2_ws/build/drone_description
