[0.064s] Invoking command in '/home/orangepi/ros2_ws/build/drone_description': CMAKE_PREFIX_PATH=${CMAKE_PREFIX_PATH}:/opt/ros/humble /usr/bin/cmake /home/orangepi/ros2_ws/src/drone_description -DAMENT_CMAKE_SYMLINK_INSTALL=1 -DCMAKE_INSTALL_PREFIX=/home/orangepi/ros2_ws/install/drone_description
[0.679s] -- The C compiler identification is GNU 11.4.0
[1.190s] -- The CXX compiler identification is GNU 11.4.0
[1.227s] -- Detecting C compiler ABI info
[1.509s] -- Detecting C compiler ABI info - done
[1.546s] -- Check for working C compiler: /usr/bin/cc - skipped
[1.548s] -- Detecting C compile features
[1.551s] -- Detecting C compile features - done
[1.566s] -- Detecting CXX compiler ABI info
[1.847s] -- Detecting CXX compiler ABI info - done
[1.887s] -- Check for working CXX compiler: /usr/bin/c++ - skipped
[1.888s] -- Detecting CXX compile features
[1.890s] -- Detecting CXX compile features - done
[1.896s] -- Found ament_cmake: 1.3.11 (/opt/ros/humble/share/ament_cmake/cmake)
[2.325s] -- Found Python3: /usr/bin/python3 (found version "3.10.12") found components: Interpreter 
[2.484s] -- Override CMake install command with custom implementation using symlinks instead of copying resources
[2.615s] -- Found ament_lint_auto: 0.12.12 (/opt/ros/humble/share/ament_lint_auto/cmake)
[2.622s] -- Found robot_state_publisher: 3.0.3 (/opt/ros/humble/share/robot_state_publisher/cmake)
[2.716s] -- Found rosidl_generator_c: 3.1.6 (/opt/ros/humble/share/rosidl_generator_c/cmake)
[2.725s] -- Found rosidl_adapter: 3.1.6 (/opt/ros/humble/share/rosidl_adapter/cmake)
[2.744s] -- Found rosidl_generator_cpp: 3.1.6 (/opt/ros/humble/share/rosidl_generator_cpp/cmake)
[2.784s] -- Using all available rosidl_typesupport_c: rosidl_typesupport_fastrtps_c;rosidl_typesupport_introspection_c
[2.808s] -- Using all available rosidl_typesupport_cpp: rosidl_typesupport_fastrtps_cpp;rosidl_typesupport_introspection_cpp
[2.970s] -- Found eigen3_cmake_module: 0.1.1 (/opt/ros/humble/share/eigen3_cmake_module/cmake)
[2.974s] -- Found Eigen3: TRUE (found version "3.4.0") 
[2.975s] -- Ensuring Eigen3 include directory is part of orocos-kdl CMake target
[3.119s] -- Found rmw_implementation_cmake: 6.1.2 (/opt/ros/humble/share/rmw_implementation_cmake/cmake)
[3.127s] -- Found rmw_fastrtps_cpp: 6.2.7 (/opt/ros/humble/share/rmw_fastrtps_cpp/cmake)
[3.416s] -- Found OpenSSL: /usr/lib/aarch64-linux-gnu/libcrypto.so (found version "3.0.2")  
[3.507s] -- Found FastRTPS: /opt/ros/humble/include  
[3.603s] -- Using RMW implementation 'rmw_fastrtps_cpp' as default
[3.641s] -- Looking for pthread.h
[3.938s] -- Looking for pthread.h - found
[3.938s] -- Performing Test CMAKE_HAVE_LIBC_PTHREAD
[4.196s] -- Performing Test CMAKE_HAVE_LIBC_PTHREAD - Success
[4.200s] -- Found Threads: TRUE  
[4.796s] -- Found rviz2: 11.2.17 (/opt/ros/humble/share/rviz2/cmake)
[5.008s] -- Added test 'flake8' to check Python code syntax and style conventions
[5.009s] -- Added test 'lint_cmake' to check CMake code style
[5.011s] -- Added test 'pep257' to check Python code against some of the docstring style conventions in PEP 257
[5.014s] -- Added test 'xmllint' to check XML markup files
[5.019s] -- Configuring done
[5.030s] -- Generating done
[5.035s] -- Build files have been written to: /home/orangepi/ros2_ws/build/drone_description
[5.077s] Invoked command in '/home/orangepi/ros2_ws/build/drone_description' returned '0': CMAKE_PREFIX_PATH=${CMAKE_PREFIX_PATH}:/opt/ros/humble /usr/bin/cmake /home/orangepi/ros2_ws/src/drone_description -DAMENT_CMAKE_SYMLINK_INSTALL=1 -DCMAKE_INSTALL_PREFIX=/home/orangepi/ros2_ws/install/drone_description
[5.081s] Invoking command in '/home/orangepi/ros2_ws/build/drone_description': CMAKE_PREFIX_PATH=${CMAKE_PREFIX_PATH}:/opt/ros/humble /usr/bin/cmake --build /home/orangepi/ros2_ws/build/drone_description -- -j8 -l8
[5.246s] Invoked command in '/home/orangepi/ros2_ws/build/drone_description' returned '0': CMAKE_PREFIX_PATH=${CMAKE_PREFIX_PATH}:/opt/ros/humble /usr/bin/cmake --build /home/orangepi/ros2_ws/build/drone_description -- -j8 -l8
[5.279s] Invoking command in '/home/orangepi/ros2_ws/build/drone_description': CMAKE_PREFIX_PATH=${CMAKE_PREFIX_PATH}:/opt/ros/humble /usr/bin/cmake --install /home/orangepi/ros2_ws/build/drone_description
[5.302s] -- Install configuration: ""
[5.303s] -- Execute custom install script
[5.304s] -- Symlinking: /home/orangepi/ros2_ws/install/drone_description/share/drone_description/urdf/drone.urdf.xacro
[5.341s] -- Symlinking: /home/orangepi/ros2_ws/install/drone_description/share/drone_description/urdf/my_d rone.gv
[5.375s] -- Symlinking: /home/orangepi/ros2_ws/install/drone_description/share/drone_description/urdf/my_drone.gv
[5.411s] -- Symlinking: /home/orangepi/ros2_ws/install/drone_description/share/drone_description/urdf/my_drone.pdf
[5.440s] -- Symlinking: /home/orangepi/ros2_ws/install/drone_description/share/drone_description/launch/display.launch.py
[5.473s] -- Up-to-date symlink: /home/orangepi/ros2_ws/install/drone_description/share/drone_description/urdf/drone.urdf.xacro
[5.474s] -- Up-to-date symlink: /home/orangepi/ros2_ws/install/drone_description/share/drone_description/urdf/my_d rone.gv
[5.474s] -- Up-to-date symlink: /home/orangepi/ros2_ws/install/drone_description/share/drone_description/urdf/my_drone.gv
[5.474s] -- Up-to-date symlink: /home/orangepi/ros2_ws/install/drone_description/share/drone_description/urdf/my_drone.pdf
[5.475s] -- Symlinking: /home/orangepi/ros2_ws/install/drone_description/share/drone_description/rviz/display.rviz
[5.507s] -- Symlinking: /home/orangepi/ros2_ws/install/drone_description/share/ament_index/resource_index/package_run_dependencies/drone_description
[5.535s] -- Symlinking: /home/orangepi/ros2_ws/install/drone_description/share/ament_index/resource_index/parent_prefix_path/drone_description
[5.552s] -- Symlinking: /home/orangepi/ros2_ws/install/drone_description/share/drone_description/environment/ament_prefix_path.sh
[5.568s] -- Symlinking: /home/orangepi/ros2_ws/install/drone_description/share/drone_description/environment/ament_prefix_path.dsv
[5.584s] -- Symlinking: /home/orangepi/ros2_ws/install/drone_description/share/drone_description/environment/path.sh
[5.612s] -- Symlinking: /home/orangepi/ros2_ws/install/drone_description/share/drone_description/environment/path.dsv
[5.629s] -- Symlinking: /home/orangepi/ros2_ws/install/drone_description/share/drone_description/local_setup.bash
[5.666s] -- Symlinking: /home/orangepi/ros2_ws/install/drone_description/share/drone_description/local_setup.sh
[5.704s] -- Symlinking: /home/orangepi/ros2_ws/install/drone_description/share/drone_description/local_setup.zsh
[5.736s] -- Symlinking: /home/orangepi/ros2_ws/install/drone_description/share/drone_description/local_setup.dsv
[5.775s] -- Symlinking: /home/orangepi/ros2_ws/install/drone_description/share/drone_description/package.dsv
[5.809s] -- Symlinking: /home/orangepi/ros2_ws/install/drone_description/share/ament_index/resource_index/packages/drone_description
[5.843s] -- Symlinking: /home/orangepi/ros2_ws/install/drone_description/share/drone_description/cmake/drone_descriptionConfig.cmake
[5.874s] -- Symlinking: /home/orangepi/ros2_ws/install/drone_description/share/drone_description/cmake/drone_descriptionConfig-version.cmake
[5.907s] -- Symlinking: /home/orangepi/ros2_ws/install/drone_description/share/drone_description/package.xml
[5.948s] Invoked command in '/home/orangepi/ros2_ws/build/drone_description' returned '0': CMAKE_PREFIX_PATH=${CMAKE_PREFIX_PATH}:/opt/ros/humble /usr/bin/cmake --install /home/orangepi/ros2_ws/build/drone_description
