[0.034s] Invoking command in '/home/orangepi/ros2_ws/build/drone_bringup': CMAKE_PREFIX_PATH=/home/orangepi/ros2_ws/install/realsense2_camera:/home/orangepi/ros2_ws/install/realsense2_camera_msgs:/home/orangepi/ros2_ws/install/realsense2_description:/home/orangepi/ros2_ws/install/drone_bringup:/home/orangepi/ros2_ws/install/drone_description:/home/orangepi/mavros_ws/install/mavros_extras:/home/orangepi/mavros_ws/install/mavros:/home/orangepi/mavros_ws/install/mavros_msgs:/home/orangepi/mavros_ws/install/libmavconn:/home/orangepi/ros2_ws/install/drone_utilities:/opt/ros/humble /usr/bin/cmake --build /home/orangepi/ros2_ws/build/drone_bringup -- -j8 -l8
[0.188s] Invoked command in '/home/orangepi/ros2_ws/build/drone_bringup' returned '0': CMAKE_PREFIX_PATH=/home/orangepi/ros2_ws/install/realsense2_camera:/home/orangepi/ros2_ws/install/realsense2_camera_msgs:/home/orangepi/ros2_ws/install/realsense2_description:/home/orangepi/ros2_ws/install/drone_bringup:/home/orangepi/ros2_ws/install/drone_description:/home/orangepi/mavros_ws/install/mavros_extras:/home/orangepi/mavros_ws/install/mavros:/home/orangepi/mavros_ws/install/mavros_msgs:/home/orangepi/mavros_ws/install/libmavconn:/home/orangepi/ros2_ws/install/drone_utilities:/opt/ros/humble /usr/bin/cmake --build /home/orangepi/ros2_ws/build/drone_bringup -- -j8 -l8
[0.194s] Invoking command in '/home/orangepi/ros2_ws/build/drone_bringup': CMAKE_PREFIX_PATH=/home/orangepi/ros2_ws/install/realsense2_camera:/home/orangepi/ros2_ws/install/realsense2_camera_msgs:/home/orangepi/ros2_ws/install/realsense2_description:/home/orangepi/ros2_ws/install/drone_bringup:/home/orangepi/ros2_ws/install/drone_description:/home/orangepi/mavros_ws/install/mavros_extras:/home/orangepi/mavros_ws/install/mavros:/home/orangepi/mavros_ws/install/mavros_msgs:/home/orangepi/mavros_ws/install/libmavconn:/home/orangepi/ros2_ws/install/drone_utilities:/opt/ros/humble /usr/bin/cmake --install /home/orangepi/ros2_ws/build/drone_bringup
[0.203s] -- Install configuration: ""
[0.206s] -- Execute custom install script
[0.207s] -- Up-to-date symlink: /home/orangepi/ros2_ws/install/drone_bringup/share/drone_bringup/launch/cameras.launch.py
[0.208s] -- Up-to-date symlink: /home/orangepi/ros2_ws/install/drone_bringup/share/drone_bringup/launch/mavros.launch.py
[0.209s] -- Up-to-date symlink: /home/orangepi/ros2_ws/install/drone_bringup/share/drone_bringup/launch/navigation.launch.py
[0.210s] -- Symlinking: /home/orangepi/ros2_ws/install/drone_bringup/share/drone_bringup/launch/only_t265.launch.py
[0.225s] -- Up-to-date symlink: /home/orangepi/ros2_ws/install/drone_bringup/share/drone_bringup/launch/rtabmap_localization.launch.py
[0.226s] -- Up-to-date symlink: /home/orangepi/ros2_ws/install/drone_bringup/share/drone_bringup/launch/rtabmap_slam.launch.py
[0.226s] -- Up-to-date symlink: /home/orangepi/ros2_ws/install/drone_bringup/share/drone_bringup/params/apm_config.yaml
[0.226s] -- Up-to-date symlink: /home/orangepi/ros2_ws/install/drone_bringup/share/drone_bringup/params/apm_pluginlists.yaml
[0.227s] -- Up-to-date symlink: /home/orangepi/ros2_ws/install/drone_bringup/share/drone_bringup/params/nav2_params.yaml
[0.227s] -- Up-to-date symlink: /home/orangepi/ros2_ws/install/drone_bringup/share/drone_bringup/params/rtabmap_localization_params.yaml
[0.228s] -- Up-to-date symlink: /home/orangepi/ros2_ws/install/drone_bringup/share/drone_bringup/map/my.map.pgm
[0.228s] -- Up-to-date symlink: /home/orangepi/ros2_ws/install/drone_bringup/share/drone_bringup/map/my.map.yaml
[0.229s] -- Up-to-date symlink: /home/orangepi/ros2_ws/install/drone_bringup/share/drone_bringup/map/rtabmap.db
[0.229s] -- Up-to-date symlink: /home/orangepi/ros2_ws/install/drone_bringup/share/ament_index/resource_index/package_run_dependencies/drone_bringup
[0.229s] -- Up-to-date symlink: /home/orangepi/ros2_ws/install/drone_bringup/share/ament_index/resource_index/parent_prefix_path/drone_bringup
[0.230s] -- Up-to-date symlink: /home/orangepi/ros2_ws/install/drone_bringup/share/drone_bringup/environment/ament_prefix_path.sh
[0.230s] -- Up-to-date symlink: /home/orangepi/ros2_ws/install/drone_bringup/share/drone_bringup/environment/ament_prefix_path.dsv
[0.236s] -- Up-to-date symlink: /home/orangepi/ros2_ws/install/drone_bringup/share/drone_bringup/environment/path.sh
[0.236s] -- Up-to-date symlink: /home/orangepi/ros2_ws/install/drone_bringup/share/drone_bringup/environment/path.dsv
[0.237s] -- Up-to-date symlink: /home/orangepi/ros2_ws/install/drone_bringup/share/drone_bringup/local_setup.bash
[0.238s] -- Up-to-date symlink: /home/orangepi/ros2_ws/install/drone_bringup/share/drone_bringup/local_setup.sh
[0.238s] -- Up-to-date symlink: /home/orangepi/ros2_ws/install/drone_bringup/share/drone_bringup/local_setup.zsh
[0.239s] -- Up-to-date symlink: /home/orangepi/ros2_ws/install/drone_bringup/share/drone_bringup/local_setup.dsv
[0.239s] -- Symlinking: /home/orangepi/ros2_ws/install/drone_bringup/share/drone_bringup/package.dsv
[0.240s] -- Up-to-date symlink: /home/orangepi/ros2_ws/install/drone_bringup/share/ament_index/resource_index/packages/drone_bringup
[0.240s] -- Up-to-date symlink: /home/orangepi/ros2_ws/install/drone_bringup/share/drone_bringup/cmake/drone_bringupConfig.cmake
[0.240s] -- Up-to-date symlink: /home/orangepi/ros2_ws/install/drone_bringup/share/drone_bringup/cmake/drone_bringupConfig-version.cmake
[0.240s] -- Up-to-date symlink: /home/orangepi/ros2_ws/install/drone_bringup/share/drone_bringup/package.xml
[0.245s] Invoked command in '/home/orangepi/ros2_ws/build/drone_bringup' returned '0': CMAKE_PREFIX_PATH=/home/orangepi/ros2_ws/install/realsense2_camera:/home/orangepi/ros2_ws/install/realsense2_camera_msgs:/home/orangepi/ros2_ws/install/realsense2_description:/home/orangepi/ros2_ws/install/drone_bringup:/home/orangepi/ros2_ws/install/drone_description:/home/orangepi/mavros_ws/install/mavros_extras:/home/orangepi/mavros_ws/install/mavros:/home/orangepi/mavros_ws/install/mavros_msgs:/home/orangepi/mavros_ws/install/libmavconn:/home/orangepi/ros2_ws/install/drone_utilities:/opt/ros/humble /usr/bin/cmake --install /home/orangepi/ros2_ws/build/drone_bringup
