[0.061s] Invoking command in '/home/orangepi/ros2_ws/build/drone_description': CMAKE_PREFIX_PATH=${CMAKE_PREFIX_PATH}:/home/orangepi/ros2_ws/install/drone_utilities:/opt/ros/humble /usr/bin/cmake --build /home/orangepi/ros2_ws/build/drone_description -- -j8 -l8
[0.543s] Invoked command in '/home/orangepi/ros2_ws/build/drone_description' returned '0': CMAKE_PREFIX_PATH=${CMAKE_PREFIX_PATH}:/home/orangepi/ros2_ws/install/drone_utilities:/opt/ros/humble /usr/bin/cmake --build /home/orangepi/ros2_ws/build/drone_description -- -j8 -l8
[0.563s] Invoking command in '/home/orangepi/ros2_ws/build/drone_description': CMAKE_PREFIX_PATH=${CMAKE_PREFIX_PATH}:/home/orangepi/ros2_ws/install/drone_utilities:/opt/ros/humble /usr/bin/cmake --install /home/orangepi/ros2_ws/build/drone_description
[0.576s] -- Install configuration: ""
[0.587s] -- Execute custom install script
[0.589s] -- Up-to-date symlink: /home/orangepi/ros2_ws/install/drone_description/share/drone_description/urdf/drone.urdf.xacro
[0.590s] -- Up-to-date symlink: /home/orangepi/ros2_ws/install/drone_description/share/drone_description/urdf/my_d rone.gv
[0.590s] -- Up-to-date symlink: /home/orangepi/ros2_ws/install/drone_description/share/drone_description/urdf/my_drone.gv
[0.591s] -- Up-to-date symlink: /home/orangepi/ros2_ws/install/drone_description/share/drone_description/urdf/my_drone.pdf
[0.591s] -- Up-to-date symlink: /home/orangepi/ros2_ws/install/drone_description/share/drone_description/launch/display.launch.py
[0.591s] -- Up-to-date symlink: /home/orangepi/ros2_ws/install/drone_description/share/drone_description/urdf/drone.urdf.xacro
[0.592s] -- Up-to-date symlink: /home/orangepi/ros2_ws/install/drone_description/share/drone_description/urdf/my_d rone.gv
[0.593s] -- Up-to-date symlink: /home/orangepi/ros2_ws/install/drone_description/share/drone_description/urdf/my_drone.gv
[0.594s] -- Up-to-date symlink: /home/orangepi/ros2_ws/install/drone_description/share/drone_description/urdf/my_drone.pdf
[0.594s] -- Up-to-date symlink: /home/orangepi/ros2_ws/install/drone_description/share/drone_description/rviz/display.rviz
[0.594s] -- Up-to-date symlink: /home/orangepi/ros2_ws/install/drone_description/share/ament_index/resource_index/package_run_dependencies/drone_description
[0.595s] -- Up-to-date symlink: /home/orangepi/ros2_ws/install/drone_description/share/ament_index/resource_index/parent_prefix_path/drone_description
[0.595s] -- Up-to-date symlink: /home/orangepi/ros2_ws/install/drone_description/share/drone_description/environment/ament_prefix_path.sh
[0.595s] -- Up-to-date symlink: /home/orangepi/ros2_ws/install/drone_description/share/drone_description/environment/ament_prefix_path.dsv
[0.596s] -- Up-to-date symlink: /home/orangepi/ros2_ws/install/drone_description/share/drone_description/environment/path.sh
[0.596s] -- Up-to-date symlink: /home/orangepi/ros2_ws/install/drone_description/share/drone_description/environment/path.dsv
[0.596s] -- Up-to-date symlink: /home/orangepi/ros2_ws/install/drone_description/share/drone_description/local_setup.bash
[0.597s] -- Up-to-date symlink: /home/orangepi/ros2_ws/install/drone_description/share/drone_description/local_setup.sh
[0.597s] -- Up-to-date symlink: /home/orangepi/ros2_ws/install/drone_description/share/drone_description/local_setup.zsh
[0.598s] -- Up-to-date symlink: /home/orangepi/ros2_ws/install/drone_description/share/drone_description/local_setup.dsv
[0.598s] -- Symlinking: /home/orangepi/ros2_ws/install/drone_description/share/drone_description/package.dsv
[0.617s] -- Up-to-date symlink: /home/orangepi/ros2_ws/install/drone_description/share/ament_index/resource_index/packages/drone_description
[0.617s] -- Up-to-date symlink: /home/orangepi/ros2_ws/install/drone_description/share/drone_description/cmake/drone_descriptionConfig.cmake
[0.618s] -- Up-to-date symlink: /home/orangepi/ros2_ws/install/drone_description/share/drone_description/cmake/drone_descriptionConfig-version.cmake
[0.618s] -- Up-to-date symlink: /home/orangepi/ros2_ws/install/drone_description/share/drone_description/package.xml
[0.622s] Invoked command in '/home/orangepi/ros2_ws/build/drone_description' returned '0': CMAKE_PREFIX_PATH=${CMAKE_PREFIX_PATH}:/home/orangepi/ros2_ws/install/drone_utilities:/opt/ros/humble /usr/bin/cmake --install /home/orangepi/ros2_ws/build/drone_description
