[0.081s] Invoking command in '/home/orangepi/ros2_ws/build/realsense2_camera': CMAKE_PREFIX_PATH=/home/orangepi/ros2_ws/install/realsense2_camera_msgs:/home/orangepi/ros2_ws/install/realsense2_description:/home/orangepi/ros2_ws/install/drone_bringup:/home/orangepi/ros2_ws/install/realsense2_camera:/home/orangepi/ros2_ws/install/drone_description:/home/orangepi/mavros_ws/install/mavros_extras:/home/orangepi/mavros_ws/install/mavros:/home/orangepi/mavros_ws/install/mavros_msgs:/home/orangepi/mavros_ws/install/libmavconn:/home/orangepi/ros2_ws/install/drone_utilities:/opt/ros/humble LD_LIBRARY_PATH=/home/orangepi/ros2_ws/install/realsense2_camera_msgs/lib:/home/orangepi/ros2_ws/install/realsense2_camera/lib:/home/orangepi/mavros_ws/install/mavros_extras/lib:/home/orangepi/mavros_ws/install/mavros/lib:/home/orangepi/mavros_ws/install/mavros_msgs/lib:/home/orangepi/mavros_ws/install/libmavconn/lib:/opt/ros/humble/opt/rviz_ogre_vendor/lib:/opt/ros/humble/lib/aarch64-linux-gnu:/opt/ros/humble/lib /usr/bin/cmake --build /home/orangepi/ros2_ws/build/realsense2_camera -- -j8 -l8
[0.492s] [ 12%] Built target realsense2_camera_node
[0.551s] [100%] Built target realsense2_camera
[0.591s] Invoked command in '/home/orangepi/ros2_ws/build/realsense2_camera' returned '0': CMAKE_PREFIX_PATH=/home/orangepi/ros2_ws/install/realsense2_camera_msgs:/home/orangepi/ros2_ws/install/realsense2_description:/home/orangepi/ros2_ws/install/drone_bringup:/home/orangepi/ros2_ws/install/realsense2_camera:/home/orangepi/ros2_ws/install/drone_description:/home/orangepi/mavros_ws/install/mavros_extras:/home/orangepi/mavros_ws/install/mavros:/home/orangepi/mavros_ws/install/mavros_msgs:/home/orangepi/mavros_ws/install/libmavconn:/home/orangepi/ros2_ws/install/drone_utilities:/opt/ros/humble LD_LIBRARY_PATH=/home/orangepi/ros2_ws/install/realsense2_camera_msgs/lib:/home/orangepi/ros2_ws/install/realsense2_camera/lib:/home/orangepi/mavros_ws/install/mavros_extras/lib:/home/orangepi/mavros_ws/install/mavros/lib:/home/orangepi/mavros_ws/install/mavros_msgs/lib:/home/orangepi/mavros_ws/install/libmavconn/lib:/opt/ros/humble/opt/rviz_ogre_vendor/lib:/opt/ros/humble/lib/aarch64-linux-gnu:/opt/ros/humble/lib /usr/bin/cmake --build /home/orangepi/ros2_ws/build/realsense2_camera -- -j8 -l8
[0.592s] Invoking command in '/home/orangepi/ros2_ws/build/realsense2_camera': CMAKE_PREFIX_PATH=/home/orangepi/ros2_ws/install/realsense2_camera_msgs:/home/orangepi/ros2_ws/install/realsense2_description:/home/orangepi/ros2_ws/install/drone_bringup:/home/orangepi/ros2_ws/install/realsense2_camera:/home/orangepi/ros2_ws/install/drone_description:/home/orangepi/mavros_ws/install/mavros_extras:/home/orangepi/mavros_ws/install/mavros:/home/orangepi/mavros_ws/install/mavros_msgs:/home/orangepi/mavros_ws/install/libmavconn:/home/orangepi/ros2_ws/install/drone_utilities:/opt/ros/humble LD_LIBRARY_PATH=/home/orangepi/ros2_ws/install/realsense2_camera_msgs/lib:/home/orangepi/ros2_ws/install/realsense2_camera/lib:/home/orangepi/mavros_ws/install/mavros_extras/lib:/home/orangepi/mavros_ws/install/mavros/lib:/home/orangepi/mavros_ws/install/mavros_msgs/lib:/home/orangepi/mavros_ws/install/libmavconn/lib:/opt/ros/humble/opt/rviz_ogre_vendor/lib:/opt/ros/humble/lib/aarch64-linux-gnu:/opt/ros/humble/lib /usr/bin/cmake --install /home/orangepi/ros2_ws/build/realsense2_camera
[0.607s] -- Install configuration: "Release"
[0.609s] -- Execute custom install script
[0.610s] -- Up-to-date symlink: /home/orangepi/ros2_ws/install/realsense2_camera/lib/realsense2_camera/realsense2_camera_node
[0.611s] -- Up-to-date symlink: /home/orangepi/ros2_ws/install/realsense2_camera/lib/librealsense2_camera.so
[0.617s] -- Up-to-date symlink: /home/orangepi/ros2_ws/install/realsense2_camera/include/base_realsense_node.h
[0.618s] -- Up-to-date symlink: /home/orangepi/ros2_ws/install/realsense2_camera/include/constants.h
[0.621s] -- Up-to-date symlink: /home/orangepi/ros2_ws/install/realsense2_camera/include/dynamic_params.h
[0.622s] -- Up-to-date symlink: /home/orangepi/ros2_ws/install/realsense2_camera/include/image_publisher.h
[0.624s] -- Up-to-date symlink: /home/orangepi/ros2_ws/install/realsense2_camera/include/named_filter.h
[0.625s] -- Up-to-date symlink: /home/orangepi/ros2_ws/install/realsense2_camera/include/profile_manager.h
[0.625s] -- Up-to-date symlink: /home/orangepi/ros2_ws/install/realsense2_camera/include/realsense_node_factory.h
[0.626s] -- Up-to-date symlink: /home/orangepi/ros2_ws/install/realsense2_camera/include/ros_param_backend.h
[0.626s] -- Up-to-date symlink: /home/orangepi/ros2_ws/install/realsense2_camera/include/ros_sensor.h
[0.627s] -- Up-to-date symlink: /home/orangepi/ros2_ws/install/realsense2_camera/include/ros_utils.h
[0.627s] -- Up-to-date symlink: /home/orangepi/ros2_ws/install/realsense2_camera/include/sensor_params.h
[0.628s] -- Up-to-date symlink: /home/orangepi/ros2_ws/install/realsense2_camera/include/t265_realsense_node.h
[0.628s] -- Up-to-date symlink: /home/orangepi/ros2_ws/install/realsense2_camera/share/realsense2_camera/launch/default.rviz
[0.629s] -- Up-to-date symlink: /home/orangepi/ros2_ws/install/realsense2_camera/share/realsense2_camera/launch/rs_d400_and_t265_launch.py
[0.629s] -- Up-to-date symlink: /home/orangepi/ros2_ws/install/realsense2_camera/share/realsense2_camera/launch/rs_intra_process_demo_launch.py
[0.629s] -- Up-to-date symlink: /home/orangepi/ros2_ws/install/realsense2_camera/share/realsense2_camera/launch/rs_launch.py
[0.630s] -- Up-to-date symlink: /home/orangepi/ros2_ws/install/realsense2_camera/share/realsense2_camera/launch/rs_multi_camera_launch.py
[0.630s] -- Up-to-date symlink: /home/orangepi/ros2_ws/install/realsense2_camera/share/realsense2_camera/environment/library_path.sh
[0.630s] -- Up-to-date symlink: /home/orangepi/ros2_ws/install/realsense2_camera/share/realsense2_camera/environment/library_path.dsv
[0.631s] -- Up-to-date symlink: /home/orangepi/ros2_ws/install/realsense2_camera/share/ament_index/resource_index/package_run_dependencies/realsense2_camera
[0.640s] -- Up-to-date symlink: /home/orangepi/ros2_ws/install/realsense2_camera/share/ament_index/resource_index/parent_prefix_path/realsense2_camera
[0.643s] -- Up-to-date symlink: /home/orangepi/ros2_ws/install/realsense2_camera/share/realsense2_camera/environment/ament_prefix_path.sh
[0.643s] -- Up-to-date symlink: /home/orangepi/ros2_ws/install/realsense2_camera/share/realsense2_camera/environment/ament_prefix_path.dsv
[0.645s] -- Up-to-date symlink: /home/orangepi/ros2_ws/install/realsense2_camera/share/realsense2_camera/environment/path.sh
[0.648s] -- Up-to-date symlink: /home/orangepi/ros2_ws/install/realsense2_camera/share/realsense2_camera/environment/path.dsv
[0.649s] -- Up-to-date symlink: /home/orangepi/ros2_ws/install/realsense2_camera/share/realsense2_camera/local_setup.bash
[0.649s] -- Up-to-date symlink: /home/orangepi/ros2_ws/install/realsense2_camera/share/realsense2_camera/local_setup.sh
[0.650s] -- Up-to-date symlink: /home/orangepi/ros2_ws/install/realsense2_camera/share/realsense2_camera/local_setup.zsh
[0.657s] -- Up-to-date symlink: /home/orangepi/ros2_ws/install/realsense2_camera/share/realsense2_camera/local_setup.dsv
[0.657s] -- Symlinking: /home/orangepi/ros2_ws/install/realsense2_camera/share/realsense2_camera/package.dsv
[0.658s] -- Up-to-date symlink: /home/orangepi/ros2_ws/install/realsense2_camera/share/ament_index/resource_index/packages/realsense2_camera
[0.658s] -- Up-to-date symlink: /home/orangepi/ros2_ws/install/realsense2_camera/share/ament_index/resource_index/rclcpp_components/realsense2_camera
[0.658s] -- Up-to-date symlink: /home/orangepi/ros2_ws/install/realsense2_camera/share/realsense2_camera/cmake/ament_cmake_export_include_directories-extras.cmake
[0.658s] -- Up-to-date symlink: /home/orangepi/ros2_ws/install/realsense2_camera/share/realsense2_camera/cmake/ament_cmake_export_libraries-extras.cmake
[0.658s] -- Up-to-date symlink: /home/orangepi/ros2_ws/install/realsense2_camera/share/realsense2_camera/cmake/ament_cmake_export_dependencies-extras.cmake
[0.658s] -- Up-to-date symlink: /home/orangepi/ros2_ws/install/realsense2_camera/share/realsense2_camera/cmake/realsense2_cameraConfig.cmake
[0.658s] -- Up-to-date symlink: /home/orangepi/ros2_ws/install/realsense2_camera/share/realsense2_camera/cmake/realsense2_cameraConfig-version.cmake
[0.659s] -- Up-to-date symlink: /home/orangepi/ros2_ws/install/realsense2_camera/share/realsense2_camera/package.xml
[0.659s] Invoked command in '/home/orangepi/ros2_ws/build/realsense2_camera' returned '0': CMAKE_PREFIX_PATH=/home/orangepi/ros2_ws/install/realsense2_camera_msgs:/home/orangepi/ros2_ws/install/realsense2_description:/home/orangepi/ros2_ws/install/drone_bringup:/home/orangepi/ros2_ws/install/realsense2_camera:/home/orangepi/ros2_ws/install/drone_description:/home/orangepi/mavros_ws/install/mavros_extras:/home/orangepi/mavros_ws/install/mavros:/home/orangepi/mavros_ws/install/mavros_msgs:/home/orangepi/mavros_ws/install/libmavconn:/home/orangepi/ros2_ws/install/drone_utilities:/opt/ros/humble LD_LIBRARY_PATH=/home/orangepi/ros2_ws/install/realsense2_camera_msgs/lib:/home/orangepi/ros2_ws/install/realsense2_camera/lib:/home/orangepi/mavros_ws/install/mavros_extras/lib:/home/orangepi/mavros_ws/install/mavros/lib:/home/orangepi/mavros_ws/install/mavros_msgs/lib:/home/orangepi/mavros_ws/install/libmavconn/lib:/opt/ros/humble/opt/rviz_ogre_vendor/lib:/opt/ros/humble/lib/aarch64-linux-gnu:/opt/ros/humble/lib /usr/bin/cmake --install /home/orangepi/ros2_ws/build/realsense2_camera
