[0.049s] Invoking command in '/home/orangepi/ros2_ws/build/realsense2_camera': CMAKE_PREFIX_PATH=/home/orangepi/ros2_ws/install/realsense2_camera_msgs:/home/orangepi/ros2_ws/install/realsense2_description:/home/orangepi/ros2_ws/install/drone_bringup:/home/orangepi/ros2_ws/install/realsense2_camera:/home/orangepi/ros2_ws/install/drone_description:/opt/ros/humble LD_LIBRARY_PATH=/home/orangepi/ros2_ws/install/realsense2_camera_msgs/lib:/home/orangepi/ros2_ws/install/realsense2_camera/lib:/opt/ros/humble/opt/rviz_ogre_vendor/lib:/opt/ros/humble/lib/aarch64-linux-gnu:/opt/ros/humble/lib /usr/bin/cmake --build /home/orangepi/ros2_ws/build/realsense2_camera -- -j8 -l8
[0.251s] [35m[1mConsolidate compiler generated dependencies of target realsense2_camera_node[0m
[0.291s] [35m[1mConsolidate compiler generated dependencies of target realsense2_camera[0m
[0.375s] [ 12%] Built target realsense2_camera_node
[0.546s] [100%] Built target realsense2_camera
[0.600s] Invoked command in '/home/orangepi/ros2_ws/build/realsense2_camera' returned '0': CMAKE_PREFIX_PATH=/home/orangepi/ros2_ws/install/realsense2_camera_msgs:/home/orangepi/ros2_ws/install/realsense2_description:/home/orangepi/ros2_ws/install/drone_bringup:/home/orangepi/ros2_ws/install/realsense2_camera:/home/orangepi/ros2_ws/install/drone_description:/opt/ros/humble LD_LIBRARY_PATH=/home/orangepi/ros2_ws/install/realsense2_camera_msgs/lib:/home/orangepi/ros2_ws/install/realsense2_camera/lib:/opt/ros/humble/opt/rviz_ogre_vendor/lib:/opt/ros/humble/lib/aarch64-linux-gnu:/opt/ros/humble/lib /usr/bin/cmake --build /home/orangepi/ros2_ws/build/realsense2_camera -- -j8 -l8
[0.602s] Invoking command in '/home/orangepi/ros2_ws/build/realsense2_camera': CMAKE_PREFIX_PATH=/home/orangepi/ros2_ws/install/realsense2_camera_msgs:/home/orangepi/ros2_ws/install/realsense2_description:/home/orangepi/ros2_ws/install/drone_bringup:/home/orangepi/ros2_ws/install/realsense2_camera:/home/orangepi/ros2_ws/install/drone_description:/opt/ros/humble LD_LIBRARY_PATH=/home/orangepi/ros2_ws/install/realsense2_camera_msgs/lib:/home/orangepi/ros2_ws/install/realsense2_camera/lib:/opt/ros/humble/opt/rviz_ogre_vendor/lib:/opt/ros/humble/lib/aarch64-linux-gnu:/opt/ros/humble/lib /usr/bin/cmake --install /home/orangepi/ros2_ws/build/realsense2_camera
[0.624s] -- Install configuration: "Release"
[0.626s] -- Execute custom install script
[0.628s] -- Up-to-date symlink: /home/orangepi/ros2_ws/install/realsense2_camera/lib/realsense2_camera/realsense2_camera_node
[0.629s] -- Up-to-date symlink: /home/orangepi/ros2_ws/install/realsense2_camera/lib/librealsense2_camera.so
[0.631s] -- Up-to-date symlink: /home/orangepi/ros2_ws/install/realsense2_camera/include/base_realsense_node.h
[0.631s] -- Up-to-date symlink: /home/orangepi/ros2_ws/install/realsense2_camera/include/constants.h
[0.632s] -- Up-to-date symlink: /home/orangepi/ros2_ws/install/realsense2_camera/include/dynamic_params.h
[0.632s] -- Up-to-date symlink: /home/orangepi/ros2_ws/install/realsense2_camera/include/image_publisher.h
[0.633s] -- Up-to-date symlink: /home/orangepi/ros2_ws/install/realsense2_camera/include/named_filter.h
[0.633s] -- Up-to-date symlink: /home/orangepi/ros2_ws/install/realsense2_camera/include/profile_manager.h
[0.634s] -- Up-to-date symlink: /home/orangepi/ros2_ws/install/realsense2_camera/include/realsense_node_factory.h
[0.634s] -- Up-to-date symlink: /home/orangepi/ros2_ws/install/realsense2_camera/include/ros_param_backend.h
[0.638s] -- Up-to-date symlink: /home/orangepi/ros2_ws/install/realsense2_camera/include/ros_sensor.h
[0.638s] -- Up-to-date symlink: /home/orangepi/ros2_ws/install/realsense2_camera/include/ros_utils.h
[0.639s] -- Up-to-date symlink: /home/orangepi/ros2_ws/install/realsense2_camera/include/sensor_params.h
[0.640s] -- Up-to-date symlink: /home/orangepi/ros2_ws/install/realsense2_camera/include/t265_realsense_node.h
[0.640s] -- Up-to-date symlink: /home/orangepi/ros2_ws/install/realsense2_camera/share/realsense2_camera/launch/default.rviz
[0.641s] -- Up-to-date symlink: /home/orangepi/ros2_ws/install/realsense2_camera/share/realsense2_camera/launch/rs_d400_and_t265_launch.py
[0.641s] -- Up-to-date symlink: /home/orangepi/ros2_ws/install/realsense2_camera/share/realsense2_camera/launch/rs_intra_process_demo_launch.py
[0.641s] -- Up-to-date symlink: /home/orangepi/ros2_ws/install/realsense2_camera/share/realsense2_camera/launch/rs_launch.py
[0.642s] -- Up-to-date symlink: /home/orangepi/ros2_ws/install/realsense2_camera/share/realsense2_camera/launch/rs_multi_camera_launch.py
[0.642s] -- Up-to-date symlink: /home/orangepi/ros2_ws/install/realsense2_camera/share/realsense2_camera/environment/library_path.sh
[0.643s] -- Up-to-date symlink: /home/orangepi/ros2_ws/install/realsense2_camera/share/realsense2_camera/environment/library_path.dsv
[0.643s] -- Up-to-date symlink: /home/orangepi/ros2_ws/install/realsense2_camera/share/ament_index/resource_index/package_run_dependencies/realsense2_camera
[0.643s] -- Up-to-date symlink: /home/orangepi/ros2_ws/install/realsense2_camera/share/ament_index/resource_index/parent_prefix_path/realsense2_camera
[0.644s] -- Up-to-date symlink: /home/orangepi/ros2_ws/install/realsense2_camera/share/realsense2_camera/environment/ament_prefix_path.sh
[0.644s] -- Up-to-date symlink: /home/orangepi/ros2_ws/install/realsense2_camera/share/realsense2_camera/environment/ament_prefix_path.dsv
[0.645s] -- Up-to-date symlink: /home/orangepi/ros2_ws/install/realsense2_camera/share/realsense2_camera/environment/path.sh
[0.645s] -- Up-to-date symlink: /home/orangepi/ros2_ws/install/realsense2_camera/share/realsense2_camera/environment/path.dsv
[0.645s] -- Up-to-date symlink: /home/orangepi/ros2_ws/install/realsense2_camera/share/realsense2_camera/local_setup.bash
[0.646s] -- Up-to-date symlink: /home/orangepi/ros2_ws/install/realsense2_camera/share/realsense2_camera/local_setup.sh
[0.646s] -- Up-to-date symlink: /home/orangepi/ros2_ws/install/realsense2_camera/share/realsense2_camera/local_setup.zsh
[0.647s] -- Up-to-date symlink: /home/orangepi/ros2_ws/install/realsense2_camera/share/realsense2_camera/local_setup.dsv
[0.647s] -- Symlinking: /home/orangepi/ros2_ws/install/realsense2_camera/share/realsense2_camera/package.dsv
[0.674s] -- Up-to-date symlink: /home/orangepi/ros2_ws/install/realsense2_camera/share/ament_index/resource_index/packages/realsense2_camera
[0.676s] -- Up-to-date symlink: /home/orangepi/ros2_ws/install/realsense2_camera/share/ament_index/resource_index/rclcpp_components/realsense2_camera
[0.678s] -- Up-to-date symlink: /home/orangepi/ros2_ws/install/realsense2_camera/share/realsense2_camera/cmake/ament_cmake_export_include_directories-extras.cmake
[0.681s] -- Up-to-date symlink: /home/orangepi/ros2_ws/install/realsense2_camera/share/realsense2_camera/cmake/ament_cmake_export_libraries-extras.cmake
[0.684s] -- Up-to-date symlink: /home/orangepi/ros2_ws/install/realsense2_camera/share/realsense2_camera/cmake/ament_cmake_export_dependencies-extras.cmake
[0.685s] -- Up-to-date symlink: /home/orangepi/ros2_ws/install/realsense2_camera/share/realsense2_camera/cmake/realsense2_cameraConfig.cmake
[0.687s] -- Up-to-date symlink: /home/orangepi/ros2_ws/install/realsense2_camera/share/realsense2_camera/cmake/realsense2_cameraConfig-version.cmake
[0.688s] -- Up-to-date symlink: /home/orangepi/ros2_ws/install/realsense2_camera/share/realsense2_camera/package.xml
[0.690s] Invoked command in '/home/orangepi/ros2_ws/build/realsense2_camera' returned '0': CMAKE_PREFIX_PATH=/home/orangepi/ros2_ws/install/realsense2_camera_msgs:/home/orangepi/ros2_ws/install/realsense2_description:/home/orangepi/ros2_ws/install/drone_bringup:/home/orangepi/ros2_ws/install/realsense2_camera:/home/orangepi/ros2_ws/install/drone_description:/opt/ros/humble LD_LIBRARY_PATH=/home/orangepi/ros2_ws/install/realsense2_camera_msgs/lib:/home/orangepi/ros2_ws/install/realsense2_camera/lib:/opt/ros/humble/opt/rviz_ogre_vendor/lib:/opt/ros/humble/lib/aarch64-linux-gnu:/opt/ros/humble/lib /usr/bin/cmake --install /home/orangepi/ros2_ws/build/realsense2_camera
