[0.031s] Invoking command in '/home/orangepi/ros2_ws/build/drone_description': CMAKE_PREFIX_PATH=${CMAKE_PREFIX_PATH}:/opt/ros/humble /usr/bin/cmake --build /home/orangepi/ros2_ws/build/drone_description -- -j8 -l8
[0.278s] Invoked command in '/home/orangepi/ros2_ws/build/drone_description' returned '0': CMAKE_PREFIX_PATH=${CMAKE_PREFIX_PATH}:/opt/ros/humble /usr/bin/cmake --build /home/orangepi/ros2_ws/build/drone_description -- -j8 -l8
[0.334s] Invoking command in '/home/orangepi/ros2_ws/build/drone_description': CMAKE_PREFIX_PATH=${CMAKE_PREFIX_PATH}:/opt/ros/humble /usr/bin/cmake --install /home/orangepi/ros2_ws/build/drone_description
[0.344s] -- Install configuration: ""
[0.344s] -- Execute custom install script
[0.346s] -- Up-to-date symlink: /home/orangepi/ros2_ws/install/drone_description/share/drone_description/urdf/drone.urdf.xacro
[0.347s] -- Up-to-date symlink: /home/orangepi/ros2_ws/install/drone_description/share/drone_description/urdf/my_d rone.gv
[0.347s] -- Up-to-date symlink: /home/orangepi/ros2_ws/install/drone_description/share/drone_description/urdf/my_drone.gv
[0.348s] -- Up-to-date symlink: /home/orangepi/ros2_ws/install/drone_description/share/drone_description/urdf/my_drone.pdf
[0.348s] -- Up-to-date symlink: /home/orangepi/ros2_ws/install/drone_description/share/drone_description/launch/display.launch.py
[0.349s] -- Up-to-date symlink: /home/orangepi/ros2_ws/install/drone_description/share/drone_description/urdf/drone.urdf.xacro
[0.350s] -- Up-to-date symlink: /home/orangepi/ros2_ws/install/drone_description/share/drone_description/urdf/my_d rone.gv
[0.351s] -- Up-to-date symlink: /home/orangepi/ros2_ws/install/drone_description/share/drone_description/urdf/my_drone.gv
[0.351s] -- Up-to-date symlink: /home/orangepi/ros2_ws/install/drone_description/share/drone_description/urdf/my_drone.pdf
[0.352s] -- Up-to-date symlink: /home/orangepi/ros2_ws/install/drone_description/share/drone_description/rviz/display.rviz
[0.352s] -- Up-to-date symlink: /home/orangepi/ros2_ws/install/drone_description/share/ament_index/resource_index/package_run_dependencies/drone_description
[0.353s] -- Up-to-date symlink: /home/orangepi/ros2_ws/install/drone_description/share/ament_index/resource_index/parent_prefix_path/drone_description
[0.353s] -- Up-to-date symlink: /home/orangepi/ros2_ws/install/drone_description/share/drone_description/environment/ament_prefix_path.sh
[0.354s] -- Up-to-date symlink: /home/orangepi/ros2_ws/install/drone_description/share/drone_description/environment/ament_prefix_path.dsv
[0.354s] -- Up-to-date symlink: /home/orangepi/ros2_ws/install/drone_description/share/drone_description/environment/path.sh
[0.355s] -- Up-to-date symlink: /home/orangepi/ros2_ws/install/drone_description/share/drone_description/environment/path.dsv
[0.355s] -- Up-to-date symlink: /home/orangepi/ros2_ws/install/drone_description/share/drone_description/local_setup.bash
[0.355s] -- Up-to-date symlink: /home/orangepi/ros2_ws/install/drone_description/share/drone_description/local_setup.sh
[0.356s] -- Up-to-date symlink: /home/orangepi/ros2_ws/install/drone_description/share/drone_description/local_setup.zsh
[0.356s] -- Up-to-date symlink: /home/orangepi/ros2_ws/install/drone_description/share/drone_description/local_setup.dsv
[0.357s] -- Symlinking: /home/orangepi/ros2_ws/install/drone_description/share/drone_description/package.dsv
[0.363s] -- Up-to-date symlink: /home/orangepi/ros2_ws/install/drone_description/share/ament_index/resource_index/packages/drone_description
[0.364s] -- Up-to-date symlink: /home/orangepi/ros2_ws/install/drone_description/share/drone_description/cmake/drone_descriptionConfig.cmake
[0.364s] -- Up-to-date symlink: /home/orangepi/ros2_ws/install/drone_description/share/drone_description/cmake/drone_descriptionConfig-version.cmake
[0.365s] -- Up-to-date symlink: /home/orangepi/ros2_ws/install/drone_description/share/drone_description/package.xml
[0.366s] Invoked command in '/home/orangepi/ros2_ws/build/drone_description' returned '0': CMAKE_PREFIX_PATH=${CMAKE_PREFIX_PATH}:/opt/ros/humble /usr/bin/cmake --install /home/orangepi/ros2_ws/build/drone_description
