[1.185s] Invoking command in '/home/orangepi/ros2_ws/build/drone_utilities': PYTHONPATH=/home/orangepi/ros2_ws/build/drone_utilities/prefix_override:/usr/lib/python3/dist-packages/colcon_core/task/python/colcon_distutils_commands:/home/orangepi/ros2_ws/install/drone_utilities/lib/python3.10/site-packages:${PYTHONPATH} /usr/bin/python3 -W ignore:setup.py install is deprecated -W ignore:easy_install command is deprecated setup.py develop --editable --build-directory /home/orangepi/ros2_ws/build/drone_utilities/build --no-deps symlink_data
[1.623s] running develop
[1.825s] running egg_info
[1.826s] writing drone_utilities.egg-info/PKG-INFO
[1.826s] writing dependency_links to drone_utilities.egg-info/dependency_links.txt
[1.828s] writing entry points to drone_utilities.egg-info/entry_points.txt
[1.830s] writing requirements to drone_utilities.egg-info/requires.txt
[1.831s] writing top-level names to drone_utilities.egg-info/top_level.txt
[1.873s] reading manifest file 'drone_utilities.egg-info/SOURCES.txt'
[1.877s] writing manifest file 'drone_utilities.egg-info/SOURCES.txt'
[1.886s] running build_ext
[1.887s] Creating /home/orangepi/ros2_ws/install/drone_utilities/lib/python3.10/site-packages/drone-utilities.egg-link (link to .)
[1.892s] Installing drone_dashboard_gui script to /home/orangepi/ros2_ws/install/drone_utilities/lib/drone_utilities
[1.893s] Installing odom_to_pose_converter script to /home/orangepi/ros2_ws/install/drone_utilities/lib/drone_utilities
[1.893s] Installing odom_to_twist script to /home/orangepi/ros2_ws/install/drone_utilities/lib/drone_utilities
[1.894s] Installing t265_to_mav script to /home/orangepi/ros2_ws/install/drone_utilities/lib/drone_utilities
[1.895s] Installing waypoint_navigator script to /home/orangepi/ros2_ws/install/drone_utilities/lib/drone_utilities
[1.896s] 
[1.896s] Installed /home/orangepi/ros2_ws/build/drone_utilities
[1.897s] running symlink_data
[2.016s] Invoked command in '/home/orangepi/ros2_ws/build/drone_utilities' returned '0': PYTHONPATH=/home/orangepi/ros2_ws/build/drone_utilities/prefix_override:/usr/lib/python3/dist-packages/colcon_core/task/python/colcon_distutils_commands:/home/orangepi/ros2_ws/install/drone_utilities/lib/python3.10/site-packages:${PYTHONPATH} /usr/bin/python3 -W ignore:setup.py install is deprecated -W ignore:easy_install command is deprecated setup.py develop --editable --build-directory /home/orangepi/ros2_ws/build/drone_utilities/build --no-deps symlink_data
