[0.372s] DEBUG:colcon:Command line arguments: ['/usr/bin/colcon', 'build', '--symlink-install']
[0.372s] DEBUG:colcon:Parsed command line arguments: Namespace(log_base=None, log_level=None, verb_name='build', build_base='build', install_base='install', merge_install=False, symlink_install=True, test_result_base=None, continue_on_error=False, executor='parallel', parallel_workers=8, event_handlers=None, ignore_user_meta=False, metas=['./colcon.meta'], base_paths=['.'], packages_ignore=None, packages_ignore_regex=None, paths=None, packages_up_to=None, packages_up_to_regex=None, packages_above=None, packages_above_and_dependencies=None, packages_above_depth=None, packages_select_by_dep=None, packages_skip_by_dep=None, packages_skip_up_to=None, packages_select_build_failed=False, packages_skip_build_finished=False, packages_select_test_failures=False, packages_skip_test_passed=False, packages_select=None, packages_skip=None, packages_select_regex=None, packages_skip_regex=None, packages_start=None, packages_end=None, cmake_args=None, cmake_target=None, cmake_target_skip_unavailable=False, cmake_clean_cache=False, cmake_clean_first=False, cmake_force_configure=False, ament_cmake_args=None, catkin_cmake_args=None, catkin_skip_building_tests=False, verb_parser=<colcon_defaults.argument_parser.defaults.DefaultArgumentsDecorator object at 0x7fad63fc70>, verb_extension=<colcon_core.verb.build.BuildVerb object at 0x7fad63f730>, main=<bound method BuildVerb.main of <colcon_core.verb.build.BuildVerb object at 0x7fad63f730>>)
[0.880s] Level 1:colcon.colcon_core.package_discovery:discover_packages(colcon_meta) check parameters
[0.880s] Level 1:colcon.colcon_core.package_discovery:discover_packages(recursive) check parameters
[0.880s] Level 1:colcon.colcon_core.package_discovery:discover_packages(ignore) check parameters
[0.880s] Level 1:colcon.colcon_core.package_discovery:discover_packages(path) check parameters
[0.880s] Level 1:colcon.colcon_core.package_discovery:discover_packages(colcon_meta) discover
[0.880s] Level 1:colcon.colcon_core.package_discovery:discover_packages(recursive) discover
[0.880s] INFO:colcon.colcon_core.package_discovery:Crawling recursively for packages in '/home/orangepi/ros2_ws'
[0.881s] Level 1:colcon.colcon_core.package_identification:_identify(.) by extensions ['ignore', 'ignore_ament_install']
[0.881s] Level 1:colcon.colcon_core.package_identification:_identify(.) by extension 'ignore'
[0.881s] Level 1:colcon.colcon_core.package_identification:_identify(.) by extension 'ignore_ament_install'
[0.881s] Level 1:colcon.colcon_core.package_identification:_identify(.) by extensions ['colcon_pkg']
[0.881s] Level 1:colcon.colcon_core.package_identification:_identify(.) by extension 'colcon_pkg'
[0.881s] Level 1:colcon.colcon_core.package_identification:_identify(.) by extensions ['colcon_meta']
[0.881s] Level 1:colcon.colcon_core.package_identification:_identify(.) by extension 'colcon_meta'
[0.881s] Level 1:colcon.colcon_core.package_identification:_identify(.) by extensions ['ros']
[0.881s] Level 1:colcon.colcon_core.package_identification:_identify(.) by extension 'ros'
[0.935s] Level 1:colcon.colcon_core.package_identification:_identify(.) by extensions ['cmake', 'python']
[0.935s] Level 1:colcon.colcon_core.package_identification:_identify(.) by extension 'cmake'
[0.935s] Level 1:colcon.colcon_core.package_identification:_identify(.) by extension 'python'
[0.935s] Level 1:colcon.colcon_core.package_identification:_identify(.) by extensions ['python_setup_py']
[0.935s] Level 1:colcon.colcon_core.package_identification:_identify(.) by extension 'python_setup_py'
[0.936s] Level 1:colcon.colcon_core.package_identification:_identify(build) by extensions ['ignore', 'ignore_ament_install']
[0.936s] Level 1:colcon.colcon_core.package_identification:_identify(build) by extension 'ignore'
[0.936s] Level 1:colcon.colcon_core.package_identification:_identify(build) ignored
[0.936s] Level 1:colcon.colcon_core.package_identification:_identify(install) by extensions ['ignore', 'ignore_ament_install']
[0.936s] Level 1:colcon.colcon_core.package_identification:_identify(install) by extension 'ignore'
[0.936s] Level 1:colcon.colcon_core.package_identification:_identify(install) ignored
[0.936s] Level 1:colcon.colcon_core.package_identification:_identify(log) by extensions ['ignore', 'ignore_ament_install']
[0.937s] Level 1:colcon.colcon_core.package_identification:_identify(log) by extension 'ignore'
[0.937s] Level 1:colcon.colcon_core.package_identification:_identify(log) ignored
[0.937s] Level 1:colcon.colcon_core.package_identification:_identify(src) by extensions ['ignore', 'ignore_ament_install']
[0.937s] Level 1:colcon.colcon_core.package_identification:_identify(src) by extension 'ignore'
[0.937s] Level 1:colcon.colcon_core.package_identification:_identify(src) by extension 'ignore_ament_install'
[0.937s] Level 1:colcon.colcon_core.package_identification:_identify(src) by extensions ['colcon_pkg']
[0.937s] Level 1:colcon.colcon_core.package_identification:_identify(src) by extension 'colcon_pkg'
[0.937s] Level 1:colcon.colcon_core.package_identification:_identify(src) by extensions ['colcon_meta']
[0.937s] Level 1:colcon.colcon_core.package_identification:_identify(src) by extension 'colcon_meta'
[0.937s] Level 1:colcon.colcon_core.package_identification:_identify(src) by extensions ['ros']
[0.937s] Level 1:colcon.colcon_core.package_identification:_identify(src) by extension 'ros'
[0.937s] Level 1:colcon.colcon_core.package_identification:_identify(src) by extensions ['cmake', 'python']
[0.937s] Level 1:colcon.colcon_core.package_identification:_identify(src) by extension 'cmake'
[0.937s] Level 1:colcon.colcon_core.package_identification:_identify(src) by extension 'python'
[0.937s] Level 1:colcon.colcon_core.package_identification:_identify(src) by extensions ['python_setup_py']
[0.937s] Level 1:colcon.colcon_core.package_identification:_identify(src) by extension 'python_setup_py'
[0.938s] Level 1:colcon.colcon_core.package_identification:_identify(src/drone_bringup) by extensions ['ignore', 'ignore_ament_install']
[0.938s] Level 1:colcon.colcon_core.package_identification:_identify(src/drone_bringup) by extension 'ignore'
[0.938s] Level 1:colcon.colcon_core.package_identification:_identify(src/drone_bringup) by extension 'ignore_ament_install'
[0.938s] Level 1:colcon.colcon_core.package_identification:_identify(src/drone_bringup) by extensions ['colcon_pkg']
[0.938s] Level 1:colcon.colcon_core.package_identification:_identify(src/drone_bringup) by extension 'colcon_pkg'
[0.938s] Level 1:colcon.colcon_core.package_identification:_identify(src/drone_bringup) by extensions ['colcon_meta']
[0.938s] Level 1:colcon.colcon_core.package_identification:_identify(src/drone_bringup) by extension 'colcon_meta'
[0.938s] Level 1:colcon.colcon_core.package_identification:_identify(src/drone_bringup) by extensions ['ros']
[0.938s] Level 1:colcon.colcon_core.package_identification:_identify(src/drone_bringup) by extension 'ros'
[0.944s] DEBUG:colcon.colcon_core.package_identification:Package 'src/drone_bringup' with type 'ros.ament_cmake' and name 'drone_bringup'
[0.944s] Level 1:colcon.colcon_core.package_identification:_identify(src/drone_description) by extensions ['ignore', 'ignore_ament_install']
[0.944s] Level 1:colcon.colcon_core.package_identification:_identify(src/drone_description) by extension 'ignore'
[0.944s] Level 1:colcon.colcon_core.package_identification:_identify(src/drone_description) by extension 'ignore_ament_install'
[0.944s] Level 1:colcon.colcon_core.package_identification:_identify(src/drone_description) by extensions ['colcon_pkg']
[0.944s] Level 1:colcon.colcon_core.package_identification:_identify(src/drone_description) by extension 'colcon_pkg'
[0.944s] Level 1:colcon.colcon_core.package_identification:_identify(src/drone_description) by extensions ['colcon_meta']
[0.945s] Level 1:colcon.colcon_core.package_identification:_identify(src/drone_description) by extension 'colcon_meta'
[0.945s] Level 1:colcon.colcon_core.package_identification:_identify(src/drone_description) by extensions ['ros']
[0.945s] Level 1:colcon.colcon_core.package_identification:_identify(src/drone_description) by extension 'ros'
[0.946s] DEBUG:colcon.colcon_core.package_identification:Package 'src/drone_description' with type 'ros.ament_cmake' and name 'drone_description'
[0.946s] Level 1:colcon.colcon_core.package_identification:_identify(src/drone_utilities) by extensions ['ignore', 'ignore_ament_install']
[0.947s] Level 1:colcon.colcon_core.package_identification:_identify(src/drone_utilities) by extension 'ignore'
[0.947s] Level 1:colcon.colcon_core.package_identification:_identify(src/drone_utilities) by extension 'ignore_ament_install'
[0.947s] Level 1:colcon.colcon_core.package_identification:_identify(src/drone_utilities) by extensions ['colcon_pkg']
[0.947s] Level 1:colcon.colcon_core.package_identification:_identify(src/drone_utilities) by extension 'colcon_pkg'
[0.947s] Level 1:colcon.colcon_core.package_identification:_identify(src/drone_utilities) by extensions ['colcon_meta']
[0.947s] Level 1:colcon.colcon_core.package_identification:_identify(src/drone_utilities) by extension 'colcon_meta'
[0.947s] Level 1:colcon.colcon_core.package_identification:_identify(src/drone_utilities) by extensions ['ros']
[0.947s] Level 1:colcon.colcon_core.package_identification:_identify(src/drone_utilities) by extension 'ros'
[0.949s] DEBUG:colcon.colcon_core.package_identification:Package 'src/drone_utilities' with type 'ros.ament_python' and name 'drone_utilities'
[0.949s] Level 1:colcon.colcon_core.package_identification:_identify(src/realsense-ros) by extensions ['ignore', 'ignore_ament_install']
[0.949s] Level 1:colcon.colcon_core.package_identification:_identify(src/realsense-ros) by extension 'ignore'
[0.949s] Level 1:colcon.colcon_core.package_identification:_identify(src/realsense-ros) by extension 'ignore_ament_install'
[0.949s] Level 1:colcon.colcon_core.package_identification:_identify(src/realsense-ros) by extensions ['colcon_pkg']
[0.949s] Level 1:colcon.colcon_core.package_identification:_identify(src/realsense-ros) by extension 'colcon_pkg'
[0.949s] Level 1:colcon.colcon_core.package_identification:_identify(src/realsense-ros) by extensions ['colcon_meta']
[0.949s] Level 1:colcon.colcon_core.package_identification:_identify(src/realsense-ros) by extension 'colcon_meta'
[0.949s] Level 1:colcon.colcon_core.package_identification:_identify(src/realsense-ros) by extensions ['ros']
[0.949s] Level 1:colcon.colcon_core.package_identification:_identify(src/realsense-ros) by extension 'ros'
[0.950s] Level 1:colcon.colcon_core.package_identification:_identify(src/realsense-ros) by extensions ['cmake', 'python']
[0.950s] Level 1:colcon.colcon_core.package_identification:_identify(src/realsense-ros) by extension 'cmake'
[0.950s] Level 1:colcon.colcon_core.package_identification:_identify(src/realsense-ros) by extension 'python'
[0.950s] Level 1:colcon.colcon_core.package_identification:_identify(src/realsense-ros) by extensions ['python_setup_py']
[0.950s] Level 1:colcon.colcon_core.package_identification:_identify(src/realsense-ros) by extension 'python_setup_py'
[0.950s] Level 1:colcon.colcon_core.package_identification:_identify(src/realsense-ros/realsense2_camera) by extensions ['ignore', 'ignore_ament_install']
[0.950s] Level 1:colcon.colcon_core.package_identification:_identify(src/realsense-ros/realsense2_camera) by extension 'ignore'
[0.950s] Level 1:colcon.colcon_core.package_identification:_identify(src/realsense-ros/realsense2_camera) by extension 'ignore_ament_install'
[0.950s] Level 1:colcon.colcon_core.package_identification:_identify(src/realsense-ros/realsense2_camera) by extensions ['colcon_pkg']
[0.950s] Level 1:colcon.colcon_core.package_identification:_identify(src/realsense-ros/realsense2_camera) by extension 'colcon_pkg'
[0.950s] Level 1:colcon.colcon_core.package_identification:_identify(src/realsense-ros/realsense2_camera) by extensions ['colcon_meta']
[0.950s] Level 1:colcon.colcon_core.package_identification:_identify(src/realsense-ros/realsense2_camera) by extension 'colcon_meta'
[0.950s] Level 1:colcon.colcon_core.package_identification:_identify(src/realsense-ros/realsense2_camera) by extensions ['ros']
[0.950s] Level 1:colcon.colcon_core.package_identification:_identify(src/realsense-ros/realsense2_camera) by extension 'ros'
[0.953s] DEBUG:colcon.colcon_core.package_identification:Package 'src/realsense-ros/realsense2_camera' with type 'ros.ament_cmake' and name 'realsense2_camera'
[0.953s] Level 1:colcon.colcon_core.package_identification:_identify(src/realsense-ros/realsense2_camera_msgs) by extensions ['ignore', 'ignore_ament_install']
[0.953s] Level 1:colcon.colcon_core.package_identification:_identify(src/realsense-ros/realsense2_camera_msgs) by extension 'ignore'
[0.953s] Level 1:colcon.colcon_core.package_identification:_identify(src/realsense-ros/realsense2_camera_msgs) by extension 'ignore_ament_install'
[0.953s] Level 1:colcon.colcon_core.package_identification:_identify(src/realsense-ros/realsense2_camera_msgs) by extensions ['colcon_pkg']
[0.953s] Level 1:colcon.colcon_core.package_identification:_identify(src/realsense-ros/realsense2_camera_msgs) by extension 'colcon_pkg'
[0.953s] Level 1:colcon.colcon_core.package_identification:_identify(src/realsense-ros/realsense2_camera_msgs) by extensions ['colcon_meta']
[0.953s] Level 1:colcon.colcon_core.package_identification:_identify(src/realsense-ros/realsense2_camera_msgs) by extension 'colcon_meta'
[0.953s] Level 1:colcon.colcon_core.package_identification:_identify(src/realsense-ros/realsense2_camera_msgs) by extensions ['ros']
[0.953s] Level 1:colcon.colcon_core.package_identification:_identify(src/realsense-ros/realsense2_camera_msgs) by extension 'ros'
[0.954s] DEBUG:colcon.colcon_core.package_identification:Package 'src/realsense-ros/realsense2_camera_msgs' with type 'ros.ament_cmake' and name 'realsense2_camera_msgs'
[0.954s] Level 1:colcon.colcon_core.package_identification:_identify(src/realsense-ros/realsense2_description) by extensions ['ignore', 'ignore_ament_install']
[0.954s] Level 1:colcon.colcon_core.package_identification:_identify(src/realsense-ros/realsense2_description) by extension 'ignore'
[0.955s] Level 1:colcon.colcon_core.package_identification:_identify(src/realsense-ros/realsense2_description) by extension 'ignore_ament_install'
[0.955s] Level 1:colcon.colcon_core.package_identification:_identify(src/realsense-ros/realsense2_description) by extensions ['colcon_pkg']
[0.955s] Level 1:colcon.colcon_core.package_identification:_identify(src/realsense-ros/realsense2_description) by extension 'colcon_pkg'
[0.955s] Level 1:colcon.colcon_core.package_identification:_identify(src/realsense-ros/realsense2_description) by extensions ['colcon_meta']
[0.955s] Level 1:colcon.colcon_core.package_identification:_identify(src/realsense-ros/realsense2_description) by extension 'colcon_meta'
[0.955s] Level 1:colcon.colcon_core.package_identification:_identify(src/realsense-ros/realsense2_description) by extensions ['ros']
[0.955s] Level 1:colcon.colcon_core.package_identification:_identify(src/realsense-ros/realsense2_description) by extension 'ros'
[0.956s] DEBUG:colcon.colcon_core.package_identification:Package 'src/realsense-ros/realsense2_description' with type 'ros.ament_cmake' and name 'realsense2_description'
[0.956s] Level 1:colcon.colcon_core.package_identification:_identify(src/realsense-ros/scripts) by extensions ['ignore', 'ignore_ament_install']
[0.956s] Level 1:colcon.colcon_core.package_identification:_identify(src/realsense-ros/scripts) by extension 'ignore'
[0.956s] Level 1:colcon.colcon_core.package_identification:_identify(src/realsense-ros/scripts) by extension 'ignore_ament_install'
[0.956s] Level 1:colcon.colcon_core.package_identification:_identify(src/realsense-ros/scripts) by extensions ['colcon_pkg']
[0.956s] Level 1:colcon.colcon_core.package_identification:_identify(src/realsense-ros/scripts) by extension 'colcon_pkg'
[0.956s] Level 1:colcon.colcon_core.package_identification:_identify(src/realsense-ros/scripts) by extensions ['colcon_meta']
[0.956s] Level 1:colcon.colcon_core.package_identification:_identify(src/realsense-ros/scripts) by extension 'colcon_meta'
[0.957s] Level 1:colcon.colcon_core.package_identification:_identify(src/realsense-ros/scripts) by extensions ['ros']
[0.957s] Level 1:colcon.colcon_core.package_identification:_identify(src/realsense-ros/scripts) by extension 'ros'
[0.957s] Level 1:colcon.colcon_core.package_identification:_identify(src/realsense-ros/scripts) by extensions ['cmake', 'python']
[0.957s] Level 1:colcon.colcon_core.package_identification:_identify(src/realsense-ros/scripts) by extension 'cmake'
[0.957s] Level 1:colcon.colcon_core.package_identification:_identify(src/realsense-ros/scripts) by extension 'python'
[0.957s] Level 1:colcon.colcon_core.package_identification:_identify(src/realsense-ros/scripts) by extensions ['python_setup_py']
[0.957s] Level 1:colcon.colcon_core.package_identification:_identify(src/realsense-ros/scripts) by extension 'python_setup_py'
[0.957s] Level 1:colcon.colcon_core.package_discovery:discover_packages(recursive) using defaults
[0.957s] Level 1:colcon.colcon_core.package_discovery:discover_packages(ignore) discover
[0.957s] Level 1:colcon.colcon_core.package_discovery:discover_packages(ignore) using defaults
[0.957s] Level 1:colcon.colcon_core.package_discovery:discover_packages(path) discover
[0.957s] Level 1:colcon.colcon_core.package_discovery:discover_packages(path) using defaults
[1.013s] Level 5:colcon.colcon_core.verb:set package 'drone_description' build argument 'cmake_args' from command line to 'None'
[1.013s] Level 5:colcon.colcon_core.verb:set package 'drone_description' build argument 'cmake_target' from command line to 'None'
[1.013s] Level 5:colcon.colcon_core.verb:set package 'drone_description' build argument 'cmake_target_skip_unavailable' from command line to 'False'
[1.013s] Level 5:colcon.colcon_core.verb:set package 'drone_description' build argument 'cmake_clean_cache' from command line to 'False'
[1.013s] Level 5:colcon.colcon_core.verb:set package 'drone_description' build argument 'cmake_clean_first' from command line to 'False'
[1.013s] Level 5:colcon.colcon_core.verb:set package 'drone_description' build argument 'cmake_force_configure' from command line to 'False'
[1.013s] Level 5:colcon.colcon_core.verb:set package 'drone_description' build argument 'ament_cmake_args' from command line to 'None'
[1.013s] Level 5:colcon.colcon_core.verb:set package 'drone_description' build argument 'catkin_cmake_args' from command line to 'None'
[1.013s] Level 5:colcon.colcon_core.verb:set package 'drone_description' build argument 'catkin_skip_building_tests' from command line to 'False'
[1.013s] DEBUG:colcon.colcon_core.verb:Building package 'drone_description' with the following arguments: {'ament_cmake_args': None, 'build_base': '/home/orangepi/ros2_ws/build/drone_description', 'catkin_cmake_args': None, 'catkin_skip_building_tests': False, 'cmake_args': None, 'cmake_clean_cache': False, 'cmake_clean_first': False, 'cmake_force_configure': False, 'cmake_target': None, 'cmake_target_skip_unavailable': False, 'install_base': '/home/orangepi/ros2_ws/install/drone_description', 'merge_install': False, 'path': '/home/orangepi/ros2_ws/src/drone_description', 'symlink_install': True, 'test_result_base': None}
[1.014s] Level 5:colcon.colcon_core.verb:set package 'drone_utilities' build argument 'cmake_args' from command line to 'None'
[1.014s] Level 5:colcon.colcon_core.verb:set package 'drone_utilities' build argument 'cmake_target' from command line to 'None'
[1.014s] Level 5:colcon.colcon_core.verb:set package 'drone_utilities' build argument 'cmake_target_skip_unavailable' from command line to 'False'
[1.014s] Level 5:colcon.colcon_core.verb:set package 'drone_utilities' build argument 'cmake_clean_cache' from command line to 'False'
[1.014s] Level 5:colcon.colcon_core.verb:set package 'drone_utilities' build argument 'cmake_clean_first' from command line to 'False'
[1.014s] Level 5:colcon.colcon_core.verb:set package 'drone_utilities' build argument 'cmake_force_configure' from command line to 'False'
[1.014s] Level 5:colcon.colcon_core.verb:set package 'drone_utilities' build argument 'ament_cmake_args' from command line to 'None'
[1.014s] Level 5:colcon.colcon_core.verb:set package 'drone_utilities' build argument 'catkin_cmake_args' from command line to 'None'
[1.014s] Level 5:colcon.colcon_core.verb:set package 'drone_utilities' build argument 'catkin_skip_building_tests' from command line to 'False'
[1.014s] DEBUG:colcon.colcon_core.verb:Building package 'drone_utilities' with the following arguments: {'ament_cmake_args': None, 'build_base': '/home/orangepi/ros2_ws/build/drone_utilities', 'catkin_cmake_args': None, 'catkin_skip_building_tests': False, 'cmake_args': None, 'cmake_clean_cache': False, 'cmake_clean_first': False, 'cmake_force_configure': False, 'cmake_target': None, 'cmake_target_skip_unavailable': False, 'install_base': '/home/orangepi/ros2_ws/install/drone_utilities', 'merge_install': False, 'path': '/home/orangepi/ros2_ws/src/drone_utilities', 'symlink_install': True, 'test_result_base': None}
[1.015s] Level 5:colcon.colcon_core.verb:set package 'realsense2_camera_msgs' build argument 'cmake_args' from command line to 'None'
[1.015s] Level 5:colcon.colcon_core.verb:set package 'realsense2_camera_msgs' build argument 'cmake_target' from command line to 'None'
[1.015s] Level 5:colcon.colcon_core.verb:set package 'realsense2_camera_msgs' build argument 'cmake_target_skip_unavailable' from command line to 'False'
[1.015s] Level 5:colcon.colcon_core.verb:set package 'realsense2_camera_msgs' build argument 'cmake_clean_cache' from command line to 'False'
[1.015s] Level 5:colcon.colcon_core.verb:set package 'realsense2_camera_msgs' build argument 'cmake_clean_first' from command line to 'False'
[1.015s] Level 5:colcon.colcon_core.verb:set package 'realsense2_camera_msgs' build argument 'cmake_force_configure' from command line to 'False'
[1.015s] Level 5:colcon.colcon_core.verb:set package 'realsense2_camera_msgs' build argument 'ament_cmake_args' from command line to 'None'
[1.015s] Level 5:colcon.colcon_core.verb:set package 'realsense2_camera_msgs' build argument 'catkin_cmake_args' from command line to 'None'
[1.015s] Level 5:colcon.colcon_core.verb:set package 'realsense2_camera_msgs' build argument 'catkin_skip_building_tests' from command line to 'False'
[1.015s] DEBUG:colcon.colcon_core.verb:Building package 'realsense2_camera_msgs' with the following arguments: {'ament_cmake_args': None, 'build_base': '/home/orangepi/ros2_ws/build/realsense2_camera_msgs', 'catkin_cmake_args': None, 'catkin_skip_building_tests': False, 'cmake_args': None, 'cmake_clean_cache': False, 'cmake_clean_first': False, 'cmake_force_configure': False, 'cmake_target': None, 'cmake_target_skip_unavailable': False, 'install_base': '/home/orangepi/ros2_ws/install/realsense2_camera_msgs', 'merge_install': False, 'path': '/home/orangepi/ros2_ws/src/realsense-ros/realsense2_camera_msgs', 'symlink_install': True, 'test_result_base': None}
[1.015s] Level 5:colcon.colcon_core.verb:set package 'realsense2_camera' build argument 'cmake_args' from command line to 'None'
[1.015s] Level 5:colcon.colcon_core.verb:set package 'realsense2_camera' build argument 'cmake_target' from command line to 'None'
[1.015s] Level 5:colcon.colcon_core.verb:set package 'realsense2_camera' build argument 'cmake_target_skip_unavailable' from command line to 'False'
[1.015s] Level 5:colcon.colcon_core.verb:set package 'realsense2_camera' build argument 'cmake_clean_cache' from command line to 'False'
[1.016s] Level 5:colcon.colcon_core.verb:set package 'realsense2_camera' build argument 'cmake_clean_first' from command line to 'False'
[1.016s] Level 5:colcon.colcon_core.verb:set package 'realsense2_camera' build argument 'cmake_force_configure' from command line to 'False'
[1.016s] Level 5:colcon.colcon_core.verb:set package 'realsense2_camera' build argument 'ament_cmake_args' from command line to 'None'
[1.016s] Level 5:colcon.colcon_core.verb:set package 'realsense2_camera' build argument 'catkin_cmake_args' from command line to 'None'
[1.016s] Level 5:colcon.colcon_core.verb:set package 'realsense2_camera' build argument 'catkin_skip_building_tests' from command line to 'False'
[1.016s] DEBUG:colcon.colcon_core.verb:Building package 'realsense2_camera' with the following arguments: {'ament_cmake_args': None, 'build_base': '/home/orangepi/ros2_ws/build/realsense2_camera', 'catkin_cmake_args': None, 'catkin_skip_building_tests': False, 'cmake_args': None, 'cmake_clean_cache': False, 'cmake_clean_first': False, 'cmake_force_configure': False, 'cmake_target': None, 'cmake_target_skip_unavailable': False, 'install_base': '/home/orangepi/ros2_ws/install/realsense2_camera', 'merge_install': False, 'path': '/home/orangepi/ros2_ws/src/realsense-ros/realsense2_camera', 'symlink_install': True, 'test_result_base': None}
[1.016s] Level 5:colcon.colcon_core.verb:set package 'realsense2_description' build argument 'cmake_args' from command line to 'None'
[1.016s] Level 5:colcon.colcon_core.verb:set package 'realsense2_description' build argument 'cmake_target' from command line to 'None'
[1.016s] Level 5:colcon.colcon_core.verb:set package 'realsense2_description' build argument 'cmake_target_skip_unavailable' from command line to 'False'
[1.016s] Level 5:colcon.colcon_core.verb:set package 'realsense2_description' build argument 'cmake_clean_cache' from command line to 'False'
[1.016s] Level 5:colcon.colcon_core.verb:set package 'realsense2_description' build argument 'cmake_clean_first' from command line to 'False'
[1.016s] Level 5:colcon.colcon_core.verb:set package 'realsense2_description' build argument 'cmake_force_configure' from command line to 'False'
[1.016s] Level 5:colcon.colcon_core.verb:set package 'realsense2_description' build argument 'ament_cmake_args' from command line to 'None'
[1.016s] Level 5:colcon.colcon_core.verb:set package 'realsense2_description' build argument 'catkin_cmake_args' from command line to 'None'
[1.016s] Level 5:colcon.colcon_core.verb:set package 'realsense2_description' build argument 'catkin_skip_building_tests' from command line to 'False'
[1.016s] DEBUG:colcon.colcon_core.verb:Building package 'realsense2_description' with the following arguments: {'ament_cmake_args': None, 'build_base': '/home/orangepi/ros2_ws/build/realsense2_description', 'catkin_cmake_args': None, 'catkin_skip_building_tests': False, 'cmake_args': None, 'cmake_clean_cache': False, 'cmake_clean_first': False, 'cmake_force_configure': False, 'cmake_target': None, 'cmake_target_skip_unavailable': False, 'install_base': '/home/orangepi/ros2_ws/install/realsense2_description', 'merge_install': False, 'path': '/home/orangepi/ros2_ws/src/realsense-ros/realsense2_description', 'symlink_install': True, 'test_result_base': None}
[1.017s] Level 5:colcon.colcon_core.verb:set package 'drone_bringup' build argument 'cmake_args' from command line to 'None'
[1.017s] Level 5:colcon.colcon_core.verb:set package 'drone_bringup' build argument 'cmake_target' from command line to 'None'
[1.017s] Level 5:colcon.colcon_core.verb:set package 'drone_bringup' build argument 'cmake_target_skip_unavailable' from command line to 'False'
[1.017s] Level 5:colcon.colcon_core.verb:set package 'drone_bringup' build argument 'cmake_clean_cache' from command line to 'False'
[1.017s] Level 5:colcon.colcon_core.verb:set package 'drone_bringup' build argument 'cmake_clean_first' from command line to 'False'
[1.017s] Level 5:colcon.colcon_core.verb:set package 'drone_bringup' build argument 'cmake_force_configure' from command line to 'False'
[1.017s] Level 5:colcon.colcon_core.verb:set package 'drone_bringup' build argument 'ament_cmake_args' from command line to 'None'
[1.017s] Level 5:colcon.colcon_core.verb:set package 'drone_bringup' build argument 'catkin_cmake_args' from command line to 'None'
[1.017s] Level 5:colcon.colcon_core.verb:set package 'drone_bringup' build argument 'catkin_skip_building_tests' from command line to 'False'
[1.017s] DEBUG:colcon.colcon_core.verb:Building package 'drone_bringup' with the following arguments: {'ament_cmake_args': None, 'build_base': '/home/orangepi/ros2_ws/build/drone_bringup', 'catkin_cmake_args': None, 'catkin_skip_building_tests': False, 'cmake_args': None, 'cmake_clean_cache': False, 'cmake_clean_first': False, 'cmake_force_configure': False, 'cmake_target': None, 'cmake_target_skip_unavailable': False, 'install_base': '/home/orangepi/ros2_ws/install/drone_bringup', 'merge_install': False, 'path': '/home/orangepi/ros2_ws/src/drone_bringup', 'symlink_install': True, 'test_result_base': None}
[1.017s] INFO:colcon.colcon_core.executor:Executing jobs using 'parallel' executor
[1.021s] DEBUG:colcon.colcon_parallel_executor.executor.parallel:run_until_complete
[1.025s] INFO:colcon.colcon_ros.task.ament_cmake.build:Building ROS package in '/home/orangepi/ros2_ws/src/realsense-ros/realsense2_camera_msgs' with build type 'ament_cmake'
[1.025s] INFO:colcon.colcon_cmake.task.cmake.build:Building CMake package in '/home/orangepi/ros2_ws/src/realsense-ros/realsense2_camera_msgs'
[1.034s] INFO:colcon.colcon_core.plugin_system:Skipping extension 'colcon_core.shell.bat': Not used on non-Windows systems
[1.036s] INFO:colcon.colcon_core.shell:Skip shell extension 'powershell' for command environment: Not usable outside of PowerShell
[1.036s] DEBUG:colcon.colcon_core.shell:Skip shell extension 'dsv' for command environment
[1.061s] INFO:colcon.colcon_ros.task.ament_cmake.build:Building ROS package in '/home/orangepi/ros2_ws/src/drone_description' with build type 'ament_cmake'
[1.062s] INFO:colcon.colcon_cmake.task.cmake.build:Building CMake package in '/home/orangepi/ros2_ws/src/drone_description'
[1.062s] INFO:colcon.colcon_core.shell:Skip shell extension 'powershell' for command environment: Not usable outside of PowerShell
[1.062s] DEBUG:colcon.colcon_core.shell:Skip shell extension 'dsv' for command environment
[1.109s] INFO:colcon.colcon_ros.task.ament_python.build:Building ROS package in '/home/orangepi/ros2_ws/src/drone_utilities' with build type 'ament_python'
[1.109s] Level 1:colcon.colcon_core.shell:create_environment_hook('drone_utilities', 'ament_prefix_path')
[1.110s] INFO:colcon.colcon_core.shell:Creating environment hook '/home/orangepi/ros2_ws/install/drone_utilities/share/drone_utilities/hook/ament_prefix_path.ps1'
[1.113s] INFO:colcon.colcon_core.shell:Creating environment descriptor '/home/orangepi/ros2_ws/install/drone_utilities/share/drone_utilities/hook/ament_prefix_path.dsv'
[1.114s] INFO:colcon.colcon_core.shell:Creating environment hook '/home/orangepi/ros2_ws/install/drone_utilities/share/drone_utilities/hook/ament_prefix_path.sh'
[1.116s] INFO:colcon.colcon_core.shell:Skip shell extension 'powershell' for command environment: Not usable outside of PowerShell
[1.116s] DEBUG:colcon.colcon_core.shell:Skip shell extension 'dsv' for command environment
[1.137s] DEBUG:colcon.colcon_core.event_handler.log_command:Invoking command in '/home/orangepi/ros2_ws/build/realsense2_camera_msgs': CMAKE_PREFIX_PATH=${CMAKE_PREFIX_PATH}:/opt/ros/humble /usr/bin/cmake --build /home/orangepi/ros2_ws/build/realsense2_camera_msgs -- -j8 -l8
[1.145s] DEBUG:colcon.colcon_core.event_handler.log_command:Invoking command in '/home/orangepi/ros2_ws/build/drone_description': CMAKE_PREFIX_PATH=${CMAKE_PREFIX_PATH}:/opt/ros/humble /usr/bin/cmake --build /home/orangepi/ros2_ws/build/drone_description -- -j8 -l8
[1.567s] INFO:colcon.colcon_core.task.python.build:Building Python package in '/home/orangepi/ros2_ws/src/drone_utilities'
[1.567s] INFO:colcon.colcon_core.shell:Skip shell extension 'powershell' for command environment: Not usable outside of PowerShell
[1.567s] DEBUG:colcon.colcon_core.shell:Skip shell extension 'dsv' for command environment
[1.575s] DEBUG:colcon.colcon_core.event_handler.log_command:Invoked command in '/home/orangepi/ros2_ws/build/drone_description' returned '0': CMAKE_PREFIX_PATH=${CMAKE_PREFIX_PATH}:/opt/ros/humble /usr/bin/cmake --build /home/orangepi/ros2_ws/build/drone_description -- -j8 -l8
[1.608s] DEBUG:colcon.colcon_core.event_handler.log_command:Invoking command in '/home/orangepi/ros2_ws/build/drone_description': CMAKE_PREFIX_PATH=${CMAKE_PREFIX_PATH}:/opt/ros/humble /usr/bin/cmake --install /home/orangepi/ros2_ws/build/drone_description
[1.677s] Level 1:colcon.colcon_core.environment:create_environment_scripts_only(drone_description)
[1.678s] DEBUG:colcon.colcon_core.event_handler.log_command:Invoked command in '/home/orangepi/ros2_ws/build/drone_description' returned '0': CMAKE_PREFIX_PATH=${CMAKE_PREFIX_PATH}:/opt/ros/humble /usr/bin/cmake --install /home/orangepi/ros2_ws/build/drone_description
[1.687s] Level 1:colcon.colcon_core.environment:checking '/home/orangepi/ros2_ws/install/drone_description' for CMake module files
[1.687s] Level 1:colcon.colcon_core.environment:checking '/home/orangepi/ros2_ws/install/drone_description' for CMake config files
[1.688s] Level 1:colcon.colcon_core.shell:create_environment_hook('drone_description', 'cmake_prefix_path')
[1.688s] INFO:colcon.colcon_core.shell:Creating environment hook '/home/orangepi/ros2_ws/install/drone_description/share/drone_description/hook/cmake_prefix_path.ps1'
[1.689s] INFO:colcon.colcon_core.shell:Creating environment descriptor '/home/orangepi/ros2_ws/install/drone_description/share/drone_description/hook/cmake_prefix_path.dsv'
[1.690s] INFO:colcon.colcon_core.shell:Creating environment hook '/home/orangepi/ros2_ws/install/drone_description/share/drone_description/hook/cmake_prefix_path.sh'
[1.691s] Level 1:colcon.colcon_core.environment:checking '/home/orangepi/ros2_ws/install/drone_description/bin'
[1.691s] Level 1:colcon.colcon_core.environment:checking '/home/orangepi/ros2_ws/install/drone_description/lib/pkgconfig/drone_description.pc'
[1.692s] Level 1:colcon.colcon_core.environment:checking '/home/orangepi/ros2_ws/install/drone_description/lib/python3.10/site-packages'
[1.692s] Level 1:colcon.colcon_core.environment:checking '/home/orangepi/ros2_ws/install/drone_description/bin'
[1.693s] INFO:colcon.colcon_core.shell:Creating package script '/home/orangepi/ros2_ws/install/drone_description/share/drone_description/package.ps1'
[1.695s] INFO:colcon.colcon_core.shell:Creating package descriptor '/home/orangepi/ros2_ws/install/drone_description/share/drone_description/package.dsv'
[1.697s] INFO:colcon.colcon_core.shell:Creating package script '/home/orangepi/ros2_ws/install/drone_description/share/drone_description/package.sh'
[1.699s] INFO:colcon.colcon_core.shell:Creating package script '/home/orangepi/ros2_ws/install/drone_description/share/drone_description/package.bash'
[1.701s] INFO:colcon.colcon_core.shell:Creating package script '/home/orangepi/ros2_ws/install/drone_description/share/drone_description/package.zsh'
[1.703s] Level 1:colcon.colcon_core.environment:create_file_with_runtime_dependencies(/home/orangepi/ros2_ws/install/drone_description/share/colcon-core/packages/drone_description)
[1.705s] Level 1:colcon.colcon_core.environment:create_environment_scripts_only(drone_description)
[1.706s] Level 1:colcon.colcon_core.environment:checking '/home/orangepi/ros2_ws/install/drone_description' for CMake module files
[1.707s] Level 1:colcon.colcon_core.environment:checking '/home/orangepi/ros2_ws/install/drone_description' for CMake config files
[1.707s] Level 1:colcon.colcon_core.shell:create_environment_hook('drone_description', 'cmake_prefix_path')
[1.708s] INFO:colcon.colcon_core.shell:Creating environment hook '/home/orangepi/ros2_ws/install/drone_description/share/drone_description/hook/cmake_prefix_path.ps1'
[1.709s] INFO:colcon.colcon_core.shell:Creating environment descriptor '/home/orangepi/ros2_ws/install/drone_description/share/drone_description/hook/cmake_prefix_path.dsv'
[1.710s] INFO:colcon.colcon_core.shell:Creating environment hook '/home/orangepi/ros2_ws/install/drone_description/share/drone_description/hook/cmake_prefix_path.sh'
[1.711s] Level 1:colcon.colcon_core.environment:checking '/home/orangepi/ros2_ws/install/drone_description/bin'
[1.711s] Level 1:colcon.colcon_core.environment:checking '/home/orangepi/ros2_ws/install/drone_description/lib/pkgconfig/drone_description.pc'
[1.712s] Level 1:colcon.colcon_core.environment:checking '/home/orangepi/ros2_ws/install/drone_description/lib/python3.10/site-packages'
[1.712s] Level 1:colcon.colcon_core.environment:checking '/home/orangepi/ros2_ws/install/drone_description/bin'
[1.713s] INFO:colcon.colcon_core.shell:Creating package script '/home/orangepi/ros2_ws/install/drone_description/share/drone_description/package.ps1'
[1.714s] INFO:colcon.colcon_core.shell:Creating package descriptor '/home/orangepi/ros2_ws/install/drone_description/share/drone_description/package.dsv'
[1.715s] INFO:colcon.colcon_core.shell:Creating package script '/home/orangepi/ros2_ws/install/drone_description/share/drone_description/package.sh'
[1.716s] INFO:colcon.colcon_core.shell:Creating package script '/home/orangepi/ros2_ws/install/drone_description/share/drone_description/package.bash'
[1.717s] INFO:colcon.colcon_core.shell:Creating package script '/home/orangepi/ros2_ws/install/drone_description/share/drone_description/package.zsh'
[1.720s] Level 1:colcon.colcon_core.environment:create_file_with_runtime_dependencies(/home/orangepi/ros2_ws/install/drone_description/share/colcon-core/packages/drone_description)
[2.013s] DEBUG:colcon.colcon_core.event_handler.log_command:Invoked command in '/home/orangepi/ros2_ws/build/realsense2_camera_msgs' returned '0': CMAKE_PREFIX_PATH=${CMAKE_PREFIX_PATH}:/opt/ros/humble /usr/bin/cmake --build /home/orangepi/ros2_ws/build/realsense2_camera_msgs -- -j8 -l8
[2.017s] DEBUG:colcon.colcon_core.event_handler.log_command:Invoking command in '/home/orangepi/ros2_ws/build/realsense2_camera_msgs': CMAKE_PREFIX_PATH=${CMAKE_PREFIX_PATH}:/opt/ros/humble /usr/bin/cmake --install /home/orangepi/ros2_ws/build/realsense2_camera_msgs
[2.248s] Level 1:colcon.colcon_core.environment:create_environment_scripts_only(realsense2_camera_msgs)
[2.249s] Level 1:colcon.colcon_core.environment:checking '/home/orangepi/ros2_ws/install/realsense2_camera_msgs' for CMake module files
[2.252s] Level 1:colcon.colcon_core.environment:checking '/home/orangepi/ros2_ws/install/realsense2_camera_msgs' for CMake config files
[2.253s] DEBUG:colcon.colcon_core.event_handler.log_command:Invoked command in '/home/orangepi/ros2_ws/build/realsense2_camera_msgs' returned '0': CMAKE_PREFIX_PATH=${CMAKE_PREFIX_PATH}:/opt/ros/humble /usr/bin/cmake --install /home/orangepi/ros2_ws/build/realsense2_camera_msgs
[2.255s] Level 1:colcon.colcon_core.shell:create_environment_hook('realsense2_camera_msgs', 'cmake_prefix_path')
[2.256s] INFO:colcon.colcon_core.shell:Creating environment hook '/home/orangepi/ros2_ws/install/realsense2_camera_msgs/share/realsense2_camera_msgs/hook/cmake_prefix_path.ps1'
[2.258s] INFO:colcon.colcon_core.shell:Creating environment descriptor '/home/orangepi/ros2_ws/install/realsense2_camera_msgs/share/realsense2_camera_msgs/hook/cmake_prefix_path.dsv'
[2.259s] INFO:colcon.colcon_core.shell:Creating environment hook '/home/orangepi/ros2_ws/install/realsense2_camera_msgs/share/realsense2_camera_msgs/hook/cmake_prefix_path.sh'
[2.260s] Level 1:colcon.colcon_core.environment:checking '/home/orangepi/ros2_ws/install/realsense2_camera_msgs/lib'
[2.261s] Level 1:colcon.colcon_core.shell:create_environment_hook('realsense2_camera_msgs', 'ld_library_path_lib')
[2.262s] INFO:colcon.colcon_core.shell:Creating environment hook '/home/orangepi/ros2_ws/install/realsense2_camera_msgs/share/realsense2_camera_msgs/hook/ld_library_path_lib.ps1'
[2.262s] INFO:colcon.colcon_core.shell:Creating environment descriptor '/home/orangepi/ros2_ws/install/realsense2_camera_msgs/share/realsense2_camera_msgs/hook/ld_library_path_lib.dsv'
[2.265s] INFO:colcon.colcon_core.shell:Creating environment hook '/home/orangepi/ros2_ws/install/realsense2_camera_msgs/share/realsense2_camera_msgs/hook/ld_library_path_lib.sh'
[2.266s] Level 1:colcon.colcon_core.environment:checking '/home/orangepi/ros2_ws/install/realsense2_camera_msgs/bin'
[2.266s] Level 1:colcon.colcon_core.environment:checking '/home/orangepi/ros2_ws/install/realsense2_camera_msgs/lib/pkgconfig/realsense2_camera_msgs.pc'
[2.266s] Level 1:colcon.colcon_core.environment:checking '/home/orangepi/ros2_ws/install/realsense2_camera_msgs/lib/python3.10/site-packages'
[2.267s] Level 1:colcon.colcon_core.environment:checking '/home/orangepi/ros2_ws/install/realsense2_camera_msgs/bin'
[2.268s] INFO:colcon.colcon_core.shell:Creating package script '/home/orangepi/ros2_ws/install/realsense2_camera_msgs/share/realsense2_camera_msgs/package.ps1'
[2.269s] INFO:colcon.colcon_core.shell:Creating package descriptor '/home/orangepi/ros2_ws/install/realsense2_camera_msgs/share/realsense2_camera_msgs/package.dsv'
[2.269s] INFO:colcon.colcon_core.shell:Creating package script '/home/orangepi/ros2_ws/install/realsense2_camera_msgs/share/realsense2_camera_msgs/package.sh'
[2.270s] INFO:colcon.colcon_core.shell:Creating package script '/home/orangepi/ros2_ws/install/realsense2_camera_msgs/share/realsense2_camera_msgs/package.bash'
[2.271s] INFO:colcon.colcon_core.shell:Creating package script '/home/orangepi/ros2_ws/install/realsense2_camera_msgs/share/realsense2_camera_msgs/package.zsh'
[2.272s] Level 1:colcon.colcon_core.environment:create_file_with_runtime_dependencies(/home/orangepi/ros2_ws/install/realsense2_camera_msgs/share/colcon-core/packages/realsense2_camera_msgs)
[2.274s] Level 1:colcon.colcon_core.environment:create_environment_scripts_only(realsense2_camera_msgs)
[2.274s] Level 1:colcon.colcon_core.environment:checking '/home/orangepi/ros2_ws/install/realsense2_camera_msgs' for CMake module files
[2.275s] Level 1:colcon.colcon_core.environment:checking '/home/orangepi/ros2_ws/install/realsense2_camera_msgs' for CMake config files
[2.277s] Level 1:colcon.colcon_core.shell:create_environment_hook('realsense2_camera_msgs', 'cmake_prefix_path')
[2.277s] INFO:colcon.colcon_core.shell:Creating environment hook '/home/orangepi/ros2_ws/install/realsense2_camera_msgs/share/realsense2_camera_msgs/hook/cmake_prefix_path.ps1'
[2.278s] INFO:colcon.colcon_core.shell:Creating environment descriptor '/home/orangepi/ros2_ws/install/realsense2_camera_msgs/share/realsense2_camera_msgs/hook/cmake_prefix_path.dsv'
[2.279s] INFO:colcon.colcon_core.shell:Creating environment hook '/home/orangepi/ros2_ws/install/realsense2_camera_msgs/share/realsense2_camera_msgs/hook/cmake_prefix_path.sh'
[2.280s] Level 1:colcon.colcon_core.environment:checking '/home/orangepi/ros2_ws/install/realsense2_camera_msgs/lib'
[2.280s] Level 1:colcon.colcon_core.shell:create_environment_hook('realsense2_camera_msgs', 'ld_library_path_lib')
[2.281s] INFO:colcon.colcon_core.shell:Creating environment hook '/home/orangepi/ros2_ws/install/realsense2_camera_msgs/share/realsense2_camera_msgs/hook/ld_library_path_lib.ps1'
[2.281s] INFO:colcon.colcon_core.shell:Creating environment descriptor '/home/orangepi/ros2_ws/install/realsense2_camera_msgs/share/realsense2_camera_msgs/hook/ld_library_path_lib.dsv'
[2.282s] INFO:colcon.colcon_core.shell:Creating environment hook '/home/orangepi/ros2_ws/install/realsense2_camera_msgs/share/realsense2_camera_msgs/hook/ld_library_path_lib.sh'
[2.285s] Level 1:colcon.colcon_core.environment:checking '/home/orangepi/ros2_ws/install/realsense2_camera_msgs/bin'
[2.285s] Level 1:colcon.colcon_core.environment:checking '/home/orangepi/ros2_ws/install/realsense2_camera_msgs/lib/pkgconfig/realsense2_camera_msgs.pc'
[2.286s] Level 1:colcon.colcon_core.environment:checking '/home/orangepi/ros2_ws/install/realsense2_camera_msgs/lib/python3.10/site-packages'
[2.286s] Level 1:colcon.colcon_core.environment:checking '/home/orangepi/ros2_ws/install/realsense2_camera_msgs/bin'
[2.287s] INFO:colcon.colcon_core.shell:Creating package script '/home/orangepi/ros2_ws/install/realsense2_camera_msgs/share/realsense2_camera_msgs/package.ps1'
[2.288s] INFO:colcon.colcon_core.shell:Creating package descriptor '/home/orangepi/ros2_ws/install/realsense2_camera_msgs/share/realsense2_camera_msgs/package.dsv'
[2.289s] INFO:colcon.colcon_core.shell:Creating package script '/home/orangepi/ros2_ws/install/realsense2_camera_msgs/share/realsense2_camera_msgs/package.sh'
[2.291s] INFO:colcon.colcon_core.shell:Creating package script '/home/orangepi/ros2_ws/install/realsense2_camera_msgs/share/realsense2_camera_msgs/package.bash'
[2.291s] INFO:colcon.colcon_core.shell:Creating package script '/home/orangepi/ros2_ws/install/realsense2_camera_msgs/share/realsense2_camera_msgs/package.zsh'
[2.292s] Level 1:colcon.colcon_core.environment:create_file_with_runtime_dependencies(/home/orangepi/ros2_ws/install/realsense2_camera_msgs/share/colcon-core/packages/realsense2_camera_msgs)
[2.294s] INFO:colcon.colcon_ros.task.ament_cmake.build:Building ROS package in '/home/orangepi/ros2_ws/src/realsense-ros/realsense2_camera' with build type 'ament_cmake'
[2.294s] INFO:colcon.colcon_cmake.task.cmake.build:Building CMake package in '/home/orangepi/ros2_ws/src/realsense-ros/realsense2_camera'
[2.295s] INFO:colcon.colcon_core.shell:Skip shell extension 'powershell' for command environment: Not usable outside of PowerShell
[2.295s] DEBUG:colcon.colcon_core.shell:Skip shell extension 'dsv' for command environment
[2.304s] INFO:colcon.colcon_ros.task.ament_cmake.build:Building ROS package in '/home/orangepi/ros2_ws/src/realsense-ros/realsense2_description' with build type 'ament_cmake'
[2.304s] INFO:colcon.colcon_cmake.task.cmake.build:Building CMake package in '/home/orangepi/ros2_ws/src/realsense-ros/realsense2_description'
[2.305s] INFO:colcon.colcon_core.shell:Skip shell extension 'powershell' for command environment: Not usable outside of PowerShell
[2.306s] DEBUG:colcon.colcon_core.shell:Skip shell extension 'dsv' for command environment
[2.329s] DEBUG:colcon.colcon_core.event_handler.log_command:Invoking command in '/home/orangepi/ros2_ws/build/drone_utilities': PYTHONPATH=/home/orangepi/ros2_ws/build/drone_utilities/prefix_override:/usr/lib/python3/dist-packages/colcon_core/task/python/colcon_distutils_commands:/home/orangepi/ros2_ws/install/drone_utilities/lib/python3.10/site-packages:${PYTHONPATH} /usr/bin/python3 -W ignore:setup.py install is deprecated -W ignore:easy_install command is deprecated setup.py develop --editable --build-directory /home/orangepi/ros2_ws/build/drone_utilities/build --no-deps symlink_data
[2.338s] DEBUG:colcon.colcon_core.event_handler.log_command:Invoking command in '/home/orangepi/ros2_ws/build/realsense2_camera': CMAKE_PREFIX_PATH=/home/orangepi/ros2_ws/install/realsense2_camera_msgs:/home/orangepi/mavros_ws/install/mavros_extras:/home/orangepi/mavros_ws/install/mavros:/home/orangepi/mavros_ws/install/mavros_msgs:/home/orangepi/mavros_ws/install/libmavconn:/home/orangepi/ros2_ws/install/realsense2_description:/home/orangepi/ros2_ws/install/drone_bringup:/home/orangepi/ros2_ws/install/realsense2_camera:/home/orangepi/ros2_ws/install/drone_description:/opt/ros/humble LD_LIBRARY_PATH=/home/orangepi/ros2_ws/install/realsense2_camera_msgs/lib:/home/orangepi/mavros_ws/install/mavros_extras/lib:/home/orangepi/mavros_ws/install/mavros/lib:/home/orangepi/mavros_ws/install/mavros_msgs/lib:/home/orangepi/mavros_ws/install/libmavconn/lib:/home/orangepi/ros2_ws/install/realsense2_camera/lib:/opt/ros/humble/opt/rviz_ogre_vendor/lib:/opt/ros/humble/lib/aarch64-linux-gnu:/opt/ros/humble/lib /usr/bin/cmake --build /home/orangepi/ros2_ws/build/realsense2_camera -- -j8 -l8
[2.349s] DEBUG:colcon.colcon_core.event_handler.log_command:Invoking command in '/home/orangepi/ros2_ws/build/realsense2_description': CMAKE_PREFIX_PATH=/home/orangepi/ros2_ws/install/realsense2_camera_msgs:/home/orangepi/mavros_ws/install/mavros_extras:/home/orangepi/mavros_ws/install/mavros:/home/orangepi/mavros_ws/install/mavros_msgs:/home/orangepi/mavros_ws/install/libmavconn:/home/orangepi/ros2_ws/install/realsense2_description:/home/orangepi/ros2_ws/install/drone_bringup:/home/orangepi/ros2_ws/install/realsense2_camera:/home/orangepi/ros2_ws/install/drone_description:/opt/ros/humble LD_LIBRARY_PATH=/home/orangepi/ros2_ws/install/realsense2_camera_msgs/lib:/home/orangepi/mavros_ws/install/mavros_extras/lib:/home/orangepi/mavros_ws/install/mavros/lib:/home/orangepi/mavros_ws/install/mavros_msgs/lib:/home/orangepi/mavros_ws/install/libmavconn/lib:/home/orangepi/ros2_ws/install/realsense2_camera/lib:/opt/ros/humble/opt/rviz_ogre_vendor/lib:/opt/ros/humble/lib/aarch64-linux-gnu:/opt/ros/humble/lib /usr/bin/cmake --build /home/orangepi/ros2_ws/build/realsense2_description -- -j8 -l8
[2.484s] DEBUG:colcon.colcon_core.event_handler.log_command:Invoked command in '/home/orangepi/ros2_ws/build/realsense2_description' returned '0': CMAKE_PREFIX_PATH=/home/orangepi/ros2_ws/install/realsense2_camera_msgs:/home/orangepi/mavros_ws/install/mavros_extras:/home/orangepi/mavros_ws/install/mavros:/home/orangepi/mavros_ws/install/mavros_msgs:/home/orangepi/mavros_ws/install/libmavconn:/home/orangepi/ros2_ws/install/realsense2_description:/home/orangepi/ros2_ws/install/drone_bringup:/home/orangepi/ros2_ws/install/realsense2_camera:/home/orangepi/ros2_ws/install/drone_description:/opt/ros/humble LD_LIBRARY_PATH=/home/orangepi/ros2_ws/install/realsense2_camera_msgs/lib:/home/orangepi/mavros_ws/install/mavros_extras/lib:/home/orangepi/mavros_ws/install/mavros/lib:/home/orangepi/mavros_ws/install/mavros_msgs/lib:/home/orangepi/mavros_ws/install/libmavconn/lib:/home/orangepi/ros2_ws/install/realsense2_camera/lib:/opt/ros/humble/opt/rviz_ogre_vendor/lib:/opt/ros/humble/lib/aarch64-linux-gnu:/opt/ros/humble/lib /usr/bin/cmake --build /home/orangepi/ros2_ws/build/realsense2_description -- -j8 -l8
[2.489s] DEBUG:colcon.colcon_core.event_handler.log_command:Invoking command in '/home/orangepi/ros2_ws/build/realsense2_description': CMAKE_PREFIX_PATH=/home/orangepi/ros2_ws/install/realsense2_camera_msgs:/home/orangepi/mavros_ws/install/mavros_extras:/home/orangepi/mavros_ws/install/mavros:/home/orangepi/mavros_ws/install/mavros_msgs:/home/orangepi/mavros_ws/install/libmavconn:/home/orangepi/ros2_ws/install/realsense2_description:/home/orangepi/ros2_ws/install/drone_bringup:/home/orangepi/ros2_ws/install/realsense2_camera:/home/orangepi/ros2_ws/install/drone_description:/opt/ros/humble LD_LIBRARY_PATH=/home/orangepi/ros2_ws/install/realsense2_camera_msgs/lib:/home/orangepi/mavros_ws/install/mavros_extras/lib:/home/orangepi/mavros_ws/install/mavros/lib:/home/orangepi/mavros_ws/install/mavros_msgs/lib:/home/orangepi/mavros_ws/install/libmavconn/lib:/home/orangepi/ros2_ws/install/realsense2_camera/lib:/opt/ros/humble/opt/rviz_ogre_vendor/lib:/opt/ros/humble/lib/aarch64-linux-gnu:/opt/ros/humble/lib /usr/bin/cmake --install /home/orangepi/ros2_ws/build/realsense2_description
[2.571s] Level 1:colcon.colcon_core.environment:create_environment_scripts_only(realsense2_description)
[2.573s] Level 1:colcon.colcon_core.environment:checking '/home/orangepi/ros2_ws/install/realsense2_description' for CMake module files
[2.575s] DEBUG:colcon.colcon_core.event_handler.log_command:Invoked command in '/home/orangepi/ros2_ws/build/realsense2_description' returned '0': CMAKE_PREFIX_PATH=/home/orangepi/ros2_ws/install/realsense2_camera_msgs:/home/orangepi/mavros_ws/install/mavros_extras:/home/orangepi/mavros_ws/install/mavros:/home/orangepi/mavros_ws/install/mavros_msgs:/home/orangepi/mavros_ws/install/libmavconn:/home/orangepi/ros2_ws/install/realsense2_description:/home/orangepi/ros2_ws/install/drone_bringup:/home/orangepi/ros2_ws/install/realsense2_camera:/home/orangepi/ros2_ws/install/drone_description:/opt/ros/humble LD_LIBRARY_PATH=/home/orangepi/ros2_ws/install/realsense2_camera_msgs/lib:/home/orangepi/mavros_ws/install/mavros_extras/lib:/home/orangepi/mavros_ws/install/mavros/lib:/home/orangepi/mavros_ws/install/mavros_msgs/lib:/home/orangepi/mavros_ws/install/libmavconn/lib:/home/orangepi/ros2_ws/install/realsense2_camera/lib:/opt/ros/humble/opt/rviz_ogre_vendor/lib:/opt/ros/humble/lib/aarch64-linux-gnu:/opt/ros/humble/lib /usr/bin/cmake --install /home/orangepi/ros2_ws/build/realsense2_description
[2.577s] Level 1:colcon.colcon_core.environment:checking '/home/orangepi/ros2_ws/install/realsense2_description' for CMake config files
[2.580s] Level 1:colcon.colcon_core.shell:create_environment_hook('realsense2_description', 'cmake_prefix_path')
[2.581s] INFO:colcon.colcon_core.shell:Creating environment hook '/home/orangepi/ros2_ws/install/realsense2_description/share/realsense2_description/hook/cmake_prefix_path.ps1'
[2.584s] INFO:colcon.colcon_core.shell:Creating environment descriptor '/home/orangepi/ros2_ws/install/realsense2_description/share/realsense2_description/hook/cmake_prefix_path.dsv'
[2.588s] INFO:colcon.colcon_core.shell:Creating environment hook '/home/orangepi/ros2_ws/install/realsense2_description/share/realsense2_description/hook/cmake_prefix_path.sh'
[2.591s] Level 1:colcon.colcon_core.environment:checking '/home/orangepi/ros2_ws/install/realsense2_description/bin'
[2.592s] Level 1:colcon.colcon_core.environment:checking '/home/orangepi/ros2_ws/install/realsense2_description/lib/pkgconfig/realsense2_description.pc'
[2.594s] Level 1:colcon.colcon_core.environment:checking '/home/orangepi/ros2_ws/install/realsense2_description/lib/python3.10/site-packages'
[2.595s] Level 1:colcon.colcon_core.environment:checking '/home/orangepi/ros2_ws/install/realsense2_description/bin'
[2.597s] INFO:colcon.colcon_core.shell:Creating package script '/home/orangepi/ros2_ws/install/realsense2_description/share/realsense2_description/package.ps1'
[2.601s] INFO:colcon.colcon_core.shell:Creating package descriptor '/home/orangepi/ros2_ws/install/realsense2_description/share/realsense2_description/package.dsv'
[2.604s] INFO:colcon.colcon_core.shell:Creating package script '/home/orangepi/ros2_ws/install/realsense2_description/share/realsense2_description/package.sh'
[2.607s] INFO:colcon.colcon_core.shell:Creating package script '/home/orangepi/ros2_ws/install/realsense2_description/share/realsense2_description/package.bash'
[2.610s] INFO:colcon.colcon_core.shell:Creating package script '/home/orangepi/ros2_ws/install/realsense2_description/share/realsense2_description/package.zsh'
[2.613s] Level 1:colcon.colcon_core.environment:create_file_with_runtime_dependencies(/home/orangepi/ros2_ws/install/realsense2_description/share/colcon-core/packages/realsense2_description)
[2.616s] Level 1:colcon.colcon_core.environment:create_environment_scripts_only(realsense2_description)
[2.618s] Level 1:colcon.colcon_core.environment:checking '/home/orangepi/ros2_ws/install/realsense2_description' for CMake module files
[2.621s] Level 1:colcon.colcon_core.environment:checking '/home/orangepi/ros2_ws/install/realsense2_description' for CMake config files
[2.623s] Level 1:colcon.colcon_core.shell:create_environment_hook('realsense2_description', 'cmake_prefix_path')
[2.625s] INFO:colcon.colcon_core.shell:Creating environment hook '/home/orangepi/ros2_ws/install/realsense2_description/share/realsense2_description/hook/cmake_prefix_path.ps1'
[2.628s] INFO:colcon.colcon_core.shell:Creating environment descriptor '/home/orangepi/ros2_ws/install/realsense2_description/share/realsense2_description/hook/cmake_prefix_path.dsv'
[2.632s] INFO:colcon.colcon_core.shell:Creating environment hook '/home/orangepi/ros2_ws/install/realsense2_description/share/realsense2_description/hook/cmake_prefix_path.sh'
[2.635s] Level 1:colcon.colcon_core.environment:checking '/home/orangepi/ros2_ws/install/realsense2_description/bin'
[2.636s] Level 1:colcon.colcon_core.environment:checking '/home/orangepi/ros2_ws/install/realsense2_description/lib/pkgconfig/realsense2_description.pc'
[2.638s] Level 1:colcon.colcon_core.environment:checking '/home/orangepi/ros2_ws/install/realsense2_description/lib/python3.10/site-packages'
[2.639s] Level 1:colcon.colcon_core.environment:checking '/home/orangepi/ros2_ws/install/realsense2_description/bin'
[2.642s] INFO:colcon.colcon_core.shell:Creating package script '/home/orangepi/ros2_ws/install/realsense2_description/share/realsense2_description/package.ps1'
[2.646s] INFO:colcon.colcon_core.shell:Creating package descriptor '/home/orangepi/ros2_ws/install/realsense2_description/share/realsense2_description/package.dsv'
[2.649s] INFO:colcon.colcon_core.shell:Creating package script '/home/orangepi/ros2_ws/install/realsense2_description/share/realsense2_description/package.sh'
[2.653s] INFO:colcon.colcon_core.shell:Creating package script '/home/orangepi/ros2_ws/install/realsense2_description/share/realsense2_description/package.bash'
[2.656s] INFO:colcon.colcon_core.shell:Creating package script '/home/orangepi/ros2_ws/install/realsense2_description/share/realsense2_description/package.zsh'
[2.660s] Level 1:colcon.colcon_core.environment:create_file_with_runtime_dependencies(/home/orangepi/ros2_ws/install/realsense2_description/share/colcon-core/packages/realsense2_description)
[2.739s] DEBUG:colcon.colcon_core.event_handler.log_command:Invoked command in '/home/orangepi/ros2_ws/build/realsense2_camera' returned '0': CMAKE_PREFIX_PATH=/home/orangepi/ros2_ws/install/realsense2_camera_msgs:/home/orangepi/mavros_ws/install/mavros_extras:/home/orangepi/mavros_ws/install/mavros:/home/orangepi/mavros_ws/install/mavros_msgs:/home/orangepi/mavros_ws/install/libmavconn:/home/orangepi/ros2_ws/install/realsense2_description:/home/orangepi/ros2_ws/install/drone_bringup:/home/orangepi/ros2_ws/install/realsense2_camera:/home/orangepi/ros2_ws/install/drone_description:/opt/ros/humble LD_LIBRARY_PATH=/home/orangepi/ros2_ws/install/realsense2_camera_msgs/lib:/home/orangepi/mavros_ws/install/mavros_extras/lib:/home/orangepi/mavros_ws/install/mavros/lib:/home/orangepi/mavros_ws/install/mavros_msgs/lib:/home/orangepi/mavros_ws/install/libmavconn/lib:/home/orangepi/ros2_ws/install/realsense2_camera/lib:/opt/ros/humble/opt/rviz_ogre_vendor/lib:/opt/ros/humble/lib/aarch64-linux-gnu:/opt/ros/humble/lib /usr/bin/cmake --build /home/orangepi/ros2_ws/build/realsense2_camera -- -j8 -l8
[2.742s] DEBUG:colcon.colcon_core.event_handler.log_command:Invoking command in '/home/orangepi/ros2_ws/build/realsense2_camera': CMAKE_PREFIX_PATH=/home/orangepi/ros2_ws/install/realsense2_camera_msgs:/home/orangepi/mavros_ws/install/mavros_extras:/home/orangepi/mavros_ws/install/mavros:/home/orangepi/mavros_ws/install/mavros_msgs:/home/orangepi/mavros_ws/install/libmavconn:/home/orangepi/ros2_ws/install/realsense2_description:/home/orangepi/ros2_ws/install/drone_bringup:/home/orangepi/ros2_ws/install/realsense2_camera:/home/orangepi/ros2_ws/install/drone_description:/opt/ros/humble LD_LIBRARY_PATH=/home/orangepi/ros2_ws/install/realsense2_camera_msgs/lib:/home/orangepi/mavros_ws/install/mavros_extras/lib:/home/orangepi/mavros_ws/install/mavros/lib:/home/orangepi/mavros_ws/install/mavros_msgs/lib:/home/orangepi/mavros_ws/install/libmavconn/lib:/home/orangepi/ros2_ws/install/realsense2_camera/lib:/opt/ros/humble/opt/rviz_ogre_vendor/lib:/opt/ros/humble/lib/aarch64-linux-gnu:/opt/ros/humble/lib /usr/bin/cmake --install /home/orangepi/ros2_ws/build/realsense2_camera
[2.841s] Level 1:colcon.colcon_core.environment:create_environment_scripts_only(realsense2_camera)
[2.844s] Level 1:colcon.colcon_core.environment:checking '/home/orangepi/ros2_ws/install/realsense2_camera' for CMake module files
[2.843s] DEBUG:colcon.colcon_core.event_handler.log_command:Invoked command in '/home/orangepi/ros2_ws/build/realsense2_camera' returned '0': CMAKE_PREFIX_PATH=/home/orangepi/ros2_ws/install/realsense2_camera_msgs:/home/orangepi/mavros_ws/install/mavros_extras:/home/orangepi/mavros_ws/install/mavros:/home/orangepi/mavros_ws/install/mavros_msgs:/home/orangepi/mavros_ws/install/libmavconn:/home/orangepi/ros2_ws/install/realsense2_description:/home/orangepi/ros2_ws/install/drone_bringup:/home/orangepi/ros2_ws/install/realsense2_camera:/home/orangepi/ros2_ws/install/drone_description:/opt/ros/humble LD_LIBRARY_PATH=/home/orangepi/ros2_ws/install/realsense2_camera_msgs/lib:/home/orangepi/mavros_ws/install/mavros_extras/lib:/home/orangepi/mavros_ws/install/mavros/lib:/home/orangepi/mavros_ws/install/mavros_msgs/lib:/home/orangepi/mavros_ws/install/libmavconn/lib:/home/orangepi/ros2_ws/install/realsense2_camera/lib:/opt/ros/humble/opt/rviz_ogre_vendor/lib:/opt/ros/humble/lib/aarch64-linux-gnu:/opt/ros/humble/lib /usr/bin/cmake --install /home/orangepi/ros2_ws/build/realsense2_camera
[2.848s] Level 1:colcon.colcon_core.environment:checking '/home/orangepi/ros2_ws/install/realsense2_camera' for CMake config files
[2.851s] Level 1:colcon.colcon_core.shell:create_environment_hook('realsense2_camera', 'cmake_prefix_path')
[2.852s] INFO:colcon.colcon_core.shell:Creating environment hook '/home/orangepi/ros2_ws/install/realsense2_camera/share/realsense2_camera/hook/cmake_prefix_path.ps1'
[2.856s] INFO:colcon.colcon_core.shell:Creating environment descriptor '/home/orangepi/ros2_ws/install/realsense2_camera/share/realsense2_camera/hook/cmake_prefix_path.dsv'
[2.858s] INFO:colcon.colcon_core.shell:Creating environment hook '/home/orangepi/ros2_ws/install/realsense2_camera/share/realsense2_camera/hook/cmake_prefix_path.sh'
[2.862s] Level 1:colcon.colcon_core.environment:checking '/home/orangepi/ros2_ws/install/realsense2_camera/lib'
[2.862s] Level 1:colcon.colcon_core.shell:create_environment_hook('realsense2_camera', 'ld_library_path_lib')
[2.864s] INFO:colcon.colcon_core.shell:Creating environment hook '/home/orangepi/ros2_ws/install/realsense2_camera/share/realsense2_camera/hook/ld_library_path_lib.ps1'
[2.866s] INFO:colcon.colcon_core.shell:Creating environment descriptor '/home/orangepi/ros2_ws/install/realsense2_camera/share/realsense2_camera/hook/ld_library_path_lib.dsv'
[2.869s] INFO:colcon.colcon_core.shell:Creating environment hook '/home/orangepi/ros2_ws/install/realsense2_camera/share/realsense2_camera/hook/ld_library_path_lib.sh'
[2.872s] Level 1:colcon.colcon_core.environment:checking '/home/orangepi/ros2_ws/install/realsense2_camera/bin'
[2.873s] Level 1:colcon.colcon_core.environment:checking '/home/orangepi/ros2_ws/install/realsense2_camera/lib/pkgconfig/realsense2_camera.pc'
[2.874s] Level 1:colcon.colcon_core.environment:checking '/home/orangepi/ros2_ws/install/realsense2_camera/lib/python3.10/site-packages'
[2.876s] Level 1:colcon.colcon_core.environment:checking '/home/orangepi/ros2_ws/install/realsense2_camera/bin'
[2.878s] INFO:colcon.colcon_core.shell:Creating package script '/home/orangepi/ros2_ws/install/realsense2_camera/share/realsense2_camera/package.ps1'
[2.882s] INFO:colcon.colcon_core.shell:Creating package descriptor '/home/orangepi/ros2_ws/install/realsense2_camera/share/realsense2_camera/package.dsv'
[2.892s] INFO:colcon.colcon_core.shell:Creating package script '/home/orangepi/ros2_ws/install/realsense2_camera/share/realsense2_camera/package.sh'
[2.902s] INFO:colcon.colcon_core.shell:Creating package script '/home/orangepi/ros2_ws/install/realsense2_camera/share/realsense2_camera/package.bash'
[2.906s] INFO:colcon.colcon_core.shell:Creating package script '/home/orangepi/ros2_ws/install/realsense2_camera/share/realsense2_camera/package.zsh'
[2.909s] Level 1:colcon.colcon_core.environment:create_file_with_runtime_dependencies(/home/orangepi/ros2_ws/install/realsense2_camera/share/colcon-core/packages/realsense2_camera)
[2.914s] Level 1:colcon.colcon_core.environment:create_environment_scripts_only(realsense2_camera)
[2.916s] Level 1:colcon.colcon_core.environment:checking '/home/orangepi/ros2_ws/install/realsense2_camera' for CMake module files
[2.920s] Level 1:colcon.colcon_core.environment:checking '/home/orangepi/ros2_ws/install/realsense2_camera' for CMake config files
[2.923s] Level 1:colcon.colcon_core.shell:create_environment_hook('realsense2_camera', 'cmake_prefix_path')
[2.928s] INFO:colcon.colcon_core.shell:Creating environment hook '/home/orangepi/ros2_ws/install/realsense2_camera/share/realsense2_camera/hook/cmake_prefix_path.ps1'
[2.932s] INFO:colcon.colcon_core.shell:Creating environment descriptor '/home/orangepi/ros2_ws/install/realsense2_camera/share/realsense2_camera/hook/cmake_prefix_path.dsv'
[2.936s] INFO:colcon.colcon_core.shell:Creating environment hook '/home/orangepi/ros2_ws/install/realsense2_camera/share/realsense2_camera/hook/cmake_prefix_path.sh'
[2.939s] Level 1:colcon.colcon_core.environment:checking '/home/orangepi/ros2_ws/install/realsense2_camera/lib'
[2.940s] Level 1:colcon.colcon_core.shell:create_environment_hook('realsense2_camera', 'ld_library_path_lib')
[2.940s] INFO:colcon.colcon_core.shell:Creating environment hook '/home/orangepi/ros2_ws/install/realsense2_camera/share/realsense2_camera/hook/ld_library_path_lib.ps1'
[2.941s] INFO:colcon.colcon_core.shell:Creating environment descriptor '/home/orangepi/ros2_ws/install/realsense2_camera/share/realsense2_camera/hook/ld_library_path_lib.dsv'
[2.942s] INFO:colcon.colcon_core.shell:Creating environment hook '/home/orangepi/ros2_ws/install/realsense2_camera/share/realsense2_camera/hook/ld_library_path_lib.sh'
[2.943s] Level 1:colcon.colcon_core.environment:checking '/home/orangepi/ros2_ws/install/realsense2_camera/bin'
[2.943s] Level 1:colcon.colcon_core.environment:checking '/home/orangepi/ros2_ws/install/realsense2_camera/lib/pkgconfig/realsense2_camera.pc'
[2.943s] Level 1:colcon.colcon_core.environment:checking '/home/orangepi/ros2_ws/install/realsense2_camera/lib/python3.10/site-packages'
[2.944s] Level 1:colcon.colcon_core.environment:checking '/home/orangepi/ros2_ws/install/realsense2_camera/bin'
[2.944s] INFO:colcon.colcon_core.shell:Creating package script '/home/orangepi/ros2_ws/install/realsense2_camera/share/realsense2_camera/package.ps1'
[2.945s] INFO:colcon.colcon_core.shell:Creating package descriptor '/home/orangepi/ros2_ws/install/realsense2_camera/share/realsense2_camera/package.dsv'
[2.946s] INFO:colcon.colcon_core.shell:Creating package script '/home/orangepi/ros2_ws/install/realsense2_camera/share/realsense2_camera/package.sh'
[2.947s] INFO:colcon.colcon_core.shell:Creating package script '/home/orangepi/ros2_ws/install/realsense2_camera/share/realsense2_camera/package.bash'
[2.948s] INFO:colcon.colcon_core.shell:Creating package script '/home/orangepi/ros2_ws/install/realsense2_camera/share/realsense2_camera/package.zsh'
[2.949s] Level 1:colcon.colcon_core.environment:create_file_with_runtime_dependencies(/home/orangepi/ros2_ws/install/realsense2_camera/share/colcon-core/packages/realsense2_camera)
[2.950s] INFO:colcon.colcon_ros.task.ament_cmake.build:Building ROS package in '/home/orangepi/ros2_ws/src/drone_bringup' with build type 'ament_cmake'
[2.950s] INFO:colcon.colcon_cmake.task.cmake.build:Building CMake package in '/home/orangepi/ros2_ws/src/drone_bringup'
[2.954s] INFO:colcon.colcon_core.shell:Skip shell extension 'powershell' for command environment: Not usable outside of PowerShell
[2.959s] DEBUG:colcon.colcon_core.shell:Skip shell extension 'dsv' for command environment
[2.997s] Level 1:colcon.colcon_core.shell:create_environment_hook('drone_utilities', 'pythonpath_develop')
[2.998s] DEBUG:colcon.colcon_core.event_handler.log_command:Invoked command in '/home/orangepi/ros2_ws/build/drone_utilities' returned '0': PYTHONPATH=/home/orangepi/ros2_ws/build/drone_utilities/prefix_override:/usr/lib/python3/dist-packages/colcon_core/task/python/colcon_distutils_commands:/home/orangepi/ros2_ws/install/drone_utilities/lib/python3.10/site-packages:${PYTHONPATH} /usr/bin/python3 -W ignore:setup.py install is deprecated -W ignore:easy_install command is deprecated setup.py develop --editable --build-directory /home/orangepi/ros2_ws/build/drone_utilities/build --no-deps symlink_data
[2.998s] INFO:colcon.colcon_core.shell:Creating environment hook '/home/orangepi/ros2_ws/build/drone_utilities/share/drone_utilities/hook/pythonpath_develop.ps1'
[2.999s] INFO:colcon.colcon_core.shell:Creating environment descriptor '/home/orangepi/ros2_ws/build/drone_utilities/share/drone_utilities/hook/pythonpath_develop.dsv'
[3.000s] INFO:colcon.colcon_core.shell:Creating environment hook '/home/orangepi/ros2_ws/build/drone_utilities/share/drone_utilities/hook/pythonpath_develop.sh'
[3.001s] Level 1:colcon.colcon_core.environment:checking '/home/orangepi/ros2_ws/install/drone_utilities' for CMake module files
[3.002s] Level 1:colcon.colcon_core.environment:checking '/home/orangepi/ros2_ws/install/drone_utilities' for CMake config files
[3.003s] Level 1:colcon.colcon_core.environment:checking '/home/orangepi/ros2_ws/install/drone_utilities/lib'
[3.003s] Level 1:colcon.colcon_core.environment:checking '/home/orangepi/ros2_ws/install/drone_utilities/bin'
[3.003s] Level 1:colcon.colcon_core.environment:checking '/home/orangepi/ros2_ws/install/drone_utilities/lib/pkgconfig/drone_utilities.pc'
[3.004s] Level 1:colcon.colcon_core.environment:checking '/home/orangepi/ros2_ws/install/drone_utilities/lib/python3.10/site-packages'
[3.004s] Level 1:colcon.colcon_core.shell:create_environment_hook('drone_utilities', 'pythonpath')
[3.004s] INFO:colcon.colcon_core.shell:Creating environment hook '/home/orangepi/ros2_ws/install/drone_utilities/share/drone_utilities/hook/pythonpath.ps1'
[3.005s] INFO:colcon.colcon_core.shell:Creating environment descriptor '/home/orangepi/ros2_ws/install/drone_utilities/share/drone_utilities/hook/pythonpath.dsv'
[3.006s] INFO:colcon.colcon_core.shell:Creating environment hook '/home/orangepi/ros2_ws/install/drone_utilities/share/drone_utilities/hook/pythonpath.sh'
[3.006s] Level 1:colcon.colcon_core.environment:checking '/home/orangepi/ros2_ws/install/drone_utilities/bin'
[3.007s] Level 1:colcon.colcon_core.environment:create_environment_scripts_only(drone_utilities)
[3.007s] INFO:colcon.colcon_core.shell:Creating package script '/home/orangepi/ros2_ws/install/drone_utilities/share/drone_utilities/package.ps1'
[3.008s] INFO:colcon.colcon_core.shell:Creating package descriptor '/home/orangepi/ros2_ws/install/drone_utilities/share/drone_utilities/package.dsv'
[3.009s] INFO:colcon.colcon_core.shell:Creating package script '/home/orangepi/ros2_ws/install/drone_utilities/share/drone_utilities/package.sh'
[3.009s] INFO:colcon.colcon_core.shell:Creating package script '/home/orangepi/ros2_ws/install/drone_utilities/share/drone_utilities/package.bash'
[3.010s] INFO:colcon.colcon_core.shell:Creating package script '/home/orangepi/ros2_ws/install/drone_utilities/share/drone_utilities/package.zsh'
[3.011s] Level 1:colcon.colcon_core.environment:create_file_with_runtime_dependencies(/home/orangepi/ros2_ws/install/drone_utilities/share/colcon-core/packages/drone_utilities)
[3.025s] DEBUG:colcon.colcon_core.event_handler.log_command:Invoking command in '/home/orangepi/ros2_ws/build/drone_bringup': CMAKE_PREFIX_PATH=/home/orangepi/ros2_ws/install/realsense2_camera:/home/orangepi/ros2_ws/install/realsense2_camera_msgs:/home/orangepi/mavros_ws/install/mavros_extras:/home/orangepi/mavros_ws/install/mavros:/home/orangepi/mavros_ws/install/mavros_msgs:/home/orangepi/mavros_ws/install/libmavconn:/home/orangepi/ros2_ws/install/realsense2_description:/home/orangepi/ros2_ws/install/drone_bringup:/home/orangepi/ros2_ws/install/drone_description:/opt/ros/humble LD_LIBRARY_PATH=/home/orangepi/ros2_ws/install/realsense2_camera/lib:/home/orangepi/ros2_ws/install/realsense2_camera_msgs/lib:/home/orangepi/mavros_ws/install/mavros_extras/lib:/home/orangepi/mavros_ws/install/mavros/lib:/home/orangepi/mavros_ws/install/mavros_msgs/lib:/home/orangepi/mavros_ws/install/libmavconn/lib:/opt/ros/humble/opt/rviz_ogre_vendor/lib:/opt/ros/humble/lib/aarch64-linux-gnu:/opt/ros/humble/lib /usr/bin/cmake --build /home/orangepi/ros2_ws/build/drone_bringup -- -j8 -l8
[3.164s] DEBUG:colcon.colcon_core.event_handler.log_command:Invoked command in '/home/orangepi/ros2_ws/build/drone_bringup' returned '0': CMAKE_PREFIX_PATH=/home/orangepi/ros2_ws/install/realsense2_camera:/home/orangepi/ros2_ws/install/realsense2_camera_msgs:/home/orangepi/mavros_ws/install/mavros_extras:/home/orangepi/mavros_ws/install/mavros:/home/orangepi/mavros_ws/install/mavros_msgs:/home/orangepi/mavros_ws/install/libmavconn:/home/orangepi/ros2_ws/install/realsense2_description:/home/orangepi/ros2_ws/install/drone_bringup:/home/orangepi/ros2_ws/install/drone_description:/opt/ros/humble LD_LIBRARY_PATH=/home/orangepi/ros2_ws/install/realsense2_camera/lib:/home/orangepi/ros2_ws/install/realsense2_camera_msgs/lib:/home/orangepi/mavros_ws/install/mavros_extras/lib:/home/orangepi/mavros_ws/install/mavros/lib:/home/orangepi/mavros_ws/install/mavros_msgs/lib:/home/orangepi/mavros_ws/install/libmavconn/lib:/opt/ros/humble/opt/rviz_ogre_vendor/lib:/opt/ros/humble/lib/aarch64-linux-gnu:/opt/ros/humble/lib /usr/bin/cmake --build /home/orangepi/ros2_ws/build/drone_bringup -- -j8 -l8
[3.172s] DEBUG:colcon.colcon_core.event_handler.log_command:Invoking command in '/home/orangepi/ros2_ws/build/drone_bringup': CMAKE_PREFIX_PATH=/home/orangepi/ros2_ws/install/realsense2_camera:/home/orangepi/ros2_ws/install/realsense2_camera_msgs:/home/orangepi/mavros_ws/install/mavros_extras:/home/orangepi/mavros_ws/install/mavros:/home/orangepi/mavros_ws/install/mavros_msgs:/home/orangepi/mavros_ws/install/libmavconn:/home/orangepi/ros2_ws/install/realsense2_description:/home/orangepi/ros2_ws/install/drone_bringup:/home/orangepi/ros2_ws/install/drone_description:/opt/ros/humble LD_LIBRARY_PATH=/home/orangepi/ros2_ws/install/realsense2_camera/lib:/home/orangepi/ros2_ws/install/realsense2_camera_msgs/lib:/home/orangepi/mavros_ws/install/mavros_extras/lib:/home/orangepi/mavros_ws/install/mavros/lib:/home/orangepi/mavros_ws/install/mavros_msgs/lib:/home/orangepi/mavros_ws/install/libmavconn/lib:/opt/ros/humble/opt/rviz_ogre_vendor/lib:/opt/ros/humble/lib/aarch64-linux-gnu:/opt/ros/humble/lib /usr/bin/cmake --install /home/orangepi/ros2_ws/build/drone_bringup
[3.292s] Level 1:colcon.colcon_core.environment:create_environment_scripts_only(drone_bringup)
[3.294s] Level 1:colcon.colcon_core.environment:checking '/home/orangepi/ros2_ws/install/drone_bringup' for CMake module files
[3.297s] DEBUG:colcon.colcon_core.event_handler.log_command:Invoked command in '/home/orangepi/ros2_ws/build/drone_bringup' returned '0': CMAKE_PREFIX_PATH=/home/orangepi/ros2_ws/install/realsense2_camera:/home/orangepi/ros2_ws/install/realsense2_camera_msgs:/home/orangepi/mavros_ws/install/mavros_extras:/home/orangepi/mavros_ws/install/mavros:/home/orangepi/mavros_ws/install/mavros_msgs:/home/orangepi/mavros_ws/install/libmavconn:/home/orangepi/ros2_ws/install/realsense2_description:/home/orangepi/ros2_ws/install/drone_bringup:/home/orangepi/ros2_ws/install/drone_description:/opt/ros/humble LD_LIBRARY_PATH=/home/orangepi/ros2_ws/install/realsense2_camera/lib:/home/orangepi/ros2_ws/install/realsense2_camera_msgs/lib:/home/orangepi/mavros_ws/install/mavros_extras/lib:/home/orangepi/mavros_ws/install/mavros/lib:/home/orangepi/mavros_ws/install/mavros_msgs/lib:/home/orangepi/mavros_ws/install/libmavconn/lib:/opt/ros/humble/opt/rviz_ogre_vendor/lib:/opt/ros/humble/lib/aarch64-linux-gnu:/opt/ros/humble/lib /usr/bin/cmake --install /home/orangepi/ros2_ws/build/drone_bringup
[3.299s] Level 1:colcon.colcon_core.environment:checking '/home/orangepi/ros2_ws/install/drone_bringup' for CMake config files
[3.301s] Level 1:colcon.colcon_core.shell:create_environment_hook('drone_bringup', 'cmake_prefix_path')
[3.303s] INFO:colcon.colcon_core.shell:Creating environment hook '/home/orangepi/ros2_ws/install/drone_bringup/share/drone_bringup/hook/cmake_prefix_path.ps1'
[3.306s] INFO:colcon.colcon_core.shell:Creating environment descriptor '/home/orangepi/ros2_ws/install/drone_bringup/share/drone_bringup/hook/cmake_prefix_path.dsv'
[3.309s] INFO:colcon.colcon_core.shell:Creating environment hook '/home/orangepi/ros2_ws/install/drone_bringup/share/drone_bringup/hook/cmake_prefix_path.sh'
[3.312s] Level 1:colcon.colcon_core.environment:checking '/home/orangepi/ros2_ws/install/drone_bringup/bin'
[3.313s] Level 1:colcon.colcon_core.environment:checking '/home/orangepi/ros2_ws/install/drone_bringup/lib/pkgconfig/drone_bringup.pc'
[3.315s] Level 1:colcon.colcon_core.environment:checking '/home/orangepi/ros2_ws/install/drone_bringup/lib/python3.10/site-packages'
[3.316s] Level 1:colcon.colcon_core.environment:checking '/home/orangepi/ros2_ws/install/drone_bringup/bin'
[3.318s] INFO:colcon.colcon_core.shell:Creating package script '/home/orangepi/ros2_ws/install/drone_bringup/share/drone_bringup/package.ps1'
[3.321s] INFO:colcon.colcon_core.shell:Creating package descriptor '/home/orangepi/ros2_ws/install/drone_bringup/share/drone_bringup/package.dsv'
[3.324s] INFO:colcon.colcon_core.shell:Creating package script '/home/orangepi/ros2_ws/install/drone_bringup/share/drone_bringup/package.sh'
[3.328s] INFO:colcon.colcon_core.shell:Creating package script '/home/orangepi/ros2_ws/install/drone_bringup/share/drone_bringup/package.bash'
[3.332s] INFO:colcon.colcon_core.shell:Creating package script '/home/orangepi/ros2_ws/install/drone_bringup/share/drone_bringup/package.zsh'
[3.335s] Level 1:colcon.colcon_core.environment:create_file_with_runtime_dependencies(/home/orangepi/ros2_ws/install/drone_bringup/share/colcon-core/packages/drone_bringup)
[3.339s] Level 1:colcon.colcon_core.environment:create_environment_scripts_only(drone_bringup)
[3.340s] Level 1:colcon.colcon_core.environment:checking '/home/orangepi/ros2_ws/install/drone_bringup' for CMake module files
[3.344s] Level 1:colcon.colcon_core.environment:checking '/home/orangepi/ros2_ws/install/drone_bringup' for CMake config files
[3.347s] Level 1:colcon.colcon_core.shell:create_environment_hook('drone_bringup', 'cmake_prefix_path')
[3.349s] INFO:colcon.colcon_core.shell:Creating environment hook '/home/orangepi/ros2_ws/install/drone_bringup/share/drone_bringup/hook/cmake_prefix_path.ps1'
[3.352s] INFO:colcon.colcon_core.shell:Creating environment descriptor '/home/orangepi/ros2_ws/install/drone_bringup/share/drone_bringup/hook/cmake_prefix_path.dsv'
[3.355s] INFO:colcon.colcon_core.shell:Creating environment hook '/home/orangepi/ros2_ws/install/drone_bringup/share/drone_bringup/hook/cmake_prefix_path.sh'
[3.358s] Level 1:colcon.colcon_core.environment:checking '/home/orangepi/ros2_ws/install/drone_bringup/bin'
[3.359s] Level 1:colcon.colcon_core.environment:checking '/home/orangepi/ros2_ws/install/drone_bringup/lib/pkgconfig/drone_bringup.pc'
[3.360s] Level 1:colcon.colcon_core.environment:checking '/home/orangepi/ros2_ws/install/drone_bringup/lib/python3.10/site-packages'
[3.361s] Level 1:colcon.colcon_core.environment:checking '/home/orangepi/ros2_ws/install/drone_bringup/bin'
[3.363s] INFO:colcon.colcon_core.shell:Creating package script '/home/orangepi/ros2_ws/install/drone_bringup/share/drone_bringup/package.ps1'
[3.366s] INFO:colcon.colcon_core.shell:Creating package descriptor '/home/orangepi/ros2_ws/install/drone_bringup/share/drone_bringup/package.dsv'
[3.369s] INFO:colcon.colcon_core.shell:Creating package script '/home/orangepi/ros2_ws/install/drone_bringup/share/drone_bringup/package.sh'
[3.371s] INFO:colcon.colcon_core.shell:Creating package script '/home/orangepi/ros2_ws/install/drone_bringup/share/drone_bringup/package.bash'
[3.373s] INFO:colcon.colcon_core.shell:Creating package script '/home/orangepi/ros2_ws/install/drone_bringup/share/drone_bringup/package.zsh'
[3.375s] Level 1:colcon.colcon_core.environment:create_file_with_runtime_dependencies(/home/orangepi/ros2_ws/install/drone_bringup/share/colcon-core/packages/drone_bringup)
[3.376s] DEBUG:colcon.colcon_parallel_executor.executor.parallel:closing loop
[3.378s] DEBUG:colcon.colcon_parallel_executor.executor.parallel:loop closed
[3.378s] DEBUG:colcon.colcon_parallel_executor.executor.parallel:run_until_complete finished with '0'
[3.379s] DEBUG:colcon.colcon_core.event_reactor:joining thread
[3.413s] INFO:colcon.colcon_core.plugin_system:Skipping extension 'colcon_notification.desktop_notification.terminal_notifier': Not used on non-Darwin systems
[3.414s] INFO:colcon.colcon_core.plugin_system:Skipping extension 'colcon_notification.desktop_notification.win32': Not used on non-Windows systems
[3.414s] INFO:colcon.colcon_notification.desktop_notification:Sending desktop notification using 'notify2'
[3.482s] DEBUG:colcon.colcon_core.event_reactor:joined thread
[3.482s] INFO:colcon.colcon_core.shell:Creating prefix script '/home/orangepi/ros2_ws/install/local_setup.ps1'
[3.485s] INFO:colcon.colcon_core.shell:Creating prefix util module '/home/orangepi/ros2_ws/install/_local_setup_util_ps1.py'
[3.490s] INFO:colcon.colcon_core.shell:Creating prefix chain script '/home/orangepi/ros2_ws/install/setup.ps1'
[3.494s] INFO:colcon.colcon_core.shell:Creating prefix script '/home/orangepi/ros2_ws/install/local_setup.sh'
[3.496s] INFO:colcon.colcon_core.shell:Creating prefix util module '/home/orangepi/ros2_ws/install/_local_setup_util_sh.py'
[3.497s] INFO:colcon.colcon_core.shell:Creating prefix chain script '/home/orangepi/ros2_ws/install/setup.sh'
[3.500s] INFO:colcon.colcon_core.shell:Creating prefix script '/home/orangepi/ros2_ws/install/local_setup.bash'
[3.503s] INFO:colcon.colcon_core.shell:Creating prefix chain script '/home/orangepi/ros2_ws/install/setup.bash'
[3.506s] INFO:colcon.colcon_core.shell:Creating prefix script '/home/orangepi/ros2_ws/install/local_setup.zsh'
[3.510s] INFO:colcon.colcon_core.shell:Creating prefix chain script '/home/orangepi/ros2_ws/install/setup.zsh'
